<?xml version="1.0" encoding="UTF-8"?>
<testsuite name="ro.vovinam.logic.repository.UserRepositoryTest" tests="1" skipped="0" failures="0" errors="0" timestamp="2016-11-02T20:43:21" hostname="IS130019" time="0.076">
  <properties/>
  <testcase name="testSave" classname="ro.vovinam.logic.repository.UserRepositoryTest" time="0.076"/>
  <system-out><![CDATA[22:43:19.074 [Test worker] DEBUG org.springframework.test.context.junit4.SpringJUnit4ClassRunner - SpringJUnit4ClassRunner constructor called with [class ro.vovinam.logic.repository.UserRepositoryTest]
22:43:19.080 [Test worker] DEBUG org.springframework.test.context.BootstrapUtils - Instantiating CacheAwareContextLoaderDelegate from class [org.springframework.test.context.cache.DefaultCacheAwareContextLoaderDelegate]
22:43:19.088 [Test worker] DEBUG org.springframework.test.context.BootstrapUtils - Instantiating BootstrapContext using constructor [public org.springframework.test.context.support.DefaultBootstrapContext(java.lang.Class,org.springframework.test.context.CacheAwareContextLoaderDelegate)]
22:43:19.097 [Test worker] DEBUG org.springframework.test.context.BootstrapUtils - Instantiating TestContextBootstrapper for test class [ro.vovinam.logic.repository.UserRepositoryTest] from class [org.springframework.test.context.support.DefaultTestContextBootstrapper]
22:43:19.132 [Test worker] DEBUG org.springframework.test.context.support.AbstractDelegatingSmartContextLoader - Delegating to AnnotationConfigContextLoader to process context configuration [ContextConfigurationAttributes@56b214f8 declaringClass = 'ro.vovinam.logic.repository.UserRepositoryTest', classes = '{class ro.vovinam.logic.StorageConfig}', locations = '{}', inheritLocations = true, initializers = '{}', inheritInitializers = true, name = [null], contextLoaderClass = 'org.springframework.test.context.ContextLoader'].
22:43:19.155 [Test worker] DEBUG org.springframework.test.context.support.ActiveProfilesUtils - Could not find an 'annotation declaring class' for annotation type [org.springframework.test.context.ActiveProfiles] and class [ro.vovinam.logic.repository.UserRepositoryTest]
22:43:19.156 [Test worker] DEBUG org.springframework.test.context.support.DefaultTestContextBootstrapper - @TestExecutionListeners is not present for class [ro.vovinam.logic.repository.UserRepositoryTest]: using defaults.
22:43:19.162 [Test worker] INFO org.springframework.test.context.support.DefaultTestContextBootstrapper - Loaded default TestExecutionListener class names from location [META-INF/spring.factories]: [org.springframework.test.context.web.ServletTestExecutionListener, org.springframework.test.context.support.DirtiesContextBeforeModesTestExecutionListener, org.springframework.test.context.support.DependencyInjectionTestExecutionListener, org.springframework.test.context.support.DirtiesContextTestExecutionListener, org.springframework.test.context.transaction.TransactionalTestExecutionListener, org.springframework.test.context.jdbc.SqlScriptsTestExecutionListener]
22:43:19.169 [Test worker] INFO org.springframework.test.context.support.DefaultTestContextBootstrapper - Could not instantiate TestExecutionListener [org.springframework.test.context.web.ServletTestExecutionListener]. Specify custom listener classes or make the default listener classes (and their required dependencies) available. Offending class: [javax/servlet/ServletContext]
22:43:19.179 [Test worker] INFO org.springframework.test.context.support.DefaultTestContextBootstrapper - Using TestExecutionListeners: [org.springframework.test.context.support.DirtiesContextBeforeModesTestExecutionListener@7af76ce2, org.springframework.test.context.support.DependencyInjectionTestExecutionListener@39e1619e, org.springframework.test.context.support.DirtiesContextTestExecutionListener@1522419d, org.springframework.test.context.transaction.TransactionalTestExecutionListener@26019d96, org.springframework.test.context.jdbc.SqlScriptsTestExecutionListener@675065c8]
22:43:19.182 [Test worker] DEBUG org.springframework.test.annotation.ProfileValueUtils - Retrieved @ProfileValueSourceConfiguration [null] for test class [ro.vovinam.logic.repository.UserRepositoryTest]
22:43:19.183 [Test worker] DEBUG org.springframework.test.annotation.ProfileValueUtils - Retrieved ProfileValueSource type [class org.springframework.test.annotation.SystemProfileValueSource] for class [ro.vovinam.logic.repository.UserRepositoryTest]
22:43:19.184 [Test worker] DEBUG org.springframework.test.annotation.ProfileValueUtils - Retrieved @ProfileValueSourceConfiguration [null] for test class [ro.vovinam.logic.repository.UserRepositoryTest]
22:43:19.184 [Test worker] DEBUG org.springframework.test.annotation.ProfileValueUtils - Retrieved ProfileValueSource type [class org.springframework.test.annotation.SystemProfileValueSource] for class [ro.vovinam.logic.repository.UserRepositoryTest]
22:43:19.187 [Test worker] DEBUG org.springframework.test.context.support.AbstractDirtiesContextTestExecutionListener - Before test class: context [DefaultTestContext@65e33557 testClass = UserRepositoryTest, testInstance = [null], testMethod = [null], testException = [null], mergedContextConfiguration = [MergedContextConfiguration@44d47a4 testClass = UserRepositoryTest, locations = '{}', classes = '{class ro.vovinam.logic.StorageConfig}', contextInitializerClasses = '[]', activeProfiles = '{}', propertySourceLocations = '{classpath:test.properties}', propertySourceProperties = '{}', contextCustomizers = set[[empty]], contextLoader = 'org.springframework.test.context.support.DelegatingSmartContextLoader', parent = [null]]], class annotated with @DirtiesContext [false] with mode [null].
22:43:19.187 [Test worker] DEBUG org.springframework.test.annotation.ProfileValueUtils - Retrieved @ProfileValueSourceConfiguration [null] for test class [ro.vovinam.logic.repository.UserRepositoryTest]
22:43:19.187 [Test worker] DEBUG org.springframework.test.annotation.ProfileValueUtils - Retrieved ProfileValueSource type [class org.springframework.test.annotation.SystemProfileValueSource] for class [ro.vovinam.logic.repository.UserRepositoryTest]
22:43:19.189 [Test worker] DEBUG org.springframework.test.context.support.DependencyInjectionTestExecutionListener - Performing dependency injection for test context [[DefaultTestContext@65e33557 testClass = UserRepositoryTest, testInstance = ro.vovinam.logic.repository.UserRepositoryTest@282d498e, testMethod = [null], testException = [null], mergedContextConfiguration = [MergedContextConfiguration@44d47a4 testClass = UserRepositoryTest, locations = '{}', classes = '{class ro.vovinam.logic.StorageConfig}', contextInitializerClasses = '[]', activeProfiles = '{}', propertySourceLocations = '{classpath:test.properties}', propertySourceProperties = '{}', contextCustomizers = set[[empty]], contextLoader = 'org.springframework.test.context.support.DelegatingSmartContextLoader', parent = [null]]]].
22:43:19.189 [Test worker] DEBUG org.springframework.test.context.support.AbstractDelegatingSmartContextLoader - Delegating to AnnotationConfigContextLoader to load context from [MergedContextConfiguration@44d47a4 testClass = UserRepositoryTest, locations = '{}', classes = '{class ro.vovinam.logic.StorageConfig}', contextInitializerClasses = '[]', activeProfiles = '{}', propertySourceLocations = '{classpath:test.properties}', propertySourceProperties = '{}', contextCustomizers = set[[empty]], contextLoader = 'org.springframework.test.context.support.DelegatingSmartContextLoader', parent = [null]].
22:43:19.189 [Test worker] DEBUG org.springframework.test.context.support.AbstractGenericContextLoader - Loading ApplicationContext for merged context configuration [[MergedContextConfiguration@44d47a4 testClass = UserRepositoryTest, locations = '{}', classes = '{class ro.vovinam.logic.StorageConfig}', contextInitializerClasses = '[]', activeProfiles = '{}', propertySourceLocations = '{classpath:test.properties}', propertySourceProperties = '{}', contextCustomizers = set[[empty]], contextLoader = 'org.springframework.test.context.support.DelegatingSmartContextLoader', parent = [null]]].
22:43:19.272 [Test worker] DEBUG org.springframework.core.env.StandardEnvironment - Adding [systemProperties] PropertySource with lowest search precedence
22:43:19.273 [Test worker] DEBUG org.springframework.core.env.StandardEnvironment - Adding [systemEnvironment] PropertySource with lowest search precedence
22:43:19.273 [Test worker] DEBUG org.springframework.core.env.StandardEnvironment - Initialized StandardEnvironment with PropertySources [systemProperties,systemEnvironment]
22:43:19.277 [Test worker] DEBUG org.springframework.core.env.StandardEnvironment - Adding [class path resource [test.properties]] PropertySource with highest search precedence
22:43:19.277 [Test worker] DEBUG org.springframework.test.context.support.AnnotationConfigContextLoader - Registering annotated classes: {class ro.vovinam.logic.StorageConfig}
22:43:19.343 [Test worker] INFO org.springframework.context.support.GenericApplicationContext - Refreshing org.springframework.context.support.GenericApplicationContext@19c2ef16: startup date [Wed Nov 02 22:43:19 EET 2016]; root of context hierarchy
22:43:19.343 [Test worker] DEBUG org.springframework.context.support.GenericApplicationContext - Bean factory for org.springframework.context.support.GenericApplicationContext@19c2ef16: org.springframework.beans.factory.support.DefaultListableBeanFactory@47f36ac8: defining beans [org.springframework.context.annotation.internalConfigurationAnnotationProcessor,org.springframework.context.annotation.internalAutowiredAnnotationProcessor,org.springframework.context.annotation.internalRequiredAnnotationProcessor,org.springframework.context.annotation.internalCommonAnnotationProcessor,org.springframework.context.annotation.internalPersistenceAnnotationProcessor,org.springframework.context.event.internalEventListenerProcessor,org.springframework.context.event.internalEventListenerFactory,storageConfig]; root of factory hierarchy
22:43:19.358 [Test worker] DEBUG org.springframework.beans.factory.support.DefaultListableBeanFactory - Creating shared instance of singleton bean 'org.springframework.context.annotation.internalConfigurationAnnotationProcessor'
22:43:19.359 [Test worker] DEBUG org.springframework.beans.factory.support.DefaultListableBeanFactory - Creating instance of bean 'org.springframework.context.annotation.internalConfigurationAnnotationProcessor'
22:43:19.375 [Test worker] DEBUG org.springframework.beans.factory.support.DefaultListableBeanFactory - Eagerly caching bean 'org.springframework.context.annotation.internalConfigurationAnnotationProcessor' to allow for resolving potential circular references
22:43:19.377 [Test worker] DEBUG org.springframework.beans.factory.support.DefaultListableBeanFactory - Finished creating instance of bean 'org.springframework.context.annotation.internalConfigurationAnnotationProcessor'
22:43:19.403 [Test worker] DEBUG org.springframework.core.env.StandardEnvironment - Adding [class path resource [storage.properties]] PropertySource with lowest search precedence
22:43:19.407 [Test worker] DEBUG org.springframework.core.env.StandardEnvironment - Adding [systemProperties] PropertySource with lowest search precedence
22:43:19.407 [Test worker] DEBUG org.springframework.core.env.StandardEnvironment - Adding [systemEnvironment] PropertySource with lowest search precedence
22:43:19.407 [Test worker] DEBUG org.springframework.core.env.StandardEnvironment - Initialized StandardEnvironment with PropertySources [systemProperties,systemEnvironment]
22:43:19.410 [Test worker] DEBUG org.springframework.context.annotation.ClassPathBeanDefinitionScanner - JSR-330 'javax.inject.Named' annotation found and supported for component scanning
22:43:19.412 [Test worker] DEBUG org.springframework.core.io.support.PathMatchingResourcePatternResolver - Resolved classpath location [ro/vovinam/logic/] to resources [URL [file:/C:/WORK/Projects/vovinam/vovinam-logic/build/classes/test/ro/vovinam/logic/], URL [file:/C:/WORK/Projects/vovinam/vovinam-logic/build/classes/main/ro/vovinam/logic/]]
22:43:19.413 [Test worker] DEBUG org.springframework.core.io.support.PathMatchingResourcePatternResolver - Looking for matching resources in directory tree [C:\WORK\Projects\vovinam\vovinam-logic\build\classes\test\ro\vovinam\logic]
22:43:19.413 [Test worker] DEBUG org.springframework.core.io.support.PathMatchingResourcePatternResolver - Searching directory [C:\WORK\Projects\vovinam\vovinam-logic\build\classes\test\ro\vovinam\logic] for files matching pattern [C:/WORK/Projects/vovinam/vovinam-logic/build/classes/test/ro/vovinam/logic/**/*.class]
22:43:19.415 [Test worker] DEBUG org.springframework.core.io.support.PathMatchingResourcePatternResolver - Searching directory [C:\WORK\Projects\vovinam\vovinam-logic\build\classes\test\ro\vovinam\logic\repository] for files matching pattern [C:/WORK/Projects/vovinam/vovinam-logic/build/classes/test/ro/vovinam/logic/**/*.class]
22:43:19.417 [Test worker] DEBUG org.springframework.core.io.support.PathMatchingResourcePatternResolver - Looking for matching resources in directory tree [C:\WORK\Projects\vovinam\vovinam-logic\build\classes\main\ro\vovinam\logic]
22:43:19.417 [Test worker] DEBUG org.springframework.core.io.support.PathMatchingResourcePatternResolver - Searching directory [C:\WORK\Projects\vovinam\vovinam-logic\build\classes\main\ro\vovinam\logic] for files matching pattern [C:/WORK/Projects/vovinam/vovinam-logic/build/classes/main/ro/vovinam/logic/**/*.class]
22:43:19.418 [Test worker] DEBUG org.springframework.core.io.support.PathMatchingResourcePatternResolver - Searching directory [C:\WORK\Projects\vovinam\vovinam-logic\build\classes\main\ro\vovinam\logic\model] for files matching pattern [C:/WORK/Projects/vovinam/vovinam-logic/build/classes/main/ro/vovinam/logic/**/*.class]
22:43:19.418 [Test worker] DEBUG org.springframework.core.io.support.PathMatchingResourcePatternResolver - Searching directory [C:\WORK\Projects\vovinam\vovinam-logic\build\classes\main\ro\vovinam\logic\model\user] for files matching pattern [C:/WORK/Projects/vovinam/vovinam-logic/build/classes/main/ro/vovinam/logic/**/*.class]
22:43:19.419 [Test worker] DEBUG org.springframework.core.io.support.PathMatchingResourcePatternResolver - Searching directory [C:\WORK\Projects\vovinam\vovinam-logic\build\classes\main\ro\vovinam\logic\repository] for files matching pattern [C:/WORK/Projects/vovinam/vovinam-logic/build/classes/main/ro/vovinam/logic/**/*.class]
22:43:19.420 [Test worker] DEBUG org.springframework.core.io.support.PathMatchingResourcePatternResolver - Searching directory [C:\WORK\Projects\vovinam\vovinam-logic\build\classes\main\ro\vovinam\logic\service] for files matching pattern [C:/WORK/Projects/vovinam/vovinam-logic/build/classes/main/ro/vovinam/logic/**/*.class]
22:43:19.420 [Test worker] DEBUG org.springframework.core.io.support.PathMatchingResourcePatternResolver - Searching directory [C:\WORK\Projects\vovinam\vovinam-logic\build\classes\main\ro\vovinam\logic\service\impl] for files matching pattern [C:/WORK/Projects/vovinam/vovinam-logic/build/classes/main/ro/vovinam/logic/**/*.class]
22:43:19.421 [Test worker] DEBUG org.springframework.core.io.support.PathMatchingResourcePatternResolver - Resolved location pattern [classpath*:ro/vovinam/logic/**/*.class] to resources [file [C:\WORK\Projects\vovinam\vovinam-logic\build\classes\test\ro\vovinam\logic\repository\MappingTest.class], file [C:\WORK\Projects\vovinam\vovinam-logic\build\classes\test\ro\vovinam\logic\repository\UserRepositoryTest.class], file [C:\WORK\Projects\vovinam\vovinam-logic\build\classes\main\ro\vovinam\logic\CommonSettingsConfig$DefaultConfiguration.class], file [C:\WORK\Projects\vovinam\vovinam-logic\build\classes\main\ro\vovinam\logic\CommonSettingsConfig$ProductionConfiguration.class], file [C:\WORK\Projects\vovinam\vovinam-logic\build\classes\main\ro\vovinam\logic\CommonSettingsConfig.class], file [C:\WORK\Projects\vovinam\vovinam-logic\build\classes\main\ro\vovinam\logic\model\BaseEntity.class], file [C:\WORK\Projects\vovinam\vovinam-logic\build\classes\main\ro\vovinam\logic\model\user\Level.class], file [C:\WORK\Projects\vovinam\vovinam-logic\build\classes\main\ro\vovinam\logic\model\user\User.class], file [C:\WORK\Projects\vovinam\vovinam-logic\build\classes\main\ro\vovinam\logic\repository\UserRepository.class], file [C:\WORK\Projects\vovinam\vovinam-logic\build\classes\main\ro\vovinam\logic\service\impl\UserServiceImpl.class], file [C:\WORK\Projects\vovinam\vovinam-logic\build\classes\main\ro\vovinam\logic\service\UserService.class], file [C:\WORK\Projects\vovinam\vovinam-logic\build\classes\main\ro\vovinam\logic\StorageConfig.class]]
22:43:19.441 [Test worker] DEBUG org.springframework.core.env.PropertySourcesPropertyResolver - Could not find key 'spring.profiles.active' in any property source
22:43:19.441 [Test worker] DEBUG org.springframework.core.env.PropertySourcesPropertyResolver - Could not find key 'spring.profiles.default' in any property source
22:43:19.441 [Test worker] DEBUG org.springframework.context.annotation.ClassPathBeanDefinitionScanner - Identified candidate component class: file [C:\WORK\Projects\vovinam\vovinam-logic\build\classes\main\ro\vovinam\logic\CommonSettingsConfig$DefaultConfiguration.class]
22:43:19.442 [Test worker] DEBUG org.springframework.core.env.PropertySourcesPropertyResolver - Could not find key 'spring.profiles.active' in any property source
22:43:19.442 [Test worker] DEBUG org.springframework.core.env.PropertySourcesPropertyResolver - Could not find key 'spring.profiles.default' in any property source
22:43:19.443 [Test worker] DEBUG org.springframework.context.annotation.ClassPathBeanDefinitionScanner - Identified candidate component class: file [C:\WORK\Projects\vovinam\vovinam-logic\build\classes\main\ro\vovinam\logic\CommonSettingsConfig.class]
22:43:19.451 [Test worker] DEBUG org.springframework.context.annotation.ClassPathBeanDefinitionScanner - Ignored because not a concrete top-level class: file [C:\WORK\Projects\vovinam\vovinam-logic\build\classes\main\ro\vovinam\logic\repository\UserRepository.class]
22:43:19.452 [Test worker] DEBUG org.springframework.context.annotation.ClassPathBeanDefinitionScanner - Identified candidate component class: file [C:\WORK\Projects\vovinam\vovinam-logic\build\classes\main\ro\vovinam\logic\service\impl\UserServiceImpl.class]
22:43:19.456 [Test worker] DEBUG org.springframework.core.env.PropertySourcesPropertyResolver - Could not find key 'spring.profiles.active' in any property source
22:43:19.456 [Test worker] DEBUG org.springframework.core.env.PropertySourcesPropertyResolver - Could not find key 'spring.profiles.default' in any property source
22:43:19.457 [Test worker] DEBUG org.springframework.core.env.StandardEnvironment - Replacing [class path resource [storage.properties]] PropertySource with [class path resource [storage.properties]]
22:43:19.464 [Test worker] DEBUG org.springframework.core.env.PropertySourcesPropertyResolver - Could not find key 'spring.profiles.active' in any property source
22:43:19.464 [Test worker] DEBUG org.springframework.core.env.PropertySourcesPropertyResolver - Could not find key 'spring.profiles.default' in any property source
22:43:19.464 [Test worker] DEBUG org.springframework.core.env.PropertySourcesPropertyResolver - Could not find key 'spring.profiles.active' in any property source
22:43:19.464 [Test worker] DEBUG org.springframework.core.env.PropertySourcesPropertyResolver - Could not find key 'spring.profiles.default' in any property source
22:43:19.488 [Test worker] DEBUG org.springframework.core.env.PropertySourcesPropertyResolver - Could not find key 'spring.profiles.active' in any property source
22:43:19.488 [Test worker] DEBUG org.springframework.core.env.PropertySourcesPropertyResolver - Could not find key 'spring.profiles.default' in any property source
22:43:19.489 [Test worker] DEBUG org.springframework.context.annotation.ConfigurationClassBeanDefinitionReader - Registered bean definition for imported class 'org.springframework.transaction.annotation.ProxyTransactionManagementConfiguration'
22:43:19.490 [Test worker] DEBUG org.springframework.context.annotation.ConfigurationClassBeanDefinitionReader - Registering bean definition for @Bean method org.springframework.transaction.annotation.ProxyTransactionManagementConfiguration.org.springframework.transaction.config.internalTransactionAdvisor()
22:43:19.490 [Test worker] DEBUG org.springframework.context.annotation.ConfigurationClassBeanDefinitionReader - Registering bean definition for @Bean method org.springframework.transaction.annotation.ProxyTransactionManagementConfiguration.transactionAttributeSource()
22:43:19.490 [Test worker] DEBUG org.springframework.context.annotation.ConfigurationClassBeanDefinitionReader - Registering bean definition for @Bean method org.springframework.transaction.annotation.ProxyTransactionManagementConfiguration.transactionInterceptor()
22:43:19.491 [Test worker] DEBUG org.springframework.context.annotation.ConfigurationClassBeanDefinitionReader - Registering bean definition for @Bean method org.springframework.transaction.annotation.ProxyTransactionManagementConfiguration.org.springframework.transaction.config.internalTransactionalEventListenerFactory()
22:43:19.492 [Test worker] DEBUG org.springframework.context.annotation.ConfigurationClassBeanDefinitionReader - Registering bean definition for @Bean method ro.vovinam.logic.StorageConfig.entityManagerFactory()
22:43:19.493 [Test worker] DEBUG org.springframework.context.annotation.ConfigurationClassBeanDefinitionReader - Registering bean definition for @Bean method ro.vovinam.logic.StorageConfig.dataSource()
22:43:19.494 [Test worker] DEBUG org.springframework.context.annotation.ConfigurationClassBeanDefinitionReader - Registering bean definition for @Bean method ro.vovinam.logic.StorageConfig.jpaTransMan()
22:43:19.500 [Test worker] DEBUG org.springframework.core.env.StandardEnvironment - Adding [systemProperties] PropertySource with lowest search precedence
22:43:19.500 [Test worker] DEBUG org.springframework.core.env.StandardEnvironment - Adding [systemEnvironment] PropertySource with lowest search precedence
22:43:19.501 [Test worker] DEBUG org.springframework.core.env.StandardEnvironment - Initialized StandardEnvironment with PropertySources [systemProperties,systemEnvironment]
22:43:19.502 [Test worker] DEBUG org.springframework.core.io.support.PathMatchingResourcePatternResolver - Resolved classpath location [org/springframework/data/] to resources [URL [jar:file:/C:/Users/OSF/.gradle/caches/modules-2/files-2.1/org.springframework.data/spring-data-rest-core/2.5.2.RELEASE/48b3f98fb7007c0eb077aa2c2ade0e541695de7/spring-data-rest-core-2.5.2.RELEASE.jar!/org/springframework/data/], URL [jar:file:/C:/Users/OSF/.gradle/caches/modules-2/files-2.1/org.springframework.data/spring-data-commons/1.11.4.RELEASE/c2b1fd4dbf7dff772d6124bb35892759e8bf088e/spring-data-commons-1.11.4.RELEASE.jar!/org/springframework/data/], URL [jar:file:/C:/Users/OSF/.gradle/caches/modules-2/files-2.1/org.springframework.data/spring-data-jpa/1.9.4.RELEASE/80b83510e67aa085b7d91d2d096d90133ec995de/spring-data-jpa-1.9.4.RELEASE.jar!/org/springframework/data/]]
22:43:19.502 [Test worker] DEBUG org.springframework.core.io.support.PathMatchingResourcePatternResolver - Looking for matching resources in jar file [file:/C:/Users/OSF/.gradle/caches/modules-2/files-2.1/org.springframework.data/spring-data-rest-core/2.5.2.RELEASE/48b3f98fb7007c0eb077aa2c2ade0e541695de7/spring-data-rest-core-2.5.2.RELEASE.jar]
22:43:19.507 [Test worker] DEBUG org.springframework.core.io.support.PathMatchingResourcePatternResolver - Looking for matching resources in jar file [file:/C:/Users/OSF/.gradle/caches/modules-2/files-2.1/org.springframework.data/spring-data-commons/1.11.4.RELEASE/c2b1fd4dbf7dff772d6124bb35892759e8bf088e/spring-data-commons-1.11.4.RELEASE.jar]
22:43:19.516 [Test worker] DEBUG org.springframework.core.io.support.PathMatchingResourcePatternResolver - Looking for matching resources in jar file [file:/C:/Users/OSF/.gradle/caches/modules-2/files-2.1/org.springframework.data/spring-data-jpa/1.9.4.RELEASE/80b83510e67aa085b7d91d2d096d90133ec995de/spring-data-jpa-1.9.4.RELEASE.jar]
22:43:19.519 [Test worker] DEBUG org.springframework.core.io.support.PathMatchingResourcePatternResolver - Resolved location pattern [classpath*:org/springframework/data/**/repository/support/**/*.class] to resources [URL [jar:file:/C:/Users/OSF/.gradle/caches/modules-2/files-2.1/org.springframework.data/spring-data-commons/1.11.4.RELEASE/c2b1fd4dbf7dff772d6124bb35892759e8bf088e/spring-data-commons-1.11.4.RELEASE.jar!/org/springframework/data/repository/support/DomainClassConverter$ConversionMatchAbbreviationException.class], URL [jar:file:/C:/Users/OSF/.gradle/caches/modules-2/files-2.1/org.springframework.data/spring-data-commons/1.11.4.RELEASE/c2b1fd4dbf7dff772d6124bb35892759e8bf088e/spring-data-commons-1.11.4.RELEASE.jar!/org/springframework/data/repository/support/DomainClassConverter$ToIdConverter.class], URL [jar:file:/C:/Users/OSF/.gradle/caches/modules-2/files-2.1/org.springframework.data/spring-data-commons/1.11.4.RELEASE/c2b1fd4dbf7dff772d6124bb35892759e8bf088e/spring-data-commons-1.11.4.RELEASE.jar!/org/springframework/data/repository/support/Repositories$EmptyRepositoryFactoryInformation.class], URL [jar:file:/C:/Users/OSF/.gradle/caches/modules-2/files-2.1/org.springframework.data/spring-data-commons/1.11.4.RELEASE/c2b1fd4dbf7dff772d6124bb35892759e8bf088e/spring-data-commons-1.11.4.RELEASE.jar!/org/springframework/data/repository/support/PagingAndSortingRepositoryInvoker.class], URL [jar:file:/C:/Users/OSF/.gradle/caches/modules-2/files-2.1/org.springframework.data/spring-data-commons/1.11.4.RELEASE/c2b1fd4dbf7dff772d6124bb35892759e8bf088e/spring-data-commons-1.11.4.RELEASE.jar!/org/springframework/data/repository/support/QueryMethodParameterConversionException.class], URL [jar:file:/C:/Users/OSF/.gradle/caches/modules-2/files-2.1/org.springframework.data/spring-data-commons/1.11.4.RELEASE/c2b1fd4dbf7dff772d6124bb35892759e8bf088e/spring-data-commons-1.11.4.RELEASE.jar!/org/springframework/data/repository/support/MethodParameters.class], URL [jar:file:/C:/Users/OSF/.gradle/caches/modules-2/files-2.1/org.springframework.data/spring-data-commons/1.11.4.RELEASE/c2b1fd4dbf7dff772d6124bb35892759e8bf088e/spring-data-commons-1.11.4.RELEASE.jar!/org/springframework/data/repository/support/RepositoryInvoker.class], URL [jar:file:/C:/Users/OSF/.gradle/caches/modules-2/files-2.1/org.springframework.data/spring-data-commons/1.11.4.RELEASE/c2b1fd4dbf7dff772d6124bb35892759e8bf088e/spring-data-commons-1.11.4.RELEASE.jar!/org/springframework/data/repository/support/RepositoryInvokerFactory.class], URL [jar:file:/C:/Users/OSF/.gradle/caches/modules-2/files-2.1/org.springframework.data/spring-data-commons/1.11.4.RELEASE/c2b1fd4dbf7dff772d6124bb35892759e8bf088e/spring-data-commons-1.11.4.RELEASE.jar!/org/springframework/data/repository/support/DomainClassPropertyEditorRegistrar.class], URL [jar:file:/C:/Users/OSF/.gradle/caches/modules-2/files-2.1/org.springframework.data/spring-data-commons/1.11.4.RELEASE/c2b1fd4dbf7dff772d6124bb35892759e8bf088e/spring-data-commons-1.11.4.RELEASE.jar!/org/springframework/data/repository/support/AnnotationAttribute.class], URL [jar:file:/C:/Users/OSF/.gradle/caches/modules-2/files-2.1/org.springframework.data/spring-data-commons/1.11.4.RELEASE/c2b1fd4dbf7dff772d6124bb35892759e8bf088e/spring-data-commons-1.11.4.RELEASE.jar!/org/springframework/data/repository/support/DefaultRepositoryInvokerFactory.class], URL [jar:file:/C:/Users/OSF/.gradle/caches/modules-2/files-2.1/org.springframework.data/spring-data-commons/1.11.4.RELEASE/c2b1fd4dbf7dff772d6124bb35892759e8bf088e/spring-data-commons-1.11.4.RELEASE.jar!/org/springframework/data/repository/support/MethodParameters$AnnotationNamingMethodParameter.class], URL [jar:file:/C:/Users/OSF/.gradle/caches/modules-2/files-2.1/org.springframework.data/spring-data-commons/1.11.4.RELEASE/c2b1fd4dbf7dff772d6124bb35892759e8bf088e/spring-data-commons-1.11.4.RELEASE.jar!/org/springframework/data/repository/support/CrudRepositoryInvoker.class], URL [jar:file:/C:/Users/OSF/.gradle/caches/modules-2/files-2.1/org.springframework.data/spring-data-commons/1.11.4.RELEASE/c2b1fd4dbf7dff772d6124bb35892759e8bf088e/spring-data-commons-1.11.4.RELEASE.jar!/org/springframework/data/repository/support/Repositories.class], URL [jar:file:/C:/Users/OSF/.gradle/caches/modules-2/files-2.1/org.springframework.data/spring-data-commons/1.11.4.RELEASE/c2b1fd4dbf7dff772d6124bb35892759e8bf088e/spring-data-commons-1.11.4.RELEASE.jar!/org/springframework/data/repository/support/DomainClassConverter$ToEntityConverter.class], URL [jar:file:/C:/Users/OSF/.gradle/caches/modules-2/files-2.1/org.springframework.data/spring-data-commons/1.11.4.RELEASE/c2b1fd4dbf7dff772d6124bb35892759e8bf088e/spring-data-commons-1.11.4.RELEASE.jar!/org/springframework/data/repository/support/ReflectionRepositoryInvoker.class], URL [jar:file:/C:/Users/OSF/.gradle/caches/modules-2/files-2.1/org.springframework.data/spring-data-commons/1.11.4.RELEASE/c2b1fd4dbf7dff772d6124bb35892759e8bf088e/spring-data-commons-1.11.4.RELEASE.jar!/org/springframework/data/repository/support/DomainClassPropertyEditor.class], URL [jar:file:/C:/Users/OSF/.gradle/caches/modules-2/files-2.1/org.springframework.data/spring-data-commons/1.11.4.RELEASE/c2b1fd4dbf7dff772d6124bb35892759e8bf088e/spring-data-commons-1.11.4.RELEASE.jar!/org/springframework/data/repository/support/DomainClassConverter.class], URL [jar:file:/C:/Users/OSF/.gradle/caches/modules-2/files-2.1/org.springframework.data/spring-data-commons/1.11.4.RELEASE/c2b1fd4dbf7dff772d6124bb35892759e8bf088e/spring-data-commons-1.11.4.RELEASE.jar!/org/springframework/data/repository/support/DomainClassConverter$1.class], URL [jar:file:/C:/Users/OSF/.gradle/caches/modules-2/files-2.1/org.springframework.data/spring-data-commons/1.11.4.RELEASE/c2b1fd4dbf7dff772d6124bb35892759e8bf088e/spring-data-commons-1.11.4.RELEASE.jar!/org/springframework/data/repository/support/RepositoryInvocationInformation.class], URL [jar:file:/C:/Users/OSF/.gradle/caches/modules-2/files-2.1/org.springframework.data/spring-data-jpa/1.9.4.RELEASE/80b83510e67aa085b7d91d2d096d90133ec995de/spring-data-jpa-1.9.4.RELEASE.jar!/org/springframework/data/jpa/repository/support/Querydsl$1.class], URL [jar:file:/C:/Users/OSF/.gradle/caches/modules-2/files-2.1/org.springframework.data/spring-data-jpa/1.9.4.RELEASE/80b83510e67aa085b7d91d2d096d90133ec995de/spring-data-jpa-1.9.4.RELEASE.jar!/org/springframework/data/jpa/repository/support/CrudMethodMetadataPostProcessor$ThreadBoundTargetSource.class], URL [jar:file:/C:/Users/OSF/.gradle/caches/modules-2/files-2.1/org.springframework.data/spring-data-jpa/1.9.4.RELEASE/80b83510e67aa085b7d91d2d096d90133ec995de/spring-data-jpa-1.9.4.RELEASE.jar!/org/springframework/data/jpa/repository/support/JpaPersistableEntityInformation.class], URL [jar:file:/C:/Users/OSF/.gradle/caches/modules-2/files-2.1/org.springframework.data/spring-data-jpa/1.9.4.RELEASE/80b83510e67aa085b7d91d2d096d90133ec995de/spring-data-jpa-1.9.4.RELEASE.jar!/org/springframework/data/jpa/repository/support/CrudMethodMetadataPostProcessor.class], URL [jar:file:/C:/Users/OSF/.gradle/caches/modules-2/files-2.1/org.springframework.data/spring-data-jpa/1.9.4.RELEASE/80b83510e67aa085b7d91d2d096d90133ec995de/spring-data-jpa-1.9.4.RELEASE.jar!/org/springframework/data/jpa/repository/support/CrudMethodMetadataPostProcessor$1.class], URL [jar:file:/C:/Users/OSF/.gradle/caches/modules-2/files-2.1/org.springframework.data/spring-data-jpa/1.9.4.RELEASE/80b83510e67aa085b7d91d2d096d90133ec995de/spring-data-jpa-1.9.4.RELEASE.jar!/org/springframework/data/jpa/repository/support/JpaEntityInformation.class], URL [jar:file:/C:/Users/OSF/.gradle/caches/modules-2/files-2.1/org.springframework.data/spring-data-jpa/1.9.4.RELEASE/80b83510e67aa085b7d91d2d096d90133ec995de/spring-data-jpa-1.9.4.RELEASE.jar!/org/springframework/data/jpa/repository/support/JpaMetamodelEntityInformation.class], URL [jar:file:/C:/Users/OSF/.gradle/caches/modules-2/files-2.1/org.springframework.data/spring-data-jpa/1.9.4.RELEASE/80b83510e67aa085b7d91d2d096d90133ec995de/spring-data-jpa-1.9.4.RELEASE.jar!/org/springframework/data/jpa/repository/support/JpaMetamodelEntityInformation$IdMetadata.class], URL [jar:file:/C:/Users/OSF/.gradle/caches/modules-2/files-2.1/org.springframework.data/spring-data-jpa/1.9.4.RELEASE/80b83510e67aa085b7d91d2d096d90133ec995de/spring-data-jpa-1.9.4.RELEASE.jar!/org/springframework/data/jpa/repository/support/JpaEntityInformationSupport.class], URL [jar:file:/C:/Users/OSF/.gradle/caches/modules-2/files-2.1/org.springframework.data/spring-data-jpa/1.9.4.RELEASE/80b83510e67aa085b7d91d2d096d90133ec995de/spring-data-jpa-1.9.4.RELEASE.jar!/org/springframework/data/jpa/repository/support/QueryDslRepositorySupport.class], URL [jar:file:/C:/Users/OSF/.gradle/caches/modules-2/files-2.1/org.springframework.data/spring-data-jpa/1.9.4.RELEASE/80b83510e67aa085b7d91d2d096d90133ec995de/spring-data-jpa-1.9.4.RELEASE.jar!/org/springframework/data/jpa/repository/support/JpaRepositoryFactory.class], URL [jar:file:/C:/Users/OSF/.gradle/caches/modules-2/files-2.1/org.springframework.data/spring-data-jpa/1.9.4.RELEASE/80b83510e67aa085b7d91d2d096d90133ec995de/spring-data-jpa-1.9.4.RELEASE.jar!/org/springframework/data/jpa/repository/support/CrudMethodMetadataPostProcessor$DefaultCrudMethodMetadata.class], URL [jar:file:/C:/Users/OSF/.gradle/caches/modules-2/files-2.1/org.springframework.data/spring-data-jpa/1.9.4.RELEASE/80b83510e67aa085b7d91d2d096d90133ec995de/spring-data-jpa-1.9.4.RELEASE.jar!/org/springframework/data/jpa/repository/support/SimpleJpaRepository.class], URL [jar:file:/C:/Users/OSF/.gradle/caches/modules-2/files-2.1/org.springframework.data/spring-data-jpa/1.9.4.RELEASE/80b83510e67aa085b7d91d2d096d90133ec995de/spring-data-jpa-1.9.4.RELEASE.jar!/org/springframework/data/jpa/repository/support/Querydsl.class], URL [jar:file:/C:/Users/OSF/.gradle/caches/modules-2/files-2.1/org.springframework.data/spring-data-jpa/1.9.4.RELEASE/80b83510e67aa085b7d91d2d096d90133ec995de/spring-data-jpa-1.9.4.RELEASE.jar!/org/springframework/data/jpa/repository/support/CrudMethodMetadata.class], URL [jar:file:/C:/Users/OSF/.gradle/caches/modules-2/files-2.1/org.springframework.data/spring-data-jpa/1.9.4.RELEASE/80b83510e67aa085b7d91d2d096d90133ec995de/spring-data-jpa-1.9.4.RELEASE.jar!/org/springframework/data/jpa/repository/support/CrudMethodMetadataPostProcessor$CrudMethodMetadataPopulatingMethodInterceptor.class], URL [jar:file:/C:/Users/OSF/.gradle/caches/modules-2/files-2.1/org.springframework.data/spring-data-jpa/1.9.4.RELEASE/80b83510e67aa085b7d91d2d096d90133ec995de/spring-data-jpa-1.9.4.RELEASE.jar!/org/springframework/data/jpa/repository/support/EntityManagerBeanDefinitionRegistrarPostProcessor.class], URL [jar:file:/C:/Users/OSF/.gradle/caches/modules-2/files-2.1/org.springframework.data/spring-data-jpa/1.9.4.RELEASE/80b83510e67aa085b7d91d2d096d90133ec995de/spring-data-jpa-1.9.4.RELEASE.jar!/org/springframework/data/jpa/repository/support/JpaMetamodelEntityInformation$IdentifierDerivingDirectFieldAccessFallbackBeanWrapper.class], URL [jar:file:/C:/Users/OSF/.gradle/caches/modules-2/files-2.1/org.springframework.data/spring-data-jpa/1.9.4.RELEASE/80b83510e67aa085b7d91d2d096d90133ec995de/spring-data-jpa-1.9.4.RELEASE.jar!/org/springframework/data/jpa/repository/support/QueryDslJpaRepository.class], URL [jar:file:/C:/Users/OSF/.gradle/caches/modules-2/files-2.1/org.springframework.data/spring-data-jpa/1.9.4.RELEASE/80b83510e67aa085b7d91d2d096d90133ec995de/spring-data-jpa-1.9.4.RELEASE.jar!/org/springframework/data/jpa/repository/support/JpaRepositoryFactoryBean.class], URL [jar:file:/C:/Users/OSF/.gradle/caches/modules-2/files-2.1/org.springframework.data/spring-data-jpa/1.9.4.RELEASE/80b83510e67aa085b7d91d2d096d90133ec995de/spring-data-jpa-1.9.4.RELEASE.jar!/org/springframework/data/jpa/repository/support/DefaultJpaContext.class], URL [jar:file:/C:/Users/OSF/.gradle/caches/modules-2/files-2.1/org.springframework.data/spring-data-jpa/1.9.4.RELEASE/80b83510e67aa085b7d91d2d096d90133ec995de/spring-data-jpa-1.9.4.RELEASE.jar!/org/springframework/data/jpa/repository/support/SimpleJpaRepository$ByIdsSpecification.class]]
22:43:19.565 [Test worker] DEBUG org.springframework.context.annotation.ClassPathScanningCandidateComponentProvider - Identified candidate component class: URL [jar:file:/C:/Users/OSF/.gradle/caches/modules-2/files-2.1/org.springframework.data/spring-data-jpa/1.9.4.RELEASE/80b83510e67aa085b7d91d2d096d90133ec995de/spring-data-jpa-1.9.4.RELEASE.jar!/org/springframework/data/jpa/repository/support/JpaRepositoryFactory.class]
22:43:19.607 [Test worker] DEBUG org.springframework.core.env.StandardEnvironment - Adding [systemProperties] PropertySource with lowest search precedence
22:43:19.607 [Test worker] DEBUG org.springframework.core.env.StandardEnvironment - Adding [systemEnvironment] PropertySource with lowest search precedence
22:43:19.607 [Test worker] DEBUG org.springframework.core.env.StandardEnvironment - Initialized StandardEnvironment with PropertySources [systemProperties,systemEnvironment]
22:43:19.609 [Test worker] DEBUG org.springframework.core.io.support.PathMatchingResourcePatternResolver - Resolved classpath location [ro/vovinam/logic/repository/] to resources [URL [file:/C:/WORK/Projects/vovinam/vovinam-logic/build/classes/test/ro/vovinam/logic/repository/], URL [file:/C:/WORK/Projects/vovinam/vovinam-logic/build/classes/main/ro/vovinam/logic/repository/]]
22:43:19.610 [Test worker] DEBUG org.springframework.core.io.support.PathMatchingResourcePatternResolver - Looking for matching resources in directory tree [C:\WORK\Projects\vovinam\vovinam-logic\build\classes\test\ro\vovinam\logic\repository]
22:43:19.610 [Test worker] DEBUG org.springframework.core.io.support.PathMatchingResourcePatternResolver - Searching directory [C:\WORK\Projects\vovinam\vovinam-logic\build\classes\test\ro\vovinam\logic\repository] for files matching pattern [C:/WORK/Projects/vovinam/vovinam-logic/build/classes/test/ro/vovinam/logic/repository/**/*.class]
22:43:19.610 [Test worker] DEBUG org.springframework.core.io.support.PathMatchingResourcePatternResolver - Looking for matching resources in directory tree [C:\WORK\Projects\vovinam\vovinam-logic\build\classes\main\ro\vovinam\logic\repository]
22:43:19.611 [Test worker] DEBUG org.springframework.core.io.support.PathMatchingResourcePatternResolver - Searching directory [C:\WORK\Projects\vovinam\vovinam-logic\build\classes\main\ro\vovinam\logic\repository] for files matching pattern [C:/WORK/Projects/vovinam/vovinam-logic/build/classes/main/ro/vovinam/logic/repository/**/*.class]
22:43:19.611 [Test worker] DEBUG org.springframework.core.io.support.PathMatchingResourcePatternResolver - Resolved location pattern [classpath*:ro/vovinam/logic/repository/**/*.class] to resources [file [C:\WORK\Projects\vovinam\vovinam-logic\build\classes\test\ro\vovinam\logic\repository\MappingTest.class], file [C:\WORK\Projects\vovinam\vovinam-logic\build\classes\test\ro\vovinam\logic\repository\UserRepositoryTest.class], file [C:\WORK\Projects\vovinam\vovinam-logic\build\classes\main\ro\vovinam\logic\repository\UserRepository.class]]
22:43:19.615 [Test worker] DEBUG org.springframework.data.repository.config.RepositoryComponentProvider - Identified candidate component class: file [C:\WORK\Projects\vovinam\vovinam-logic\build\classes\main\ro\vovinam\logic\repository\UserRepository.class]
22:43:19.620 [Test worker] DEBUG org.springframework.core.env.StandardEnvironment - Adding [systemProperties] PropertySource with lowest search precedence
22:43:19.620 [Test worker] DEBUG org.springframework.core.env.StandardEnvironment - Adding [systemEnvironment] PropertySource with lowest search precedence
22:43:19.620 [Test worker] DEBUG org.springframework.core.env.StandardEnvironment - Initialized StandardEnvironment with PropertySources [systemProperties,systemEnvironment]
22:43:19.622 [Test worker] DEBUG org.springframework.core.io.support.PathMatchingResourcePatternResolver - Resolved classpath location [ro/vovinam/logic/repository/] to resources [URL [file:/C:/WORK/Projects/vovinam/vovinam-logic/build/classes/test/ro/vovinam/logic/repository/], URL [file:/C:/WORK/Projects/vovinam/vovinam-logic/build/classes/main/ro/vovinam/logic/repository/]]
22:43:19.622 [Test worker] DEBUG org.springframework.core.io.support.PathMatchingResourcePatternResolver - Looking for matching resources in directory tree [C:\WORK\Projects\vovinam\vovinam-logic\build\classes\test\ro\vovinam\logic\repository]
22:43:19.622 [Test worker] DEBUG org.springframework.core.io.support.PathMatchingResourcePatternResolver - Searching directory [C:\WORK\Projects\vovinam\vovinam-logic\build\classes\test\ro\vovinam\logic\repository] for files matching pattern [C:/WORK/Projects/vovinam/vovinam-logic/build/classes/test/ro/vovinam/logic/repository/**/*UserRepositoryImpl.class]
22:43:19.622 [Test worker] DEBUG org.springframework.core.io.support.PathMatchingResourcePatternResolver - Looking for matching resources in directory tree [C:\WORK\Projects\vovinam\vovinam-logic\build\classes\main\ro\vovinam\logic\repository]
22:43:19.622 [Test worker] DEBUG org.springframework.core.io.support.PathMatchingResourcePatternResolver - Searching directory [C:\WORK\Projects\vovinam\vovinam-logic\build\classes\main\ro\vovinam\logic\repository] for files matching pattern [C:/WORK/Projects/vovinam/vovinam-logic/build/classes/main/ro/vovinam/logic/repository/**/*UserRepositoryImpl.class]
22:43:19.623 [Test worker] DEBUG org.springframework.core.io.support.PathMatchingResourcePatternResolver - Resolved location pattern [classpath*:ro/vovinam/logic/repository/**/*UserRepositoryImpl.class] to resources []
22:43:19.627 [Test worker] DEBUG org.springframework.data.repository.config.RepositoryConfigurationDelegate - Spring Data JPA - Registering repository: userRepository - Interface: ro.vovinam.logic.repository.UserRepository - Factory: org.springframework.data.jpa.repository.support.JpaRepositoryFactoryBean
22:43:19.733 [Test worker] DEBUG org.springframework.context.annotation.ConfigurationClassEnhancer - Successfully enhanced ro.vovinam.logic.StorageConfig; enhanced class name is: ro.vovinam.logic.StorageConfig$$EnhancerBySpringCGLIB$$a953c13b
22:43:19.733 [Test worker] DEBUG org.springframework.context.annotation.ConfigurationClassPostProcessor - Replacing bean definition 'storageConfig' existing class 'ro.vovinam.logic.StorageConfig' with enhanced class 'ro.vovinam.logic.StorageConfig$$EnhancerBySpringCGLIB$$a953c13b'
22:43:19.734 [Test worker] DEBUG org.springframework.context.annotation.ConfigurationClassEnhancer - Successfully enhanced ro.vovinam.logic.CommonSettingsConfig$DefaultConfiguration; enhanced class name is: ro.vovinam.logic.CommonSettingsConfig$DefaultConfiguration$$EnhancerBySpringCGLIB$$801bd107
22:43:19.735 [Test worker] DEBUG org.springframework.context.annotation.ConfigurationClassPostProcessor - Replacing bean definition 'commonSettingsConfig.DefaultConfiguration' existing class 'ro.vovinam.logic.CommonSettingsConfig$DefaultConfiguration' with enhanced class 'ro.vovinam.logic.CommonSettingsConfig$DefaultConfiguration$$EnhancerBySpringCGLIB$$801bd107'
22:43:19.736 [Test worker] DEBUG org.springframework.context.annotation.ConfigurationClassEnhancer - Successfully enhanced ro.vovinam.logic.CommonSettingsConfig; enhanced class name is: ro.vovinam.logic.CommonSettingsConfig$$EnhancerBySpringCGLIB$$1c9bf130
22:43:19.736 [Test worker] DEBUG org.springframework.context.annotation.ConfigurationClassPostProcessor - Replacing bean definition 'commonSettingsConfig' existing class 'ro.vovinam.logic.CommonSettingsConfig' with enhanced class 'ro.vovinam.logic.CommonSettingsConfig$$EnhancerBySpringCGLIB$$1c9bf130'
22:43:19.740 [Test worker] DEBUG org.springframework.context.annotation.ConfigurationClassEnhancer - Successfully enhanced org.springframework.transaction.annotation.ProxyTransactionManagementConfiguration; enhanced class name is: org.springframework.transaction.annotation.ProxyTransactionManagementConfiguration$$EnhancerBySpringCGLIB$$f170031a
22:43:19.740 [Test worker] DEBUG org.springframework.context.annotation.ConfigurationClassPostProcessor - Replacing bean definition 'org.springframework.transaction.annotation.ProxyTransactionManagementConfiguration' existing class 'org.springframework.transaction.annotation.ProxyTransactionManagementConfiguration' with enhanced class 'org.springframework.transaction.annotation.ProxyTransactionManagementConfiguration$$EnhancerBySpringCGLIB$$f170031a'
22:43:19.740 [Test worker] DEBUG org.springframework.beans.factory.support.DefaultListableBeanFactory - Creating shared instance of singleton bean 'emBeanDefinitionRegistrarPostProcessor'
22:43:19.741 [Test worker] DEBUG org.springframework.beans.factory.support.DefaultListableBeanFactory - Creating instance of bean 'emBeanDefinitionRegistrarPostProcessor'
22:43:19.741 [Test worker] DEBUG org.springframework.beans.factory.support.DefaultListableBeanFactory - Eagerly caching bean 'emBeanDefinitionRegistrarPostProcessor' to allow for resolving potential circular references
22:43:19.741 [Test worker] DEBUG org.springframework.beans.factory.support.DefaultListableBeanFactory - Finished creating instance of bean 'emBeanDefinitionRegistrarPostProcessor'
22:43:19.747 [Test worker] DEBUG org.springframework.beans.factory.support.DefaultListableBeanFactory - Creating shared instance of singleton bean 'org.springframework.context.annotation.internalAutowiredAnnotationProcessor'
22:43:19.747 [Test worker] DEBUG org.springframework.beans.factory.support.DefaultListableBeanFactory - Creating instance of bean 'org.springframework.context.annotation.internalAutowiredAnnotationProcessor'
22:43:19.748 [Test worker] INFO org.springframework.beans.factory.annotation.AutowiredAnnotationBeanPostProcessor - JSR-330 'javax.inject.Inject' annotation found and supported for autowiring
22:43:19.748 [Test worker] DEBUG org.springframework.beans.factory.support.DefaultListableBeanFactory - Eagerly caching bean 'org.springframework.context.annotation.internalAutowiredAnnotationProcessor' to allow for resolving potential circular references
22:43:19.748 [Test worker] DEBUG org.springframework.beans.factory.support.DefaultListableBeanFactory - Finished creating instance of bean 'org.springframework.context.annotation.internalAutowiredAnnotationProcessor'
22:43:19.748 [Test worker] DEBUG org.springframework.beans.factory.support.DefaultListableBeanFactory - Creating shared instance of singleton bean 'org.springframework.context.annotation.internalRequiredAnnotationProcessor'
22:43:19.748 [Test worker] DEBUG org.springframework.beans.factory.support.DefaultListableBeanFactory - Creating instance of bean 'org.springframework.context.annotation.internalRequiredAnnotationProcessor'
22:43:19.748 [Test worker] DEBUG org.springframework.beans.factory.support.DefaultListableBeanFactory - Eagerly caching bean 'org.springframework.context.annotation.internalRequiredAnnotationProcessor' to allow for resolving potential circular references
22:43:19.748 [Test worker] DEBUG org.springframework.beans.factory.support.DefaultListableBeanFactory - Finished creating instance of bean 'org.springframework.context.annotation.internalRequiredAnnotationProcessor'
22:43:19.748 [Test worker] DEBUG org.springframework.beans.factory.support.DefaultListableBeanFactory - Creating shared instance of singleton bean 'org.springframework.context.annotation.internalCommonAnnotationProcessor'
22:43:19.748 [Test worker] DEBUG org.springframework.beans.factory.support.DefaultListableBeanFactory - Creating instance of bean 'org.springframework.context.annotation.internalCommonAnnotationProcessor'
22:43:19.752 [Test worker] DEBUG org.springframework.beans.factory.support.DefaultListableBeanFactory - Eagerly caching bean 'org.springframework.context.annotation.internalCommonAnnotationProcessor' to allow for resolving potential circular references
22:43:19.752 [Test worker] DEBUG org.springframework.beans.factory.support.DefaultListableBeanFactory - Finished creating instance of bean 'org.springframework.context.annotation.internalCommonAnnotationProcessor'
22:43:19.752 [Test worker] DEBUG org.springframework.beans.factory.support.DefaultListableBeanFactory - Creating shared instance of singleton bean 'org.springframework.context.annotation.internalPersistenceAnnotationProcessor'
22:43:19.752 [Test worker] DEBUG org.springframework.beans.factory.support.DefaultListableBeanFactory - Creating instance of bean 'org.springframework.context.annotation.internalPersistenceAnnotationProcessor'
22:43:19.753 [Test worker] DEBUG org.springframework.beans.factory.support.DefaultListableBeanFactory - Eagerly caching bean 'org.springframework.context.annotation.internalPersistenceAnnotationProcessor' to allow for resolving potential circular references
22:43:19.753 [Test worker] DEBUG org.springframework.beans.factory.support.DefaultListableBeanFactory - Finished creating instance of bean 'org.springframework.context.annotation.internalPersistenceAnnotationProcessor'
22:43:19.753 [Test worker] DEBUG org.springframework.beans.factory.support.DefaultListableBeanFactory - Creating shared instance of singleton bean 'org.springframework.context.annotation.ConfigurationClassPostProcessor.importAwareProcessor'
22:43:19.753 [Test worker] DEBUG org.springframework.beans.factory.support.DefaultListableBeanFactory - Creating instance of bean 'org.springframework.context.annotation.ConfigurationClassPostProcessor.importAwareProcessor'
22:43:19.753 [Test worker] DEBUG org.springframework.beans.factory.support.DefaultListableBeanFactory - Eagerly caching bean 'org.springframework.context.annotation.ConfigurationClassPostProcessor.importAwareProcessor' to allow for resolving potential circular references
22:43:19.753 [Test worker] DEBUG org.springframework.beans.factory.support.DefaultListableBeanFactory - Finished creating instance of bean 'org.springframework.context.annotation.ConfigurationClassPostProcessor.importAwareProcessor'
22:43:19.753 [Test worker] DEBUG org.springframework.beans.factory.support.DefaultListableBeanFactory - Creating shared instance of singleton bean 'org.springframework.context.annotation.ConfigurationClassPostProcessor.enhancedConfigurationProcessor'
22:43:19.753 [Test worker] DEBUG org.springframework.beans.factory.support.DefaultListableBeanFactory - Creating instance of bean 'org.springframework.context.annotation.ConfigurationClassPostProcessor.enhancedConfigurationProcessor'
22:43:19.753 [Test worker] DEBUG org.springframework.beans.factory.support.DefaultListableBeanFactory - Eagerly caching bean 'org.springframework.context.annotation.ConfigurationClassPostProcessor.enhancedConfigurationProcessor' to allow for resolving potential circular references
22:43:19.753 [Test worker] DEBUG org.springframework.beans.factory.support.DefaultListableBeanFactory - Finished creating instance of bean 'org.springframework.context.annotation.ConfigurationClassPostProcessor.enhancedConfigurationProcessor'
22:43:19.753 [Test worker] DEBUG org.springframework.beans.factory.support.DefaultListableBeanFactory - Creating shared instance of singleton bean 'org.springframework.data.repository.core.support.RepositoryInterfaceAwareBeanPostProcessor'
22:43:19.753 [Test worker] DEBUG org.springframework.beans.factory.support.DefaultListableBeanFactory - Creating instance of bean 'org.springframework.data.repository.core.support.RepositoryInterfaceAwareBeanPostProcessor'
22:43:19.754 [Test worker] DEBUG org.springframework.beans.factory.support.DefaultListableBeanFactory - Eagerly caching bean 'org.springframework.data.repository.core.support.RepositoryInterfaceAwareBeanPostProcessor' to allow for resolving potential circular references
22:43:19.754 [Test worker] DEBUG org.springframework.beans.factory.support.DefaultListableBeanFactory - Finished creating instance of bean 'org.springframework.data.repository.core.support.RepositoryInterfaceAwareBeanPostProcessor'
22:43:19.754 [Test worker] DEBUG org.springframework.beans.factory.support.DefaultListableBeanFactory - Creating shared instance of singleton bean 'org.springframework.aop.config.internalAutoProxyCreator'
22:43:19.754 [Test worker] DEBUG org.springframework.beans.factory.support.DefaultListableBeanFactory - Creating instance of bean 'org.springframework.aop.config.internalAutoProxyCreator'
22:43:19.767 [Test worker] DEBUG org.springframework.beans.factory.support.DefaultListableBeanFactory - Eagerly caching bean 'org.springframework.aop.config.internalAutoProxyCreator' to allow for resolving potential circular references
22:43:19.799 [Test worker] DEBUG org.springframework.beans.factory.support.DefaultListableBeanFactory - Finished creating instance of bean 'org.springframework.aop.config.internalAutoProxyCreator'
22:43:19.801 [Test worker] DEBUG org.springframework.context.support.GenericApplicationContext - Unable to locate MessageSource with name 'messageSource': using default [org.springframework.context.support.DelegatingMessageSource@62a19e45]
22:43:19.803 [Test worker] DEBUG org.springframework.context.support.GenericApplicationContext - Unable to locate ApplicationEventMulticaster with name 'applicationEventMulticaster': using default [org.springframework.context.event.SimpleApplicationEventMulticaster@7da0adf3]
22:43:19.804 [Test worker] DEBUG org.springframework.beans.factory.support.DefaultListableBeanFactory - Pre-instantiating singletons in org.springframework.beans.factory.support.DefaultListableBeanFactory@47f36ac8: defining beans [org.springframework.context.annotation.internalConfigurationAnnotationProcessor,org.springframework.context.annotation.internalAutowiredAnnotationProcessor,org.springframework.context.annotation.internalRequiredAnnotationProcessor,org.springframework.context.annotation.internalCommonAnnotationProcessor,org.springframework.context.annotation.internalPersistenceAnnotationProcessor,org.springframework.context.event.internalEventListenerProcessor,org.springframework.context.event.internalEventListenerFactory,storageConfig,org.springframework.context.annotation.ConfigurationClassPostProcessor.importAwareProcessor,org.springframework.context.annotation.ConfigurationClassPostProcessor.enhancedConfigurationProcessor,commonSettingsConfig.DefaultConfiguration,commonSettingsConfig,userServiceImpl,org.springframework.transaction.annotation.ProxyTransactionManagementConfiguration,org.springframework.transaction.config.internalTransactionAdvisor,transactionAttributeSource,transactionInterceptor,org.springframework.transaction.config.internalTransactionalEventListenerFactory,entityManagerFactory,dataSource,jpaTransMan,org.springframework.data.jpa.repository.config.JpaRepositoryConfigExtension#0,org.springframework.data.repository.core.support.RepositoryInterfaceAwareBeanPostProcessor,emBeanDefinitionRegistrarPostProcessor,jpaMappingContext,jpaContext,userRepository,org.springframework.aop.config.internalAutoProxyCreator,org.springframework.orm.jpa.SharedEntityManagerCreator#0]; root of factory hierarchy
22:43:19.804 [Test worker] DEBUG org.springframework.beans.factory.support.DefaultListableBeanFactory - Returning cached instance of singleton bean 'org.springframework.context.annotation.internalConfigurationAnnotationProcessor'
22:43:19.804 [Test worker] DEBUG org.springframework.beans.factory.support.DefaultListableBeanFactory - Returning cached instance of singleton bean 'org.springframework.context.annotation.internalAutowiredAnnotationProcessor'
22:43:19.804 [Test worker] DEBUG org.springframework.beans.factory.support.DefaultListableBeanFactory - Returning cached instance of singleton bean 'org.springframework.context.annotation.internalRequiredAnnotationProcessor'
22:43:19.804 [Test worker] DEBUG org.springframework.beans.factory.support.DefaultListableBeanFactory - Returning cached instance of singleton bean 'org.springframework.context.annotation.internalCommonAnnotationProcessor'
22:43:19.804 [Test worker] DEBUG org.springframework.beans.factory.support.DefaultListableBeanFactory - Returning cached instance of singleton bean 'org.springframework.context.annotation.internalPersistenceAnnotationProcessor'
22:43:19.805 [Test worker] DEBUG org.springframework.beans.factory.support.DefaultListableBeanFactory - Creating shared instance of singleton bean 'org.springframework.context.event.internalEventListenerProcessor'
22:43:19.805 [Test worker] DEBUG org.springframework.beans.factory.support.DefaultListableBeanFactory - Creating instance of bean 'org.springframework.context.event.internalEventListenerProcessor'
22:43:19.806 [Test worker] DEBUG org.springframework.beans.factory.support.DefaultListableBeanFactory - Eagerly caching bean 'org.springframework.context.event.internalEventListenerProcessor' to allow for resolving potential circular references
22:43:19.809 [Test worker] DEBUG org.springframework.beans.factory.support.DefaultListableBeanFactory - Creating shared instance of singleton bean 'org.springframework.transaction.config.internalTransactionAdvisor'
22:43:19.810 [Test worker] DEBUG org.springframework.beans.factory.support.DefaultListableBeanFactory - Creating instance of bean 'org.springframework.transaction.config.internalTransactionAdvisor'
22:43:19.812 [Test worker] DEBUG org.springframework.beans.factory.support.DefaultListableBeanFactory - Creating shared instance of singleton bean 'org.springframework.transaction.annotation.ProxyTransactionManagementConfiguration'
22:43:19.812 [Test worker] DEBUG org.springframework.beans.factory.support.DefaultListableBeanFactory - Creating instance of bean 'org.springframework.transaction.annotation.ProxyTransactionManagementConfiguration'
22:43:19.819 [Test worker] DEBUG org.springframework.beans.factory.annotation.InjectionMetadata - Registered injected element on class [org.springframework.transaction.annotation.ProxyTransactionManagementConfiguration$$EnhancerBySpringCGLIB$$f170031a]: AutowiredMethodElement for void org.springframework.transaction.annotation.AbstractTransactionManagementConfiguration.setConfigurers(java.util.Collection)
22:43:19.819 [Test worker] DEBUG org.springframework.beans.factory.support.DefaultListableBeanFactory - Eagerly caching bean 'org.springframework.transaction.annotation.ProxyTransactionManagementConfiguration' to allow for resolving potential circular references
22:43:19.819 [Test worker] DEBUG org.springframework.beans.factory.annotation.InjectionMetadata - Processing injected element of bean 'org.springframework.transaction.annotation.ProxyTransactionManagementConfiguration': AutowiredMethodElement for void org.springframework.transaction.annotation.AbstractTransactionManagementConfiguration.setConfigurers(java.util.Collection)
22:43:19.827 [Test worker] DEBUG org.springframework.beans.factory.support.DefaultListableBeanFactory - Returning cached instance of singleton bean 'org.springframework.context.annotation.ConfigurationClassPostProcessor.importRegistry'
22:43:19.827 [Test worker] DEBUG org.springframework.aop.framework.autoproxy.BeanFactoryAdvisorRetrievalHelper - Skipping currently created advisor 'org.springframework.transaction.config.internalTransactionAdvisor'
22:43:19.829 [Test worker] DEBUG org.springframework.beans.factory.support.DefaultListableBeanFactory - Finished creating instance of bean 'org.springframework.transaction.annotation.ProxyTransactionManagementConfiguration'
22:43:19.844 [Test worker] DEBUG org.springframework.beans.factory.support.DefaultListableBeanFactory - Creating shared instance of singleton bean 'transactionAttributeSource'
22:43:19.844 [Test worker] DEBUG org.springframework.beans.factory.support.DefaultListableBeanFactory - Creating instance of bean 'transactionAttributeSource'
22:43:19.844 [Test worker] DEBUG org.springframework.beans.factory.support.DefaultListableBeanFactory - Returning cached instance of singleton bean 'org.springframework.transaction.annotation.ProxyTransactionManagementConfiguration'
22:43:19.845 [Test worker] DEBUG org.springframework.beans.factory.support.DefaultListableBeanFactory - Eagerly caching bean 'transactionAttributeSource' to allow for resolving potential circular references
22:43:19.849 [Test worker] DEBUG org.springframework.aop.framework.autoproxy.BeanFactoryAdvisorRetrievalHelper - Skipping currently created advisor 'org.springframework.transaction.config.internalTransactionAdvisor'
22:43:19.849 [Test worker] DEBUG org.springframework.beans.factory.support.DefaultListableBeanFactory - Finished creating instance of bean 'transactionAttributeSource'
22:43:19.849 [Test worker] DEBUG org.springframework.beans.factory.support.DefaultListableBeanFactory - Creating shared instance of singleton bean 'transactionInterceptor'
22:43:19.849 [Test worker] DEBUG org.springframework.beans.factory.support.DefaultListableBeanFactory - Creating instance of bean 'transactionInterceptor'
22:43:19.849 [Test worker] DEBUG org.springframework.beans.factory.support.DefaultListableBeanFactory - Returning cached instance of singleton bean 'org.springframework.transaction.annotation.ProxyTransactionManagementConfiguration'
22:43:19.852 [Test worker] DEBUG org.springframework.beans.factory.support.DefaultListableBeanFactory - Returning cached instance of singleton bean 'transactionAttributeSource'
22:43:19.854 [Test worker] DEBUG org.springframework.beans.factory.support.DefaultListableBeanFactory - Eagerly caching bean 'transactionInterceptor' to allow for resolving potential circular references
22:43:19.859 [Test worker] DEBUG org.springframework.beans.factory.support.DefaultListableBeanFactory - Invoking afterPropertiesSet() on bean with name 'transactionInterceptor'
22:43:19.859 [Test worker] DEBUG org.springframework.beans.factory.support.DefaultListableBeanFactory - Finished creating instance of bean 'transactionInterceptor'
22:43:19.860 [Test worker] DEBUG org.springframework.beans.factory.support.DefaultListableBeanFactory - Eagerly caching bean 'org.springframework.transaction.config.internalTransactionAdvisor' to allow for resolving potential circular references
22:43:19.866 [Test worker] DEBUG org.springframework.beans.factory.support.DefaultListableBeanFactory - Finished creating instance of bean 'org.springframework.transaction.config.internalTransactionAdvisor'
22:43:19.869 [Test worker] DEBUG org.springframework.beans.factory.support.DefaultListableBeanFactory - Finished creating instance of bean 'org.springframework.context.event.internalEventListenerProcessor'
22:43:19.869 [Test worker] DEBUG org.springframework.beans.factory.support.DefaultListableBeanFactory - Creating shared instance of singleton bean 'org.springframework.context.event.internalEventListenerFactory'
22:43:19.869 [Test worker] DEBUG org.springframework.beans.factory.support.DefaultListableBeanFactory - Creating instance of bean 'org.springframework.context.event.internalEventListenerFactory'
22:43:19.870 [Test worker] DEBUG org.springframework.beans.factory.support.DefaultListableBeanFactory - Eagerly caching bean 'org.springframework.context.event.internalEventListenerFactory' to allow for resolving potential circular references
22:43:19.873 [Test worker] DEBUG org.springframework.beans.factory.support.DefaultListableBeanFactory - Returning cached instance of singleton bean 'org.springframework.transaction.config.internalTransactionAdvisor'
22:43:19.874 [Test worker] DEBUG org.springframework.beans.factory.support.DefaultListableBeanFactory - Finished creating instance of bean 'org.springframework.context.event.internalEventListenerFactory'
22:43:19.874 [Test worker] DEBUG org.springframework.beans.factory.support.DefaultListableBeanFactory - Creating shared instance of singleton bean 'storageConfig'
22:43:19.874 [Test worker] DEBUG org.springframework.beans.factory.support.DefaultListableBeanFactory - Creating instance of bean 'storageConfig'
22:43:19.876 [Test worker] DEBUG org.springframework.beans.factory.annotation.InjectionMetadata - Registered injected element on class [ro.vovinam.logic.StorageConfig$$EnhancerBySpringCGLIB$$a953c13b]: AutowiredFieldElement for private org.springframework.context.ApplicationContext ro.vovinam.logic.StorageConfig.applicationContext
22:43:19.876 [Test worker] DEBUG org.springframework.beans.factory.support.DefaultListableBeanFactory - Eagerly caching bean 'storageConfig' to allow for resolving potential circular references
22:43:19.879 [Test worker] DEBUG org.springframework.beans.factory.annotation.InjectionMetadata - Processing injected element of bean 'storageConfig': AutowiredFieldElement for private org.springframework.context.ApplicationContext ro.vovinam.logic.StorageConfig.applicationContext
22:43:19.880 [Test worker] DEBUG org.springframework.beans.factory.annotation.AutowiredAnnotationBeanPostProcessor - Autowiring by type from bean name 'storageConfig' to bean named 'org.springframework.context.support.GenericApplicationContext@19c2ef16'
22:43:19.880 [Test worker] DEBUG org.springframework.beans.factory.support.DefaultListableBeanFactory - Returning cached instance of singleton bean 'org.springframework.transaction.config.internalTransactionAdvisor'
22:43:19.882 [Test worker] DEBUG org.springframework.beans.factory.support.DefaultListableBeanFactory - Finished creating instance of bean 'storageConfig'
22:43:19.882 [Test worker] DEBUG org.springframework.beans.factory.support.DefaultListableBeanFactory - Returning cached instance of singleton bean 'org.springframework.context.annotation.ConfigurationClassPostProcessor.importAwareProcessor'
22:43:19.882 [Test worker] DEBUG org.springframework.beans.factory.support.DefaultListableBeanFactory - Returning cached instance of singleton bean 'org.springframework.context.annotation.ConfigurationClassPostProcessor.enhancedConfigurationProcessor'
22:43:19.883 [Test worker] DEBUG org.springframework.beans.factory.support.DefaultListableBeanFactory - Creating shared instance of singleton bean 'commonSettingsConfig.DefaultConfiguration'
22:43:19.883 [Test worker] DEBUG org.springframework.beans.factory.support.DefaultListableBeanFactory - Creating instance of bean 'commonSettingsConfig.DefaultConfiguration'
22:43:19.883 [Test worker] DEBUG org.springframework.beans.factory.support.DefaultListableBeanFactory - Eagerly caching bean 'commonSettingsConfig.DefaultConfiguration' to allow for resolving potential circular references
22:43:19.886 [Test worker] DEBUG org.springframework.beans.factory.support.DefaultListableBeanFactory - Returning cached instance of singleton bean 'org.springframework.transaction.config.internalTransactionAdvisor'
22:43:19.888 [Test worker] DEBUG org.springframework.beans.factory.support.DefaultListableBeanFactory - Finished creating instance of bean 'commonSettingsConfig.DefaultConfiguration'
22:43:19.889 [Test worker] DEBUG org.springframework.beans.factory.support.DefaultListableBeanFactory - Creating shared instance of singleton bean 'commonSettingsConfig'
22:43:19.889 [Test worker] DEBUG org.springframework.beans.factory.support.DefaultListableBeanFactory - Creating instance of bean 'commonSettingsConfig'
22:43:19.889 [Test worker] DEBUG org.springframework.beans.factory.support.DefaultListableBeanFactory - Eagerly caching bean 'commonSettingsConfig' to allow for resolving potential circular references
22:43:19.897 [Test worker] DEBUG org.springframework.beans.factory.support.DefaultListableBeanFactory - Returning cached instance of singleton bean 'org.springframework.transaction.config.internalTransactionAdvisor'
22:43:19.898 [Test worker] DEBUG org.springframework.beans.factory.support.DefaultListableBeanFactory - Finished creating instance of bean 'commonSettingsConfig'
22:43:19.898 [Test worker] DEBUG org.springframework.beans.factory.support.DefaultListableBeanFactory - Creating shared instance of singleton bean 'userServiceImpl'
22:43:19.898 [Test worker] DEBUG org.springframework.beans.factory.support.DefaultListableBeanFactory - Creating instance of bean 'userServiceImpl'
22:43:19.899 [Test worker] DEBUG org.springframework.beans.factory.annotation.InjectionMetadata - Registered injected element on class [ro.vovinam.logic.service.impl.UserServiceImpl]: AutowiredFieldElement for ro.vovinam.logic.repository.UserRepository ro.vovinam.logic.service.impl.UserServiceImpl.userRepository
22:43:19.900 [Test worker] DEBUG org.springframework.beans.factory.support.DefaultListableBeanFactory - Eagerly caching bean 'userServiceImpl' to allow for resolving potential circular references
22:43:19.902 [Test worker] DEBUG org.springframework.beans.factory.annotation.InjectionMetadata - Processing injected element of bean 'userServiceImpl': AutowiredFieldElement for ro.vovinam.logic.repository.UserRepository ro.vovinam.logic.service.impl.UserServiceImpl.userRepository
22:43:19.903 [Test worker] DEBUG org.springframework.beans.factory.support.DefaultListableBeanFactory - Creating shared instance of singleton bean 'userRepository'
22:43:19.903 [Test worker] DEBUG org.springframework.beans.factory.support.DefaultListableBeanFactory - Creating instance of bean 'userRepository'
22:43:19.923 [Test worker] DEBUG org.springframework.beans.factory.annotation.InjectionMetadata - Registered injected element on class [org.springframework.data.jpa.repository.support.JpaRepositoryFactoryBean]: PersistenceElement for public void org.springframework.data.jpa.repository.support.JpaRepositoryFactoryBean.setEntityManager(javax.persistence.EntityManager)
22:43:19.924 [Test worker] DEBUG org.springframework.beans.factory.support.DefaultListableBeanFactory - Eagerly caching bean 'userRepository' to allow for resolving potential circular references
22:43:19.925 [Test worker] DEBUG org.springframework.beans.factory.annotation.InjectionMetadata - Processing injected element of bean 'userRepository': PersistenceElement for public void org.springframework.data.jpa.repository.support.JpaRepositoryFactoryBean.setEntityManager(javax.persistence.EntityManager)
22:43:19.926 [Test worker] DEBUG org.springframework.beans.factory.support.DefaultListableBeanFactory - Creating instance of bean '(inner bean)#7804da23'
22:43:19.926 [Test worker] DEBUG org.springframework.beans.factory.support.DefaultListableBeanFactory - Creating instance of bean '(inner bean)#5d6a8761'
22:43:19.932 [Test worker] DEBUG org.springframework.core.io.support.PathMatchingResourcePatternResolver - Resolved classpath location [META-INF/jpa-named-queries.properties] to resources []
22:43:19.933 [Test worker] DEBUG org.springframework.beans.factory.support.DefaultListableBeanFactory - Invoking afterPropertiesSet() on bean with name '(inner bean)#5d6a8761'
22:43:19.933 [Test worker] DEBUG org.springframework.beans.factory.support.DefaultListableBeanFactory - Returning cached instance of singleton bean 'org.springframework.transaction.config.internalTransactionAdvisor'
22:43:19.933 [Test worker] DEBUG org.springframework.beans.factory.support.DefaultListableBeanFactory - Finished creating instance of bean '(inner bean)#5d6a8761'
22:43:19.933 [Test worker] DEBUG org.springframework.beans.factory.support.DefaultListableBeanFactory - Returning cached instance of singleton bean 'org.springframework.transaction.config.internalTransactionAdvisor'
22:43:19.944 [Test worker] DEBUG org.springframework.beans.factory.support.DefaultListableBeanFactory - Returning cached instance of singleton bean 'org.springframework.transaction.config.internalTransactionAdvisor'
22:43:19.944 [Test worker] DEBUG org.springframework.beans.factory.support.DefaultListableBeanFactory - Finished creating instance of bean '(inner bean)#7804da23'
22:43:19.944 [Test worker] DEBUG org.springframework.beans.factory.support.DefaultListableBeanFactory - Creating instance of bean '(inner bean)#f66b133'
22:43:19.949 [Test worker] DEBUG org.springframework.beans.factory.support.DefaultListableBeanFactory - Returning cached instance of singleton bean 'org.springframework.transaction.config.internalTransactionAdvisor'
22:43:19.950 [Test worker] DEBUG org.springframework.beans.factory.support.DefaultListableBeanFactory - Finished creating instance of bean '(inner bean)#f66b133'
22:43:19.950 [Test worker] DEBUG org.springframework.beans.factory.support.DefaultListableBeanFactory - Creating instance of bean '(inner bean)#bcd3470'
22:43:19.950 [Test worker] DEBUG org.springframework.beans.factory.support.DefaultListableBeanFactory - Creating shared instance of singleton bean 'entityManagerFactory'
22:43:19.950 [Test worker] DEBUG org.springframework.beans.factory.support.DefaultListableBeanFactory - Creating instance of bean 'entityManagerFactory'
22:43:19.950 [Test worker] DEBUG org.springframework.beans.factory.support.DefaultListableBeanFactory - Returning cached instance of singleton bean 'storageConfig'
22:43:20.002 [Test worker] DEBUG org.jboss.logging - Logging Provider: org.jboss.logging.Slf4jLoggerProvider
22:43:20.010 [Test worker] DEBUG org.springframework.beans.factory.support.DefaultListableBeanFactory - Creating shared instance of singleton bean 'dataSource'
22:43:20.010 [Test worker] DEBUG org.springframework.beans.factory.support.DefaultListableBeanFactory - Creating instance of bean 'dataSource'
22:43:20.010 [Test worker] DEBUG org.springframework.beans.factory.support.DefaultListableBeanFactory - Returning cached instance of singleton bean 'storageConfig'
22:43:20.025 [Test worker] INFO org.springframework.jdbc.datasource.embedded.EmbeddedDatabaseFactory - Starting embedded database: url='jdbc:hsqldb:mem:testdb', username='sa'
22:43:20.030 [Test worker] DEBUG org.springframework.jdbc.datasource.DataSourceUtils - Fetching JDBC Connection from DataSource
22:43:20.030 [Test worker] DEBUG org.springframework.jdbc.datasource.SimpleDriverDataSource - Creating new JDBC Driver Connection to [jdbc:hsqldb:mem:testdb]
22:43:20.235 [Test worker] DEBUG org.springframework.jdbc.datasource.DataSourceUtils - Returning JDBC Connection to DataSource
22:43:20.236 [Test worker] DEBUG org.springframework.beans.factory.support.DefaultListableBeanFactory - Eagerly caching bean 'dataSource' to allow for resolving potential circular references
22:43:20.239 [Test worker] DEBUG org.springframework.beans.factory.support.DefaultListableBeanFactory - Returning cached instance of singleton bean 'org.springframework.transaction.config.internalTransactionAdvisor'
22:43:20.240 [Test worker] DEBUG org.springframework.beans.factory.support.DefaultListableBeanFactory - Finished creating instance of bean 'dataSource'
22:43:20.245 [Test worker] DEBUG org.springframework.core.io.support.PathMatchingResourcePatternResolver - Resolved classpath location [META-INF/persistence.xml] to resources []
22:43:20.246 [Test worker] DEBUG org.springframework.core.io.support.PathMatchingResourcePatternResolver - Resolved classpath location [ro/vovinam/logic/] to resources [URL [file:/C:/WORK/Projects/vovinam/vovinam-logic/build/classes/test/ro/vovinam/logic/], URL [file:/C:/WORK/Projects/vovinam/vovinam-logic/build/classes/main/ro/vovinam/logic/]]
22:43:20.246 [Test worker] DEBUG org.springframework.core.io.support.PathMatchingResourcePatternResolver - Looking for matching resources in directory tree [C:\WORK\Projects\vovinam\vovinam-logic\build\classes\test\ro\vovinam\logic]
22:43:20.246 [Test worker] DEBUG org.springframework.core.io.support.PathMatchingResourcePatternResolver - Searching directory [C:\WORK\Projects\vovinam\vovinam-logic\build\classes\test\ro\vovinam\logic] for files matching pattern [C:/WORK/Projects/vovinam/vovinam-logic/build/classes/test/ro/vovinam/logic/**/*.class]
22:43:20.247 [Test worker] DEBUG org.springframework.core.io.support.PathMatchingResourcePatternResolver - Searching directory [C:\WORK\Projects\vovinam\vovinam-logic\build\classes\test\ro\vovinam\logic\repository] for files matching pattern [C:/WORK/Projects/vovinam/vovinam-logic/build/classes/test/ro/vovinam/logic/**/*.class]
22:43:20.248 [Test worker] DEBUG org.springframework.core.io.support.PathMatchingResourcePatternResolver - Looking for matching resources in directory tree [C:\WORK\Projects\vovinam\vovinam-logic\build\classes\main\ro\vovinam\logic]
22:43:20.248 [Test worker] DEBUG org.springframework.core.io.support.PathMatchingResourcePatternResolver - Searching directory [C:\WORK\Projects\vovinam\vovinam-logic\build\classes\main\ro\vovinam\logic] for files matching pattern [C:/WORK/Projects/vovinam/vovinam-logic/build/classes/main/ro/vovinam/logic/**/*.class]
22:43:20.249 [Test worker] DEBUG org.springframework.core.io.support.PathMatchingResourcePatternResolver - Searching directory [C:\WORK\Projects\vovinam\vovinam-logic\build\classes\main\ro\vovinam\logic\model] for files matching pattern [C:/WORK/Projects/vovinam/vovinam-logic/build/classes/main/ro/vovinam/logic/**/*.class]
22:43:20.249 [Test worker] DEBUG org.springframework.core.io.support.PathMatchingResourcePatternResolver - Searching directory [C:\WORK\Projects\vovinam\vovinam-logic\build\classes\main\ro\vovinam\logic\model\user] for files matching pattern [C:/WORK/Projects/vovinam/vovinam-logic/build/classes/main/ro/vovinam/logic/**/*.class]
22:43:20.250 [Test worker] DEBUG org.springframework.core.io.support.PathMatchingResourcePatternResolver - Searching directory [C:\WORK\Projects\vovinam\vovinam-logic\build\classes\main\ro\vovinam\logic\repository] for files matching pattern [C:/WORK/Projects/vovinam/vovinam-logic/build/classes/main/ro/vovinam/logic/**/*.class]
22:43:20.250 [Test worker] DEBUG org.springframework.core.io.support.PathMatchingResourcePatternResolver - Searching directory [C:\WORK\Projects\vovinam\vovinam-logic\build\classes\main\ro\vovinam\logic\service] for files matching pattern [C:/WORK/Projects/vovinam/vovinam-logic/build/classes/main/ro/vovinam/logic/**/*.class]
22:43:20.251 [Test worker] DEBUG org.springframework.core.io.support.PathMatchingResourcePatternResolver - Searching directory [C:\WORK\Projects\vovinam\vovinam-logic\build\classes\main\ro\vovinam\logic\service\impl] for files matching pattern [C:/WORK/Projects/vovinam/vovinam-logic/build/classes/main/ro/vovinam/logic/**/*.class]
22:43:20.251 [Test worker] DEBUG org.springframework.core.io.support.PathMatchingResourcePatternResolver - Resolved location pattern [classpath*:ro/vovinam/logic/**/*.class] to resources [file [C:\WORK\Projects\vovinam\vovinam-logic\build\classes\test\ro\vovinam\logic\repository\MappingTest.class], file [C:\WORK\Projects\vovinam\vovinam-logic\build\classes\test\ro\vovinam\logic\repository\UserRepositoryTest.class], file [C:\WORK\Projects\vovinam\vovinam-logic\build\classes\main\ro\vovinam\logic\CommonSettingsConfig$DefaultConfiguration.class], file [C:\WORK\Projects\vovinam\vovinam-logic\build\classes\main\ro\vovinam\logic\CommonSettingsConfig$ProductionConfiguration.class], file [C:\WORK\Projects\vovinam\vovinam-logic\build\classes\main\ro\vovinam\logic\CommonSettingsConfig.class], file [C:\WORK\Projects\vovinam\vovinam-logic\build\classes\main\ro\vovinam\logic\model\BaseEntity.class], file [C:\WORK\Projects\vovinam\vovinam-logic\build\classes\main\ro\vovinam\logic\model\user\Level.class], file [C:\WORK\Projects\vovinam\vovinam-logic\build\classes\main\ro\vovinam\logic\model\user\User.class], file [C:\WORK\Projects\vovinam\vovinam-logic\build\classes\main\ro\vovinam\logic\repository\UserRepository.class], file [C:\WORK\Projects\vovinam\vovinam-logic\build\classes\main\ro\vovinam\logic\service\impl\UserServiceImpl.class], file [C:\WORK\Projects\vovinam\vovinam-logic\build\classes\main\ro\vovinam\logic\service\UserService.class], file [C:\WORK\Projects\vovinam\vovinam-logic\build\classes\main\ro\vovinam\logic\StorageConfig.class]]
22:43:20.256 [Test worker] INFO org.springframework.orm.jpa.LocalContainerEntityManagerFactoryBean - Building JPA container EntityManagerFactory for persistence unit 'default'
22:43:20.281 [Test worker] DEBUG org.hibernate.jpa.internal.util.LogHelper - PersistenceUnitInfo [
	name: default
	persistence provider classname: null
	classloader: sun.misc.Launcher$AppClassLoader@4e25154f
	excludeUnlistedClasses: true
	JTA datasource: null
	Non JTA datasource: org.springframework.jdbc.datasource.embedded.EmbeddedDatabaseFactory$EmbeddedDataSourceProxy@74bd0f9c
	Transaction type: RESOURCE_LOCAL
	PU root URL: file:/C:/WORK/Projects/vovinam/vovinam-logic/build/classes/test/
	Shared Cache Mode: UNSPECIFIED
	Validation Mode: AUTO
	Jar files URLs []
	Managed classes names [
		ro.vovinam.logic.model.BaseEntity
		ro.vovinam.logic.model.user.User]
	Mapping files names []
	Properties []
22:43:20.298 [Test worker] DEBUG org.hibernate.integrator.internal.IntegratorServiceImpl - Adding Integrator [org.hibernate.cfg.beanvalidation.BeanValidationIntegrator].
22:43:20.300 [Test worker] DEBUG org.hibernate.integrator.internal.IntegratorServiceImpl - Adding Integrator [org.hibernate.secure.spi.JaccIntegrator].
22:43:20.303 [Test worker] DEBUG org.hibernate.integrator.internal.IntegratorServiceImpl - Adding Integrator [org.hibernate.cache.internal.CollectionCacheInvalidator].
22:43:20.303 [Test worker] DEBUG org.hibernate.integrator.internal.IntegratorServiceImpl - Adding Integrator [org.hibernate.jpa.event.spi.JpaIntegrator].
22:43:20.376 [Test worker] INFO org.hibernate.Version - HHH000412: Hibernate Core {5.2.4.Final}
22:43:20.378 [Test worker] INFO org.hibernate.cfg.Environment - HHH000206: hibernate.properties not found
22:43:20.379 [Test worker] INFO org.hibernate.cfg.Environment - HHH000021: Bytecode provider name : javassist
22:43:20.390 [Test worker] DEBUG org.hibernate.service.spi.ServiceBinding - Overriding existing service binding [org.hibernate.secure.spi.JaccService]
22:43:20.417 [Test worker] DEBUG org.hibernate.cache.internal.RegionFactoryInitiator - Cache region factory : org.hibernate.cache.internal.NoCachingRegionFactory
22:43:20.426 [Test worker] INFO org.hibernate.annotations.common.Version - HCANN000001: Hibernate Commons Annotations {5.0.1.Final}
22:43:20.527 [Test worker] DEBUG org.hibernate.type.BasicTypeRegistry - Adding type registration boolean -> org.hibernate.type.BooleanType@32183b41
22:43:20.528 [Test worker] DEBUG org.hibernate.type.BasicTypeRegistry - Adding type registration boolean -> org.hibernate.type.BooleanType@32183b41
22:43:20.528 [Test worker] DEBUG org.hibernate.type.BasicTypeRegistry - Adding type registration java.lang.Boolean -> org.hibernate.type.BooleanType@32183b41
22:43:20.529 [Test worker] DEBUG org.hibernate.type.BasicTypeRegistry - Adding type registration numeric_boolean -> org.hibernate.type.NumericBooleanType@574deecd
22:43:20.530 [Test worker] DEBUG org.hibernate.type.BasicTypeRegistry - Adding type registration true_false -> org.hibernate.type.TrueFalseType@1c3b9c1a
22:43:20.531 [Test worker] DEBUG org.hibernate.type.BasicTypeRegistry - Adding type registration yes_no -> org.hibernate.type.YesNoType@4be4fbb6
22:43:20.532 [Test worker] DEBUG org.hibernate.type.BasicTypeRegistry - Adding type registration byte -> org.hibernate.type.ByteType@669f6cff
22:43:20.533 [Test worker] DEBUG org.hibernate.type.BasicTypeRegistry - Adding type registration byte -> org.hibernate.type.ByteType@669f6cff
22:43:20.533 [Test worker] DEBUG org.hibernate.type.BasicTypeRegistry - Adding type registration java.lang.Byte -> org.hibernate.type.ByteType@669f6cff
22:43:20.534 [Test worker] DEBUG org.hibernate.type.BasicTypeRegistry - Adding type registration character -> org.hibernate.type.CharacterType@6bebbaa9
22:43:20.534 [Test worker] DEBUG org.hibernate.type.BasicTypeRegistry - Adding type registration char -> org.hibernate.type.CharacterType@6bebbaa9
22:43:20.534 [Test worker] DEBUG org.hibernate.type.BasicTypeRegistry - Adding type registration java.lang.Character -> org.hibernate.type.CharacterType@6bebbaa9
22:43:20.536 [Test worker] DEBUG org.hibernate.type.BasicTypeRegistry - Adding type registration short -> org.hibernate.type.ShortType@1afba207
22:43:20.537 [Test worker] DEBUG org.hibernate.type.BasicTypeRegistry - Adding type registration short -> org.hibernate.type.ShortType@1afba207
22:43:20.537 [Test worker] DEBUG org.hibernate.type.BasicTypeRegistry - Adding type registration java.lang.Short -> org.hibernate.type.ShortType@1afba207
22:43:20.538 [Test worker] DEBUG org.hibernate.type.BasicTypeRegistry - Adding type registration integer -> org.hibernate.type.IntegerType@6c177154
22:43:20.539 [Test worker] DEBUG org.hibernate.type.BasicTypeRegistry - Adding type registration int -> org.hibernate.type.IntegerType@6c177154
22:43:20.539 [Test worker] DEBUG org.hibernate.type.BasicTypeRegistry - Adding type registration java.lang.Integer -> org.hibernate.type.IntegerType@6c177154
22:43:20.541 [Test worker] DEBUG org.hibernate.type.BasicTypeRegistry - Adding type registration long -> org.hibernate.type.LongType@65c12198
22:43:20.541 [Test worker] DEBUG org.hibernate.type.BasicTypeRegistry - Adding type registration long -> org.hibernate.type.LongType@65c12198
22:43:20.542 [Test worker] DEBUG org.hibernate.type.BasicTypeRegistry - Adding type registration java.lang.Long -> org.hibernate.type.LongType@65c12198
22:43:20.544 [Test worker] DEBUG org.hibernate.type.BasicTypeRegistry - Adding type registration float -> org.hibernate.type.FloatType@7fcf3702
22:43:20.544 [Test worker] DEBUG org.hibernate.type.BasicTypeRegistry - Adding type registration float -> org.hibernate.type.FloatType@7fcf3702
22:43:20.544 [Test worker] DEBUG org.hibernate.type.BasicTypeRegistry - Adding type registration java.lang.Float -> org.hibernate.type.FloatType@7fcf3702
22:43:20.546 [Test worker] DEBUG org.hibernate.type.BasicTypeRegistry - Adding type registration double -> org.hibernate.type.DoubleType@75e15b3e
22:43:20.546 [Test worker] DEBUG org.hibernate.type.BasicTypeRegistry - Adding type registration double -> org.hibernate.type.DoubleType@75e15b3e
22:43:20.546 [Test worker] DEBUG org.hibernate.type.BasicTypeRegistry - Adding type registration java.lang.Double -> org.hibernate.type.DoubleType@75e15b3e
22:43:20.548 [Test worker] DEBUG org.hibernate.type.BasicTypeRegistry - Adding type registration big_decimal -> org.hibernate.type.BigDecimalType@35811a8b
22:43:20.548 [Test worker] DEBUG org.hibernate.type.BasicTypeRegistry - Adding type registration java.math.BigDecimal -> org.hibernate.type.BigDecimalType@35811a8b
22:43:20.549 [Test worker] DEBUG org.hibernate.type.BasicTypeRegistry - Adding type registration big_integer -> org.hibernate.type.BigIntegerType@73b7de3f
22:43:20.549 [Test worker] DEBUG org.hibernate.type.BasicTypeRegistry - Adding type registration java.math.BigInteger -> org.hibernate.type.BigIntegerType@73b7de3f
22:43:20.550 [Test worker] DEBUG org.hibernate.type.BasicTypeRegistry - Adding type registration string -> org.hibernate.type.StringType@606e19cd
22:43:20.550 [Test worker] DEBUG org.hibernate.type.BasicTypeRegistry - Adding type registration java.lang.String -> org.hibernate.type.StringType@606e19cd
22:43:20.551 [Test worker] DEBUG org.hibernate.type.BasicTypeRegistry - Adding type registration nstring -> org.hibernate.type.StringNVarcharType@1bc7ee1f
22:43:20.552 [Test worker] DEBUG org.hibernate.type.BasicTypeRegistry - Adding type registration ncharacter -> org.hibernate.type.CharacterNCharType@1e9b9b83
22:43:20.553 [Test worker] DEBUG org.hibernate.type.BasicTypeRegistry - Adding type registration url -> org.hibernate.type.UrlType@46d94264
22:43:20.553 [Test worker] DEBUG org.hibernate.type.BasicTypeRegistry - Adding type registration java.net.URL -> org.hibernate.type.UrlType@46d94264
22:43:20.555 [Test worker] DEBUG org.hibernate.type.BasicTypeRegistry - Adding type registration Duration -> org.hibernate.type.DurationType@25ec9914
22:43:20.555 [Test worker] DEBUG org.hibernate.type.BasicTypeRegistry - Adding type registration java.time.Duration -> org.hibernate.type.DurationType@25ec9914
22:43:20.568 [Test worker] DEBUG org.hibernate.type.BasicTypeRegistry - Adding type registration Instant -> org.hibernate.type.InstantType@5d810b30
22:43:20.569 [Test worker] DEBUG org.hibernate.type.BasicTypeRegistry - Adding type registration java.time.Instant -> org.hibernate.type.InstantType@5d810b30
22:43:20.571 [Test worker] DEBUG org.hibernate.type.BasicTypeRegistry - Adding type registration LocalDateTime -> org.hibernate.type.LocalDateTimeType@705e3278
22:43:20.571 [Test worker] DEBUG org.hibernate.type.BasicTypeRegistry - Adding type registration java.time.LocalDateTime -> org.hibernate.type.LocalDateTimeType@705e3278
22:43:20.573 [Test worker] DEBUG org.hibernate.type.BasicTypeRegistry - Adding type registration LocalDate -> org.hibernate.type.LocalDateType@229b9ffe
22:43:20.573 [Test worker] DEBUG org.hibernate.type.BasicTypeRegistry - Adding type registration java.time.LocalDate -> org.hibernate.type.LocalDateType@229b9ffe
22:43:20.575 [Test worker] DEBUG org.hibernate.type.BasicTypeRegistry - Adding type registration LocalTime -> org.hibernate.type.LocalTimeType@c281230
22:43:20.575 [Test worker] DEBUG org.hibernate.type.BasicTypeRegistry - Adding type registration java.time.LocalTime -> org.hibernate.type.LocalTimeType@c281230
22:43:20.577 [Test worker] DEBUG org.hibernate.type.BasicTypeRegistry - Adding type registration OffsetDateTime -> org.hibernate.type.OffsetDateTimeType@5048ef62
22:43:20.577 [Test worker] DEBUG org.hibernate.type.BasicTypeRegistry - Adding type registration java.time.OffsetDateTime -> org.hibernate.type.OffsetDateTimeType@5048ef62
22:43:20.578 [Test worker] DEBUG org.hibernate.type.BasicTypeRegistry - Adding type registration OffsetTime -> org.hibernate.type.OffsetTimeType@5b40a8cc
22:43:20.578 [Test worker] DEBUG org.hibernate.type.BasicTypeRegistry - Adding type registration java.time.OffsetTime -> org.hibernate.type.OffsetTimeType@5b40a8cc
22:43:20.582 [Test worker] DEBUG org.hibernate.type.BasicTypeRegistry - Adding type registration ZonedDateTime -> org.hibernate.type.ZonedDateTimeType@4bc53a30
22:43:20.583 [Test worker] DEBUG org.hibernate.type.BasicTypeRegistry - Adding type registration java.time.ZonedDateTime -> org.hibernate.type.ZonedDateTimeType@4bc53a30
22:43:20.585 [Test worker] DEBUG org.hibernate.type.BasicTypeRegistry - Adding type registration date -> org.hibernate.type.DateType@738fa29d
22:43:20.585 [Test worker] DEBUG org.hibernate.type.BasicTypeRegistry - Adding type registration java.sql.Date -> org.hibernate.type.DateType@738fa29d
22:43:20.586 [Test worker] DEBUG org.hibernate.type.BasicTypeRegistry - Adding type registration time -> org.hibernate.type.TimeType@6fdb7875
22:43:20.587 [Test worker] DEBUG org.hibernate.type.BasicTypeRegistry - Adding type registration java.sql.Time -> org.hibernate.type.TimeType@6fdb7875
22:43:20.588 [Test worker] DEBUG org.hibernate.type.BasicTypeRegistry - Adding type registration timestamp -> org.hibernate.type.TimestampType@446a0601
22:43:20.588 [Test worker] DEBUG org.hibernate.type.BasicTypeRegistry - Adding type registration java.sql.Timestamp -> org.hibernate.type.TimestampType@446a0601
22:43:20.588 [Test worker] DEBUG org.hibernate.type.BasicTypeRegistry - Adding type registration java.util.Date -> org.hibernate.type.TimestampType@446a0601
22:43:20.590 [Test worker] DEBUG org.hibernate.type.BasicTypeRegistry - Adding type registration dbtimestamp -> org.hibernate.type.DbTimestampType@43ba42fd
22:43:20.591 [Test worker] DEBUG org.hibernate.type.BasicTypeRegistry - Adding type registration calendar -> org.hibernate.type.CalendarType@31800700
22:43:20.592 [Test worker] DEBUG org.hibernate.type.BasicTypeRegistry - Adding type registration java.util.Calendar -> org.hibernate.type.CalendarType@31800700
22:43:20.592 [Test worker] DEBUG org.hibernate.type.BasicTypeRegistry - Adding type registration java.util.GregorianCalendar -> org.hibernate.type.CalendarType@31800700
22:43:20.592 [Test worker] DEBUG org.hibernate.type.BasicTypeRegistry - Adding type registration calendar_date -> org.hibernate.type.CalendarDateType@3c4d8bbd
22:43:20.594 [Test worker] DEBUG org.hibernate.type.BasicTypeRegistry - Adding type registration locale -> org.hibernate.type.LocaleType@614451e8
22:43:20.594 [Test worker] DEBUG org.hibernate.type.BasicTypeRegistry - Adding type registration java.util.Locale -> org.hibernate.type.LocaleType@614451e8
22:43:20.595 [Test worker] DEBUG org.hibernate.type.BasicTypeRegistry - Adding type registration currency -> org.hibernate.type.CurrencyType@d84c793
22:43:20.595 [Test worker] DEBUG org.hibernate.type.BasicTypeRegistry - Adding type registration java.util.Currency -> org.hibernate.type.CurrencyType@d84c793
22:43:20.596 [Test worker] DEBUG org.hibernate.type.BasicTypeRegistry - Adding type registration timezone -> org.hibernate.type.TimeZoneType@687ae3b5
22:43:20.596 [Test worker] DEBUG org.hibernate.type.BasicTypeRegistry - Adding type registration java.util.TimeZone -> org.hibernate.type.TimeZoneType@687ae3b5
22:43:20.597 [Test worker] DEBUG org.hibernate.type.BasicTypeRegistry - Adding type registration class -> org.hibernate.type.ClassType@376d9d24
22:43:20.597 [Test worker] DEBUG org.hibernate.type.BasicTypeRegistry - Adding type registration java.lang.Class -> org.hibernate.type.ClassType@376d9d24
22:43:20.599 [Test worker] DEBUG org.hibernate.type.BasicTypeRegistry - Adding type registration uuid-binary -> org.hibernate.type.UUIDBinaryType@74f7fad2
22:43:20.599 [Test worker] DEBUG org.hibernate.type.BasicTypeRegistry - Adding type registration java.util.UUID -> org.hibernate.type.UUIDBinaryType@74f7fad2
22:43:20.600 [Test worker] DEBUG org.hibernate.type.BasicTypeRegistry - Adding type registration uuid-char -> org.hibernate.type.UUIDCharType@694f74ca
22:43:20.601 [Test worker] DEBUG org.hibernate.type.BasicTypeRegistry - Adding type registration binary -> org.hibernate.type.BinaryType@76eb1f4d
22:43:20.602 [Test worker] DEBUG org.hibernate.type.BasicTypeRegistry - Adding type registration byte[] -> org.hibernate.type.BinaryType@76eb1f4d
22:43:20.602 [Test worker] DEBUG org.hibernate.type.BasicTypeRegistry - Adding type registration [B -> org.hibernate.type.BinaryType@76eb1f4d
22:43:20.604 [Test worker] DEBUG org.hibernate.type.BasicTypeRegistry - Adding type registration wrapper-binary -> org.hibernate.type.WrapperBinaryType@e92bad3
22:43:20.604 [Test worker] DEBUG org.hibernate.type.BasicTypeRegistry - Adding type registration Byte[] -> org.hibernate.type.WrapperBinaryType@e92bad3
22:43:20.604 [Test worker] DEBUG org.hibernate.type.BasicTypeRegistry - Adding type registration [Ljava.lang.Byte; -> org.hibernate.type.WrapperBinaryType@e92bad3
22:43:20.606 [Test worker] DEBUG org.hibernate.type.BasicTypeRegistry - Adding type registration row_version -> org.hibernate.type.RowVersionType@57dd60cf
22:43:20.607 [Test worker] DEBUG org.hibernate.type.BasicTypeRegistry - Adding type registration image -> org.hibernate.type.ImageType@5ea697a
22:43:20.609 [Test worker] DEBUG org.hibernate.type.BasicTypeRegistry - Adding type registration characters -> org.hibernate.type.CharArrayType@68c7e07a
22:43:20.609 [Test worker] DEBUG org.hibernate.type.BasicTypeRegistry - Adding type registration char[] -> org.hibernate.type.CharArrayType@68c7e07a
22:43:20.609 [Test worker] DEBUG org.hibernate.type.BasicTypeRegistry - Adding type registration [C -> org.hibernate.type.CharArrayType@68c7e07a
22:43:20.611 [Test worker] DEBUG org.hibernate.type.BasicTypeRegistry - Adding type registration wrapper-characters -> org.hibernate.type.CharacterArrayType@15d57400
22:43:20.611 [Test worker] DEBUG org.hibernate.type.BasicTypeRegistry - Adding type registration [Ljava.lang.Character; -> org.hibernate.type.CharacterArrayType@15d57400
22:43:20.611 [Test worker] DEBUG org.hibernate.type.BasicTypeRegistry - Adding type registration Character[] -> org.hibernate.type.CharacterArrayType@15d57400
22:43:20.612 [Test worker] DEBUG org.hibernate.type.BasicTypeRegistry - Adding type registration text -> org.hibernate.type.TextType@41f598e9
22:43:20.613 [Test worker] DEBUG org.hibernate.type.BasicTypeRegistry - Adding type registration ntext -> org.hibernate.type.NTextType@3dd9c71
22:43:20.618 [Test worker] DEBUG org.hibernate.type.BasicTypeRegistry - Adding type registration blob -> org.hibernate.type.BlobType@45feecab
22:43:20.618 [Test worker] DEBUG org.hibernate.type.BasicTypeRegistry - Adding type registration java.sql.Blob -> org.hibernate.type.BlobType@45feecab
22:43:20.619 [Test worker] DEBUG org.hibernate.type.BasicTypeRegistry - Adding type registration materialized_blob -> org.hibernate.type.MaterializedBlobType@ca11329
22:43:20.623 [Test worker] DEBUG org.hibernate.type.BasicTypeRegistry - Adding type registration clob -> org.hibernate.type.ClobType@4732c0f6
22:43:20.623 [Test worker] DEBUG org.hibernate.type.BasicTypeRegistry - Adding type registration java.sql.Clob -> org.hibernate.type.ClobType@4732c0f6
22:43:20.626 [Test worker] DEBUG org.hibernate.type.BasicTypeRegistry - Adding type registration nclob -> org.hibernate.type.NClobType@3277d125
22:43:20.626 [Test worker] DEBUG org.hibernate.type.BasicTypeRegistry - Adding type registration java.sql.NClob -> org.hibernate.type.NClobType@3277d125
22:43:20.627 [Test worker] DEBUG org.hibernate.type.BasicTypeRegistry - Adding type registration materialized_clob -> org.hibernate.type.MaterializedClobType@4525ae8c
22:43:20.627 [Test worker] DEBUG org.hibernate.type.BasicTypeRegistry - Adding type registration materialized_nclob -> org.hibernate.type.MaterializedNClobType@148d9c7d
22:43:20.628 [Test worker] DEBUG org.hibernate.type.BasicTypeRegistry - Adding type registration serializable -> org.hibernate.type.SerializableType@16091468
22:43:20.632 [Test worker] DEBUG org.hibernate.type.BasicTypeRegistry - Adding type registration object -> org.hibernate.type.ObjectType@7f681064
22:43:20.632 [Test worker] DEBUG org.hibernate.type.BasicTypeRegistry - Adding type registration java.lang.Object -> org.hibernate.type.ObjectType@7f681064
22:43:20.633 [Test worker] DEBUG org.hibernate.type.BasicTypeRegistry - Adding type registration imm_date -> org.hibernate.type.AdaptedImmutableType@4919d081
22:43:20.633 [Test worker] DEBUG org.hibernate.type.BasicTypeRegistry - Adding type registration imm_time -> org.hibernate.type.AdaptedImmutableType@764d02f6
22:43:20.633 [Test worker] DEBUG org.hibernate.type.BasicTypeRegistry - Adding type registration imm_timestamp -> org.hibernate.type.AdaptedImmutableType@2399b84d
22:43:20.634 [Test worker] DEBUG org.hibernate.type.BasicTypeRegistry - Adding type registration imm_dbtimestamp -> org.hibernate.type.AdaptedImmutableType@1cfb7d18
22:43:20.634 [Test worker] DEBUG org.hibernate.type.BasicTypeRegistry - Adding type registration imm_calendar -> org.hibernate.type.AdaptedImmutableType@1be13bde
22:43:20.634 [Test worker] DEBUG org.hibernate.type.BasicTypeRegistry - Adding type registration imm_calendar_date -> org.hibernate.type.AdaptedImmutableType@525c0e6
22:43:20.634 [Test worker] DEBUG org.hibernate.type.BasicTypeRegistry - Adding type registration imm_binary -> org.hibernate.type.AdaptedImmutableType@6b904bdf
22:43:20.634 [Test worker] DEBUG org.hibernate.type.BasicTypeRegistry - Adding type registration imm_serializable -> org.hibernate.type.AdaptedImmutableType@2c44f808
22:43:20.652 [Test worker] DEBUG org.springframework.jdbc.datasource.SimpleDriverDataSource - Creating new JDBC Driver Connection to [jdbc:hsqldb:mem:testdb]
22:43:20.664 [Test worker] DEBUG org.hibernate.engine.jdbc.env.internal.JdbcEnvironmentInitiator - Database ->
       name : HSQL Database Engine
    version : 2.0.0
      major : 2
      minor : 0
22:43:20.664 [Test worker] DEBUG org.hibernate.engine.jdbc.env.internal.JdbcEnvironmentInitiator - Driver ->
       name : HSQL Database Engine Driver
    version : 2.0.0
      major : 2
      minor : 0
22:43:20.664 [Test worker] DEBUG org.hibernate.engine.jdbc.env.internal.JdbcEnvironmentInitiator - JDBC version : 4.0
22:43:20.679 [Test worker] INFO org.hibernate.dialect.Dialect - HHH000400: Using dialect: org.hibernate.dialect.HSQLDialect
22:43:20.712 [Test worker] DEBUG org.hibernate.engine.jdbc.env.spi.IdentifierHelperBuilder - JDBC driver metadata reported database stores quoted identifiers in neither upper, lower nor mixed case
22:43:20.829 [Test worker] DEBUG org.hibernate.id.factory.internal.DefaultIdentifierGeneratorFactory - Registering IdentifierGenerator strategy [uuid2] -> [org.hibernate.id.UUIDGenerator]
22:43:20.829 [Test worker] DEBUG org.hibernate.id.factory.internal.DefaultIdentifierGeneratorFactory - Registering IdentifierGenerator strategy [guid] -> [org.hibernate.id.GUIDGenerator]
22:43:20.830 [Test worker] DEBUG org.hibernate.id.factory.internal.DefaultIdentifierGeneratorFactory - Registering IdentifierGenerator strategy [uuid] -> [org.hibernate.id.UUIDHexGenerator]
22:43:20.830 [Test worker] DEBUG org.hibernate.id.factory.internal.DefaultIdentifierGeneratorFactory - Registering IdentifierGenerator strategy [uuid.hex] -> [org.hibernate.id.UUIDHexGenerator]
22:43:20.830 [Test worker] DEBUG org.hibernate.id.factory.internal.DefaultIdentifierGeneratorFactory - Registering IdentifierGenerator strategy [assigned] -> [org.hibernate.id.Assigned]
22:43:20.831 [Test worker] DEBUG org.hibernate.id.factory.internal.DefaultIdentifierGeneratorFactory - Registering IdentifierGenerator strategy [identity] -> [org.hibernate.id.IdentityGenerator]
22:43:20.832 [Test worker] DEBUG org.hibernate.id.factory.internal.DefaultIdentifierGeneratorFactory - Registering IdentifierGenerator strategy [select] -> [org.hibernate.id.SelectGenerator]
22:43:20.833 [Test worker] DEBUG org.hibernate.id.factory.internal.DefaultIdentifierGeneratorFactory - Registering IdentifierGenerator strategy [sequence] -> [org.hibernate.id.enhanced.SequenceStyleGenerator]
22:43:20.834 [Test worker] DEBUG org.hibernate.id.factory.internal.DefaultIdentifierGeneratorFactory - Registering IdentifierGenerator strategy [seqhilo] -> [org.hibernate.id.SequenceHiLoGenerator]
22:43:20.835 [Test worker] DEBUG org.hibernate.id.factory.internal.DefaultIdentifierGeneratorFactory - Registering IdentifierGenerator strategy [increment] -> [org.hibernate.id.IncrementGenerator]
22:43:20.836 [Test worker] DEBUG org.hibernate.id.factory.internal.DefaultIdentifierGeneratorFactory - Registering IdentifierGenerator strategy [foreign] -> [org.hibernate.id.ForeignGenerator]
22:43:20.837 [Test worker] DEBUG org.hibernate.id.factory.internal.DefaultIdentifierGeneratorFactory - Registering IdentifierGenerator strategy [sequence-identity] -> [org.hibernate.id.SequenceIdentityGenerator]
22:43:20.837 [Test worker] DEBUG org.hibernate.id.factory.internal.DefaultIdentifierGeneratorFactory - Registering IdentifierGenerator strategy [enhanced-sequence] -> [org.hibernate.id.enhanced.SequenceStyleGenerator]
22:43:20.838 [Test worker] DEBUG org.hibernate.id.factory.internal.DefaultIdentifierGeneratorFactory - Registering IdentifierGenerator strategy [enhanced-table] -> [org.hibernate.id.enhanced.TableGenerator]
22:43:20.870 [Test worker] DEBUG org.hibernate.boot.model.relational.Namespace - Created database namespace [logicalName=Name{catalog=null, schema=null}, physicalName=Name{catalog=null, schema=null}]
22:43:20.903 [Test worker] DEBUG org.hibernate.cfg.AnnotationBinder - Binding entity from annotated class: ro.vovinam.logic.model.user.User
22:43:20.925 [Test worker] DEBUG org.hibernate.cfg.Ejb3Column - Binding column: Ejb3DiscriminatorColumn{logicalColumnName'DTYPE', discriminatorTypeName='string'}
22:43:20.934 [Test worker] DEBUG org.hibernate.cfg.annotations.EntityBinder - Import with entity name User
22:43:20.937 [Test worker] DEBUG org.hibernate.cfg.annotations.EntityBinder - Bind entity ro.vovinam.logic.model.user.User on table user
22:43:20.965 [Test worker] DEBUG org.hibernate.cfg.Ejb3Column - Binding column: Ejb3Column{table=org.hibernate.mapping.Table(user), mappingColumn=id, insertable=true, updatable=true, unique=false}
22:43:20.969 [Test worker] DEBUG org.hibernate.cfg.annotations.PropertyBinder - MetadataSourceProcessor property id with lazy=false
22:43:20.972 [Test worker] DEBUG org.hibernate.cfg.AbstractPropertyHolder - Attempting to locate auto-apply AttributeConverter for property [ro.vovinam.logic.model.user.User:id]
22:43:20.973 [Test worker] DEBUG org.hibernate.cfg.annotations.SimpleValueBinder - building SimpleValue for id
22:43:20.976 [Test worker] DEBUG org.hibernate.cfg.annotations.PropertyBinder - Building property id
22:43:20.979 [Test worker] DEBUG org.hibernate.cfg.Ejb3Column - Binding column: Ejb3Column{table=org.hibernate.mapping.Table(user), mappingColumn=createDate, insertable=true, updatable=true, unique=false}
22:43:20.979 [Test worker] DEBUG org.hibernate.cfg.annotations.PropertyBinder - MetadataSourceProcessor property createDate with lazy=false
22:43:20.979 [Test worker] DEBUG org.hibernate.cfg.AbstractPropertyHolder - Attempting to locate auto-apply AttributeConverter for property [ro.vovinam.logic.model.user.User:createDate]
22:43:20.980 [Test worker] DEBUG org.hibernate.cfg.annotations.SimpleValueBinder - building SimpleValue for createDate
22:43:20.980 [Test worker] DEBUG org.hibernate.cfg.annotations.PropertyBinder - Building property createDate
22:43:20.980 [Test worker] DEBUG org.hibernate.cfg.Ejb3Column - Binding column: Ejb3Column{table=org.hibernate.mapping.Table(user), mappingColumn=lastUpdateUserName, insertable=true, updatable=true, unique=false}
22:43:20.980 [Test worker] DEBUG org.hibernate.cfg.annotations.PropertyBinder - MetadataSourceProcessor property lastUpdateUserName with lazy=false
22:43:20.980 [Test worker] DEBUG org.hibernate.cfg.AbstractPropertyHolder - Attempting to locate auto-apply AttributeConverter for property [ro.vovinam.logic.model.user.User:lastUpdateUserName]
22:43:20.980 [Test worker] DEBUG org.hibernate.cfg.annotations.SimpleValueBinder - building SimpleValue for lastUpdateUserName
22:43:20.981 [Test worker] DEBUG org.hibernate.cfg.annotations.PropertyBinder - Building property lastUpdateUserName
22:43:20.981 [Test worker] DEBUG org.hibernate.cfg.Ejb3Column - Binding column: Ejb3Column{table=org.hibernate.mapping.Table(user), mappingColumn=updateDate, insertable=true, updatable=true, unique=false}
22:43:20.981 [Test worker] DEBUG org.hibernate.cfg.annotations.PropertyBinder - MetadataSourceProcessor property updateDate with lazy=false
22:43:20.981 [Test worker] DEBUG org.hibernate.cfg.AbstractPropertyHolder - Attempting to locate auto-apply AttributeConverter for property [ro.vovinam.logic.model.user.User:updateDate]
22:43:20.981 [Test worker] DEBUG org.hibernate.cfg.annotations.SimpleValueBinder - building SimpleValue for updateDate
22:43:20.981 [Test worker] DEBUG org.hibernate.cfg.annotations.PropertyBinder - Building property updateDate
22:43:20.981 [Test worker] DEBUG org.hibernate.cfg.Ejb3Column - Binding column: Ejb3Column{table=org.hibernate.mapping.Table(user), mappingColumn=email, insertable=true, updatable=true, unique=false}
22:43:20.982 [Test worker] DEBUG org.hibernate.cfg.annotations.PropertyBinder - MetadataSourceProcessor property email with lazy=false
22:43:20.982 [Test worker] DEBUG org.hibernate.cfg.AbstractPropertyHolder - Attempting to locate auto-apply AttributeConverter for property [ro.vovinam.logic.model.user.User:email]
22:43:20.982 [Test worker] DEBUG org.hibernate.cfg.annotations.SimpleValueBinder - building SimpleValue for email
22:43:20.982 [Test worker] DEBUG org.hibernate.cfg.annotations.PropertyBinder - Building property email
22:43:20.982 [Test worker] DEBUG org.hibernate.cfg.Ejb3Column - Binding column: Ejb3Column{table=org.hibernate.mapping.Table(user), mappingColumn=firstName, insertable=true, updatable=true, unique=false}
22:43:20.982 [Test worker] DEBUG org.hibernate.cfg.annotations.PropertyBinder - MetadataSourceProcessor property firstName with lazy=false
22:43:20.982 [Test worker] DEBUG org.hibernate.cfg.AbstractPropertyHolder - Attempting to locate auto-apply AttributeConverter for property [ro.vovinam.logic.model.user.User:firstName]
22:43:20.982 [Test worker] DEBUG org.hibernate.cfg.annotations.SimpleValueBinder - building SimpleValue for firstName
22:43:20.982 [Test worker] DEBUG org.hibernate.cfg.annotations.PropertyBinder - Building property firstName
22:43:20.983 [Test worker] DEBUG org.hibernate.cfg.Ejb3Column - Binding column: Ejb3Column{table=org.hibernate.mapping.Table(user), mappingColumn=lastName, insertable=true, updatable=true, unique=false}
22:43:20.983 [Test worker] DEBUG org.hibernate.cfg.annotations.PropertyBinder - MetadataSourceProcessor property lastName with lazy=false
22:43:20.983 [Test worker] DEBUG org.hibernate.cfg.AbstractPropertyHolder - Attempting to locate auto-apply AttributeConverter for property [ro.vovinam.logic.model.user.User:lastName]
22:43:20.983 [Test worker] DEBUG org.hibernate.cfg.annotations.SimpleValueBinder - building SimpleValue for lastName
22:43:20.983 [Test worker] DEBUG org.hibernate.cfg.annotations.PropertyBinder - Building property lastName
22:43:20.983 [Test worker] DEBUG org.hibernate.cfg.Ejb3Column - Binding column: Ejb3Column{table=org.hibernate.mapping.Table(user), mappingColumn=password, insertable=true, updatable=true, unique=false}
22:43:20.983 [Test worker] DEBUG org.hibernate.cfg.annotations.PropertyBinder - MetadataSourceProcessor property password with lazy=false
22:43:20.983 [Test worker] DEBUG org.hibernate.cfg.AbstractPropertyHolder - Attempting to locate auto-apply AttributeConverter for property [ro.vovinam.logic.model.user.User:password]
22:43:20.983 [Test worker] DEBUG org.hibernate.cfg.annotations.SimpleValueBinder - building SimpleValue for password
22:43:20.983 [Test worker] DEBUG org.hibernate.cfg.annotations.PropertyBinder - Building property password
22:43:20.983 [Test worker] DEBUG org.hibernate.cfg.Ejb3Column - Binding column: Ejb3Column{table=org.hibernate.mapping.Table(user), mappingColumn=userName, insertable=true, updatable=true, unique=false}
22:43:20.984 [Test worker] DEBUG org.hibernate.cfg.annotations.PropertyBinder - MetadataSourceProcessor property userName with lazy=false
22:43:20.984 [Test worker] DEBUG org.hibernate.cfg.AbstractPropertyHolder - Attempting to locate auto-apply AttributeConverter for property [ro.vovinam.logic.model.user.User:userName]
22:43:20.984 [Test worker] DEBUG org.hibernate.cfg.annotations.SimpleValueBinder - building SimpleValue for userName
22:43:20.984 [Test worker] DEBUG org.hibernate.cfg.annotations.PropertyBinder - Building property userName
22:43:20.986 [Test worker] DEBUG org.hibernate.cfg.annotations.SimpleValueBinder - Starting fillSimpleValue for id
22:43:20.986 [Test worker] DEBUG org.hibernate.cfg.annotations.SimpleValueBinder - Starting fillSimpleValue for createDate
22:43:20.986 [Test worker] DEBUG org.hibernate.cfg.annotations.SimpleValueBinder - Starting fillSimpleValue for lastUpdateUserName
22:43:20.986 [Test worker] DEBUG org.hibernate.cfg.annotations.SimpleValueBinder - Starting fillSimpleValue for updateDate
22:43:20.986 [Test worker] DEBUG org.hibernate.cfg.annotations.SimpleValueBinder - Starting fillSimpleValue for email
22:43:20.986 [Test worker] DEBUG org.hibernate.cfg.annotations.SimpleValueBinder - Starting fillSimpleValue for firstName
22:43:20.986 [Test worker] DEBUG org.hibernate.cfg.annotations.SimpleValueBinder - Starting fillSimpleValue for lastName
22:43:20.986 [Test worker] DEBUG org.hibernate.cfg.annotations.SimpleValueBinder - Starting fillSimpleValue for password
22:43:20.986 [Test worker] DEBUG org.hibernate.cfg.annotations.SimpleValueBinder - Starting fillSimpleValue for userName
22:43:20.988 [Test worker] DEBUG org.hibernate.mapping.PrimaryKey - Forcing column [id] to be non-null as it is part of the primary key for table [user]
22:43:21.033 [Test worker] DEBUG org.hibernate.internal.SessionFactoryImpl - Building session factory
22:43:21.034 [Test worker] DEBUG org.hibernate.cfg.Settings - SessionFactory name : null
22:43:21.034 [Test worker] DEBUG org.hibernate.cfg.Settings - Automatic flush during beforeCompletion(): enabled
22:43:21.034 [Test worker] DEBUG org.hibernate.cfg.Settings - Automatic session close at end of transaction: disabled
22:43:21.034 [Test worker] DEBUG org.hibernate.cfg.Settings - Statistics: disabled
22:43:21.034 [Test worker] DEBUG org.hibernate.cfg.Settings - Deleted entity synthetic identifier rollback: disabled
22:43:21.034 [Test worker] DEBUG org.hibernate.cfg.Settings - Default entity-mode: pojo
22:43:21.034 [Test worker] DEBUG org.hibernate.cfg.Settings - Check Nullability in Core (should be disabled when Bean Validation is on): enabled
22:43:21.034 [Test worker] DEBUG org.hibernate.cfg.Settings - Allow initialization of lazy state outside session : disabled
22:43:21.034 [Test worker] DEBUG org.hibernate.cfg.Settings - Using BatchFetchStyle : LEGACY
22:43:21.035 [Test worker] DEBUG org.hibernate.cfg.Settings - Default batch fetch size: -1
22:43:21.035 [Test worker] DEBUG org.hibernate.cfg.Settings - Maximum outer join fetch depth: null
22:43:21.035 [Test worker] DEBUG org.hibernate.cfg.Settings - Default null ordering: NONE
22:43:21.035 [Test worker] DEBUG org.hibernate.cfg.Settings - Order SQL updates by primary key: disabled
22:43:21.035 [Test worker] DEBUG org.hibernate.cfg.Settings - Order SQL inserts for batching: disabled
22:43:21.035 [Test worker] DEBUG org.hibernate.cfg.Settings - multi-tenancy strategy : NONE
22:43:21.035 [Test worker] DEBUG org.hibernate.cfg.Settings - JTA Track by Thread: enabled
22:43:21.035 [Test worker] DEBUG org.hibernate.cfg.Settings - Query language substitutions: {}
22:43:21.035 [Test worker] DEBUG org.hibernate.cfg.Settings - JPA query language strict compliance: disabled
22:43:21.035 [Test worker] DEBUG org.hibernate.cfg.Settings - Named query checking : enabled
22:43:21.035 [Test worker] DEBUG org.hibernate.cfg.Settings - Second-level cache: enabled
22:43:21.035 [Test worker] DEBUG org.hibernate.cfg.Settings - Second-level query cache: disabled
22:43:21.035 [Test worker] DEBUG org.hibernate.cfg.Settings - Second-level query cache factory: org.hibernate.cache.internal.StandardQueryCacheFactory@642ee2c6
22:43:21.035 [Test worker] DEBUG org.hibernate.cfg.Settings - Second-level cache region prefix: null
22:43:21.035 [Test worker] DEBUG org.hibernate.cfg.Settings - Optimize second-level cache for minimal puts: disabled
22:43:21.036 [Test worker] DEBUG org.hibernate.cfg.Settings - Structured second-level cache entries: disabled
22:43:21.036 [Test worker] DEBUG org.hibernate.cfg.Settings - Second-level cache direct-reference entries: disabled
22:43:21.036 [Test worker] DEBUG org.hibernate.cfg.Settings - Automatic eviction of collection cache: disabled
22:43:21.036 [Test worker] DEBUG org.hibernate.cfg.Settings - JDBC batch size: 15
22:43:21.036 [Test worker] DEBUG org.hibernate.cfg.Settings - JDBC batch updates for versioned data: enabled
22:43:21.036 [Test worker] DEBUG org.hibernate.cfg.Settings - Scrollable result sets: enabled
22:43:21.036 [Test worker] DEBUG org.hibernate.cfg.Settings - Wrap result sets: disabled
22:43:21.036 [Test worker] DEBUG org.hibernate.cfg.Settings - JDBC3 getGeneratedKeys(): enabled
22:43:21.036 [Test worker] DEBUG org.hibernate.cfg.Settings - JDBC result set fetch size: null
22:43:21.036 [Test worker] DEBUG org.hibernate.cfg.Settings - Connection release mode: ON_CLOSE
22:43:21.036 [Test worker] DEBUG org.hibernate.cfg.Settings - Generate SQL with comments: disabled
22:43:21.104 [Test worker] DEBUG org.hibernate.internal.SessionFactoryImpl - Session factory constructed with filter configurations : {}
22:43:21.104 [Test worker] DEBUG org.hibernate.internal.SessionFactoryImpl - Instantiating session factory with properties: {sun.desktop=windows, awt.toolkit=sun.awt.windows.WToolkit, file.encoding.pkg=sun.io, java.specification.version=1.8, hibernate.connection.handling_mode=DELAYED_ACQUISITION_AND_HOLD, sun.cpu.isalist=amd64, sun.jnu.encoding=Cp1252, org.gradle.test.worker=1, java.class.path=C:\WORK\Projects\vovinam\vovinam-logic\build\classes\test;C:\WORK\Projects\vovinam\vovinam-logic\build\resources\test;C:\WORK\Projects\vovinam\vovinam-logic\build\classes\main;C:\WORK\Projects\vovinam\vovinam-logic\build\resources\main;C:\Users\OSF\.gradle\caches\modules-2\files-2.1\org.slf4j\slf4j-api\1.7.21\139535a69a4239db087de9bab0bee568bf8e0b70\slf4j-api-1.7.21.jar;C:\Users\OSF\.gradle\caches\modules-2\files-2.1\ch.qos.logback\logback-classic\1.1.7\9865cf6994f9ff13fce0bf93f2054ef6c65bb462\logback-classic-1.1.7.jar;C:\Users\OSF\.gradle\caches\modules-2\files-2.1\org.flywaydb\flyway-core\4.0.3\638bafe93a0f8bf0fe5224bbf0a84a2fdaa65d1f\flyway-core-4.0.3.jar;C:\Users\OSF\.gradle\caches\modules-2\files-2.1\org.hsqldb\hsqldb\2.0.0\c9d525ce1a464185e6b01c7de872127a06092673\hsqldb-2.0.0.jar;C:\Users\OSF\.gradle\caches\modules-2\files-2.1\org.hibernate\hibernate-core\5.2.4.Final\52414fccd4429d8f723996e26c61330df094d06c\hibernate-core-5.2.4.Final.jar;C:\Users\OSF\.gradle\caches\modules-2\files-2.1\org.hibernate\hibernate-entitymanager\5.2.4.Final\b5f9506bbff26ce5c75f16e568fa43d148d0f1d1\hibernate-entitymanager-5.2.4.Final.jar;C:\Users\OSF\.gradle\caches\modules-2\files-2.1\org.eclipse.persistence\eclipselink\2.6.3\7c8ca22df28ccd67cca0968b6228991b8ec1526c\eclipselink-2.6.3.jar;C:\Users\OSF\.gradle\caches\modules-2\files-2.1\org.eclipse.persistence\org.eclipse.persistence.jpa\2.6.3\6ad29d3a30b18c27afa3204c8b9f060b74d4d5df\org.eclipse.persistence.jpa-2.6.3.jar;C:\Users\OSF\.gradle\caches\modules-2\files-2.1\org.hibernate\hibernate-validator\5.2.4.Final\fb18766b576aa6632bcfe9a20a023cbd52bf9769\hibernate-validator-5.2.4.Final.jar;C:\Users\OSF\.gradle\caches\modules-2\files-2.1\org.springframework.data\spring-data-rest-core\2.5.2.RELEASE\48b3f98fb7007c0eb077aa2c2ade0e541695de7\spring-data-rest-core-2.5.2.RELEASE.jar;C:\Users\OSF\.gradle\caches\modules-2\files-2.1\org.springframework.boot\spring-boot-starter-data-jpa\1.3.7.RELEASE\4c99d7c408480327b6a2c555424e80824a8561af\spring-boot-starter-data-jpa-1.3.7.RELEASE.jar;C:\Users\OSF\.gradle\caches\modules-2\files-2.1\org.springframework\spring-context-support\4.3.1.RELEASE\19136d4a62e08224651bb14f10aedb93f193329d\spring-context-support-4.3.1.RELEASE.jar;C:\Users\OSF\.gradle\caches\modules-2\files-2.1\org.springframework\spring-oxm\4.3.1.RELEASE\8041be12f4b73c5da933fe25abde103613f7a780\spring-oxm-4.3.1.RELEASE.jar;C:\Users\OSF\.gradle\caches\modules-2\files-2.1\org.springframework.cloud\spring-cloud-aws-autoconfigure\1.0.4.RELEASE\afd61e9b0e86395321cd382fa201f11c318e124f\spring-cloud-aws-autoconfigure-1.0.4.RELEASE.jar;C:\Users\OSF\.gradle\caches\modules-2\files-2.1\com.amazonaws\aws-java-sdk\1.11.12\b7cc835a9eb912ce4e0893ac8b420bf38e229882\aws-java-sdk-1.11.12.jar;C:\Users\OSF\.gradle\caches\modules-2\files-2.1\commons-io\commons-io\2.5\2852e6e05fbb95076fc091f6d1780f1f8fe35e0f\commons-io-2.5.jar;C:\Users\OSF\.gradle\caches\modules-2\files-2.1\com.twilio.sdk\twilio-java-sdk\6.3.0\1a2bd3a86d2653712c63ba81efc050056c70d31c\twilio-java-sdk-6.3.0.jar;C:\Users\OSF\.gradle\caches\modules-2\files-2.1\com.google.guava\guava\19.0\6ce200f6b23222af3d8abb6b6459e6c44f4bb0e9\guava-19.0.jar;C:\Users\OSF\.gradle\caches\modules-2\files-2.1\com.opencsv\opencsv\3.8\248d4d05fe253a02a05601978f7de1305b8a961e\opencsv-3.8.jar;C:\Users\OSF\.gradle\caches\modules-2\files-2.1\org.ini4j\ini4j\0.5.4\4a3ee4146a90c619b20977d65951825f5675b560\ini4j-0.5.4.jar;C:\Users\OSF\.gradle\caches\modules-2\files-2.1\com.h2database\h2\1.4.192\1106492605db135523d2817881cdf029d9292afa\h2-1.4.192.jar;C:\Users\OSF\.gradle\caches\modules-2\files-2.1\org.postgresql\postgresql\9.4.1211\721e3017fab68db9f0b08537ec91b8d757973ca8\postgresql-9.4.1211.jar;C:\Users\OSF\.gradle\caches\modules-2\files-2.1\org.hamcrest\hamcrest-all\1.3\63a21ebc981131004ad02e0434e799fd7f3a8d5a\hamcrest-all-1.3.jar;C:\Users\OSF\.gradle\caches\modules-2\files-2.1\org.mockito\mockito-all\1.10.19\539df70269cc254a58cccc5d8e43286b4a73bf30\mockito-all-1.10.19.jar;C:\Users\OSF\.gradle\caches\modules-2\files-2.1\junit\junit\4.12\2973d150c0dc1fefe998f834810d68f278ea58ec\junit-4.12.jar;C:\Users\OSF\.gradle\caches\modules-2\files-2.1\org.springframework.boot\spring-boot-starter-test\1.3.7.RELEASE\3fc296dcbb0c718d0fb0e7c1182b6edee9e6247d\spring-boot-starter-test-1.3.7.RELEASE.jar;C:\Users\OSF\.gradle\caches\modules-2\files-2.1\ch.qos.logback\logback-core\1.1.7\7873092d39ef741575ca91378a6a21c388363ac8\logback-core-1.1.7.jar;C:\Users\OSF\.gradle\caches\modules-2\files-2.1\org.jboss.logging\jboss-logging\3.3.0.Final\3616bb87707910296e2c195dc016287080bba5af\jboss-logging-3.3.0.Final.jar;C:\Users\OSF\.gradle\caches\modules-2\files-2.1\org.hibernate.javax.persistence\hibernate-jpa-2.1-api\1.0.0.Final\5e731d961297e5a07290bfaf3db1fbc8bbbf405a\hibernate-jpa-2.1-api-1.0.0.Final.jar;C:\Users\OSF\.gradle\caches\modules-2\files-2.1\org.javassist\javassist\3.18.1-GA\d9a09f7732226af26bf99f19e2cffe0ae219db5b\javassist-3.18.1-GA.jar;C:\Users\OSF\.gradle\caches\modules-2\files-2.1\antlr\antlr\2.7.7\83cd2cd674a217ade95a4bb83a8a14f351f48bd0\antlr-2.7.7.jar;C:\Users\OSF\.gradle\caches\modules-2\files-2.1\org.apache.geronimo.specs\geronimo-jta_1.1_spec\1.1.1\aabab3165b8ea936b9360abbf448459c0d04a5a4\geronimo-jta_1.1_spec-1.1.1.jar;C:\Users\OSF\.gradle\caches\modules-2\files-2.1\org.jboss\jandex\2.0.0.Final\3e899258936f94649c777193e1be846387ed54b3\jandex-2.0.0.Final.jar;C:\Users\OSF\.gradle\caches\modules-2\files-2.1\com.fasterxml\classmate\1.3.0\183407ff982e9375f1a1c4a51ed0a9307c598fc7\classmate-1.3.0.jar;C:\Users\OSF\.gradle\caches\modules-2\files-2.1\dom4j\dom4j\1.6.1\5d3ccc056b6f056dbf0dddfdf43894b9065a8f94\dom4j-1.6.1.jar;C:\Users\OSF\.gradle\caches\modules-2\files-2.1\org.hibernate.common\hibernate-commons-annotations\5.0.1.Final\71e1cff3fcb20d3b3af4f3363c3ddb24d33c6879\hibernate-commons-annotations-5.0.1.Final.jar;C:\Users\OSF\.gradle\caches\modules-2\files-2.1\javax.enterprise\cdi-api\1.1\78b1feee99b05a78575fb2fd79fb77be5e74420d\cdi-api-1.1.jar;C:\Users\OSF\.gradle\caches\modules-2\files-2.1\org.eclipse.persistence\javax.persistence\2.1.1\4954fdf995d5083a1bdbf171ea3b240b88c85bac\javax.persistence-2.1.1.jar;C:\Users\OSF\.gradle\caches\modules-2\files-2.1\org.eclipse.persistence\commonj.sdo\2.1.1\90d4c89ce0a69f58619f1a247bbf420122139ff5\commonj.sdo-2.1.1.jar;C:\Users\OSF\.gradle\caches\modules-2\files-2.1\javax.validation\validation-api\1.1.0.Final\8613ae82954779d518631e05daa73a6a954817d5\validation-api-1.1.0.Final.jar;C:\Users\OSF\.gradle\caches\modules-2\files-2.1\org.glassfish\javax.json\1.0.4\3178f73569fd7a1e5ffc464e680f7a8cc784b85a\javax.json-1.0.4.jar;C:\Users\OSF\.gradle\caches\modules-2\files-2.1\org.eclipse.persistence\org.eclipse.persistence.asm\2.6.3\1b782599e04e3a939ca5cb3384e06452d467a28\org.eclipse.persistence.asm-2.6.3.jar;C:\Users\OSF\.gradle\caches\modules-2\files-2.1\org.eclipse.persistence\org.eclipse.persistence.antlr\2.6.3\2a128d8c4d81bce1b55e2460aaaced209d3bb291\org.eclipse.persistence.antlr-2.6.3.jar;C:\Users\OSF\.gradle\caches\modules-2\files-2.1\org.eclipse.persistence\org.eclipse.persistence.jpa.jpql\2.6.3\d439450b539c7ada8dacb77fe6f7a4e3686e5a2\org.eclipse.persistence.jpa.jpql-2.6.3.jar;C:\Users\OSF\.gradle\caches\modules-2\files-2.1\org.eclipse.persistence\org.eclipse.persistence.core\2.6.3\83715ca7a8ff01c9a1ba5f1f4218d32dc08623cc\org.eclipse.persistence.core-2.6.3.jar;C:\Users\OSF\.gradle\caches\modules-2\files-2.1\org.springframework\spring-tx\4.3.1.RELEASE\1b269e73fb417e95edb308c7cf787d813eab488f\spring-tx-4.3.1.RELEASE.jar;C:\Users\OSF\.gradle\caches\modules-2\files-2.1\org.springframework.hateoas\spring-hateoas\0.19.0.RELEASE\77b3b15c301d2517356b76304a2670df33ef2e2c\spring-hateoas-0.19.0.RELEASE.jar;C:\Users\OSF\.gradle\caches\modules-2\files-2.1\org.springframework.data\spring-data-commons\1.11.4.RELEASE\c2b1fd4dbf7dff772d6124bb35892759e8bf088e\spring-data-commons-1.11.4.RELEASE.jar;C:\Users\OSF\.gradle\caches\modules-2\files-2.1\org.springframework.plugin\spring-plugin-core\1.2.0.RELEASE\f380e7760032e7d929184f8ad8a33716b75c0657\spring-plugin-core-1.2.0.RELEASE.jar;C:\Users\OSF\.gradle\caches\modules-2\files-2.1\org.atteo\evo-inflector\1.2.1\b9cdd1e7dc20a222db0853dfb152ef349c7d0eed\evo-inflector-1.2.1.jar;C:\Users\OSF\.gradle\caches\modules-2\files-2.1\com.fasterxml.jackson.core\jackson-annotations\2.6.7\7e08eafe72cbd11c955d92109108bd2bfaab979e\jackson-annotations-2.6.7.jar;C:\Users\OSF\.gradle\caches\modules-2\files-2.1\org.slf4j\jcl-over-slf4j\1.7.21\331b564a3a42f002a0004b039c1c430da89062cd\jcl-over-slf4j-1.7.21.jar;C:\Users\OSF\.gradle\caches\modules-2\files-2.1\org.springframework.boot\spring-boot-starter\1.3.7.RELEASE\daa99218e41f404c1fc9f1a191f90608e262c511\spring-boot-starter-1.3.7.RELEASE.jar;C:\Users\OSF\.gradle\caches\modules-2\files-2.1\org.springframework.boot\spring-boot-starter-aop\1.3.7.RELEASE\33d3c2081c69ee5b0638724bcd86b6cc13178bcc\spring-boot-starter-aop-1.3.7.RELEASE.jar;C:\Users\OSF\.gradle\caches\modules-2\files-2.1\org.springframework.boot\spring-boot-starter-jdbc\1.3.7.RELEASE\6b8de3da2ed6793e0593cd31d824235c82dbb52d\spring-boot-starter-jdbc-1.3.7.RELEASE.jar;C:\Users\OSF\.gradle\caches\modules-2\files-2.1\javax.transaction\javax.transaction-api\1.2\d81aff979d603edd90dcd8db2abc1f4ce6479e3e\javax.transaction-api-1.2.jar;C:\Users\OSF\.gradle\caches\modules-2\files-2.1\org.springframework.data\spring-data-jpa\1.9.4.RELEASE\80b83510e67aa085b7d91d2d096d90133ec995de\spring-data-jpa-1.9.4.RELEASE.jar;C:\Users\OSF\.gradle\caches\modules-2\files-2.1\org.springframework\spring-aspects\4.3.1.RELEASE\4794632ef0640eaa37548287c064b7760dae1448\spring-aspects-4.3.1.RELEASE.jar;C:\Users\OSF\.gradle\caches\modules-2\files-2.1\org.springframework\spring-beans\4.3.1.RELEASE\4bdfad34241497243bd5d6e434f3a48c822377e0\spring-beans-4.3.1.RELEASE.jar;C:\Users\OSF\.gradle\caches\modules-2\files-2.1\org.springframework\spring-context\4.3.1.RELEASE\254b02ed3f07fb847801fadc69eb1d99018d6004\spring-context-4.3.1.RELEASE.jar;C:\Users\OSF\.gradle\caches\modules-2\files-2.1\org.springframework\spring-core\4.3.1.RELEASE\8f9dee8b2ea55785b4ec9d3fbac16c0df424493d\spring-core-4.3.1.RELEASE.jar;C:\Users\OSF\.gradle\caches\modules-2\files-2.1\org.springframework.cloud\spring-cloud-aws-context\1.0.4.RELEASE\678ccf8b48823e2b5538afe3992b33e51fc51312\spring-cloud-aws-context-1.0.4.RELEASE.jar;C:\Users\OSF\.gradle\caches\modules-2\files-2.1\org.springframework.boot\spring-boot-autoconfigure\1.3.7.RELEASE\e504fcf32d2e7f8ac86d838268f64cd53b528ebb\spring-boot-autoconfigure-1.3.7.RELEASE.jar;C:\Users\OSF\.gradle\caches\modules-2\files-2.1\javax.mail\javax.mail-api\1.5.5\c21af4475b2873b39b0d7b5d08cf4a7547eb37f8\javax.mail-api-1.5.5.jar;C:\Users\OSF\.gradle\caches\modules-2\files-2.1\com.amazonaws\elasticache-java-cluster-client\1.0.61.0\a59805775c0ef77b3cb336850c1b08115c51becc\elasticache-java-cluster-client-1.0.61.0.jar;C:\Users\OSF\.gradle\caches\modules-2\files-2.1\com.amazonaws\aws-java-sdk-support\1.11.12\502c38999098b5232a9a29cf0942de7908a52477\aws-java-sdk-support-1.11.12.jar;C:\Users\OSF\.gradle\caches\modules-2\files-2.1\com.amazonaws\aws-java-sdk-simpledb\1.11.12\a5bb051839287d6233561e45cf8dec8bf9137a19\aws-java-sdk-simpledb-1.11.12.jar;C:\Users\OSF\.gradle\caches\modules-2\files-2.1\com.amazonaws\aws-java-sdk-simpleworkflow\1.11.12\f898c9807343839ea52e2bbf7b2dbf7dd3df6429\aws-java-sdk-simpleworkflow-1.11.12.jar;C:\Users\OSF\.gradle\caches\modules-2\files-2.1\com.amazonaws\aws-java-sdk-storagegateway\1.11.12\5a965f4c9b805b1029e1f27d27876b3d030df605\aws-java-sdk-storagegateway-1.11.12.jar;C:\Users\OSF\.gradle\caches\modules-2\files-2.1\com.amazonaws\aws-java-sdk-route53\1.11.12\7648e5e382685726f295b8827271af6e4ee30821\aws-java-sdk-route53-1.11.12.jar;C:\Users\OSF\.gradle\caches\modules-2\files-2.1\com.amazonaws\aws-java-sdk-s3\1.11.12\8e042d365b21b0aaf33f31edbb18a4d3d111dc49\aws-java-sdk-s3-1.11.12.jar;C:\Users\OSF\.gradle\caches\modules-2\files-2.1\com.amazonaws\aws-java-sdk-importexport\1.11.12\ea035b6460d3ed77b35b00ba1c5989ee01eb3edb\aws-java-sdk-importexport-1.11.12.jar;C:\Users\OSF\.gradle\caches\modules-2\files-2.1\com.amazonaws\aws-java-sdk-sts\1.11.12\43efedff27e5312081a69b991ead021a83c64308\aws-java-sdk-sts-1.11.12.jar;C:\Users\OSF\.gradle\caches\modules-2\files-2.1\com.amazonaws\aws-java-sdk-sqs\1.11.12\70b614f282bfb575e7609b210afe5e0304d5b606\aws-java-sdk-sqs-1.11.12.jar;C:\Users\OSF\.gradle\caches\modules-2\files-2.1\com.amazonaws\aws-java-sdk-rds\1.11.12\8e0e8e78a585e6d1b9db2466f98c837515fd4b37\aws-java-sdk-rds-1.11.12.jar;C:\Users\OSF\.gradle\caches\modules-2\files-2.1\com.amazonaws\aws-java-sdk-redshift\1.11.12\4604c7f7b65db752cba1a55e74ad49a9528bb839\aws-java-sdk-redshift-1.11.12.jar;C:\Users\OSF\.gradle\caches\modules-2\files-2.1\com.amazonaws\aws-java-sdk-elasticbeanstalk\1.11.12\ecb079748adb033cb422255d8d67c06b34e979d5\aws-java-sdk-elasticbeanstalk-1.11.12.jar;C:\Users\OSF\.gradle\caches\modules-2\files-2.1\com.amazonaws\aws-java-sdk-glacier\1.11.12\59722b68e44c27efef2821e59ad1c036b8607ce8\aws-java-sdk-glacier-1.11.12.jar;C:\Users\OSF\.gradle\caches\modules-2\files-2.1\com.amazonaws\aws-java-sdk-iam\1.11.12\347c1eeede54265b95748b62181f438715bac628\aws-java-sdk-iam-1.11.12.jar;C:\Users\OSF\.gradle\caches\modules-2\files-2.1\com.amazonaws\aws-java-sdk-datapipeline\1.11.12\7d13e1917f5abd43422f559fcdf2b6ce1db49d3c\aws-java-sdk-datapipeline-1.11.12.jar;C:\Users\OSF\.gradle\caches\modules-2\files-2.1\com.amazonaws\aws-java-sdk-elasticloadbalancing\1.11.12\bd61619580ad009950165bf0cd19cc616b14253c\aws-java-sdk-elasticloadbalancing-1.11.12.jar;C:\Users\OSF\.gradle\caches\modules-2\files-2.1\com.amazonaws\aws-java-sdk-emr\1.11.12\3e171aa3651bb3bedd48279718261daa6c93081f\aws-java-sdk-emr-1.11.12.jar;C:\Users\OSF\.gradle\caches\modules-2\files-2.1\com.amazonaws\aws-java-sdk-elastictranscoder\1.11.12\f42e4572199dd24ec77fed1032cd9b76a0f72b3e\aws-java-sdk-elastictranscoder-1.11.12.jar;C:\Users\OSF\.gradle\caches\modules-2\files-2.1\com.amazonaws\aws-java-sdk-ec2\1.11.12\2a854671389300216c021a0bd576731eb0fa288d\aws-java-sdk-ec2-1.11.12.jar;C:\Users\OSF\.gradle\caches\modules-2\files-2.1\com.amazonaws\aws-java-sdk-dynamodb\1.11.12\df303bce538a6f12e48307b3a40ea7aafc2984ef\aws-java-sdk-dynamodb-1.11.12.jar;C:\Users\OSF\.gradle\caches\modules-2\files-2.1\com.amazonaws\aws-java-sdk-sns\1.11.12\49eecc00c94aa124bea4056fb0ab3fa289299f9f\aws-java-sdk-sns-1.11.12.jar;C:\Users\OSF\.gradle\caches\modules-2\files-2.1\com.amazonaws\aws-java-sdk-cloudtrail\1.11.12\af63a48239ad709f8795c9aa47bb3a500e309db7\aws-java-sdk-cloudtrail-1.11.12.jar;C:\Users\OSF\.gradle\caches\modules-2\files-2.1\com.amazonaws\aws-java-sdk-cloudwatch\1.11.12\9464a2932a37de8fe8d9122777c70b6275675a57\aws-java-sdk-cloudwatch-1.11.12.jar;C:\Users\OSF\.gradle\caches\modules-2\files-2.1\com.amazonaws\aws-java-sdk-logs\1.11.12\3a9368963f4173d428b164c9fe2727e6a765f4e4\aws-java-sdk-logs-1.11.12.jar;C:\Users\OSF\.gradle\caches\modules-2\files-2.1\com.amazonaws\aws-java-sdk-events\1.11.12\91aebc6dedbc80e743a3f1d1c299b85cb1c4c415\aws-java-sdk-events-1.11.12.jar;C:\Users\OSF\.gradle\caches\modules-2\files-2.1\com.amazonaws\aws-java-sdk-cognitoidentity\1.11.12\4020c5768220a4df20ca9d3013a435d6585e3632\aws-java-sdk-cognitoidentity-1.11.12.jar;C:\Users\OSF\.gradle\caches\modules-2\files-2.1\com.amazonaws\aws-java-sdk-cognitosync\1.11.12\41141ff2b9a75cd6cbb7d7bb238190b180b4e074\aws-java-sdk-cognitosync-1.11.12.jar;C:\Users\OSF\.gradle\caches\modules-2\files-2.1\com.amazonaws\aws-java-sdk-directconnect\1.11.12\8db0ac19575b7406ac59a22442c38a5fd3e85ad7\aws-java-sdk-directconnect-1.11.12.jar;C:\Users\OSF\.gradle\caches\modules-2\files-2.1\com.amazonaws\aws-java-sdk-cloudformation\1.11.12\436edfd858e6f50ba88c334b9d50dbea5fe42853\aws-java-sdk-cloudformation-1.11.12.jar;C:\Users\OSF\.gradle\caches\modules-2\files-2.1\com.amazonaws\aws-java-sdk-cloudfront\1.11.12\ad2a8ccf3ec3baf2de36caefcb5e9e974f1c30c5\aws-java-sdk-cloudfront-1.11.12.jar;C:\Users\OSF\.gradle\caches\modules-2\files-2.1\com.amazonaws\aws-java-sdk-kinesis\1.11.12\49f194aeb2e4b405ebcb45bd3d42c6ecbbdeb71e\aws-java-sdk-kinesis-1.11.12.jar;C:\Users\OSF\.gradle\caches\modules-2\files-2.1\com.amazonaws\aws-java-sdk-opsworks\1.11.12\daa424bc05ae0e81927874573cf0e90520a631f1\aws-java-sdk-opsworks-1.11.12.jar;C:\Users\OSF\.gradle\caches\modules-2\files-2.1\com.amazonaws\aws-java-sdk-autoscaling\1.11.12\af7684ae96bee0b26ef73c9dd87be269b3fc54ec\aws-java-sdk-autoscaling-1.11.12.jar;C:\Users\OSF\.gradle\caches\modules-2\files-2.1\com.amazonaws\aws-java-sdk-cloudsearch\1.11.12\6813885c5702a4cac83d92443c0f8e12211d8ea\aws-java-sdk-cloudsearch-1.11.12.jar;C:\Users\OSF\.gradle\caches\modules-2\files-2.1\com.amazonaws\aws-java-sdk-cloudwatchmetrics\1.11.12\f836aa03019bd3001755db18f4cda513ec914c23\aws-java-sdk-cloudwatchmetrics-1.11.12.jar;C:\Users\OSF\.gradle\caches\modules-2\files-2.1\com.amazonaws\aws-java-sdk-swf-libraries\1.11.12\2d080f19dfee117b69efb53ab966421f731ea854\aws-java-sdk-swf-libraries-1.11.12.jar;C:\Users\OSF\.gradle\caches\modules-2\files-2.1\com.amazonaws\aws-java-sdk-codedeploy\1.11.12\f7d57c0a2624f0009a8a427db9e1101bd811f898\aws-java-sdk-codedeploy-1.11.12.jar;C:\Users\OSF\.gradle\caches\modules-2\files-2.1\com.amazonaws\aws-java-sdk-codepipeline\1.11.12\a25eccc514f8fb4c643a5c5721e82bd9f4e6c14c\aws-java-sdk-codepipeline-1.11.12.jar;C:\Users\OSF\.gradle\caches\modules-2\files-2.1\com.amazonaws\aws-java-sdk-kms\1.11.12\47ed1a4120fa57d9a3e7d58fb68c793d7b29c61d\aws-java-sdk-kms-1.11.12.jar;C:\Users\OSF\.gradle\caches\modules-2\files-2.1\com.amazonaws\aws-java-sdk-config\1.11.12\af22d865ea4359f37d2e723826f9f62948b28b06\aws-java-sdk-config-1.11.12.jar;C:\Users\OSF\.gradle\caches\modules-2\files-2.1\com.amazonaws\aws-java-sdk-lambda\1.11.12\230f7ccb7b3540fbcfe9ef9f75c9fc7e4d044908\aws-java-sdk-lambda-1.11.12.jar;C:\Users\OSF\.gradle\caches\modules-2\files-2.1\com.amazonaws\aws-java-sdk-ecs\1.11.12\6bf699d21db5ffaf0ed57d52cc2a9564d69d9f8b\aws-java-sdk-ecs-1.11.12.jar;C:\Users\OSF\.gradle\caches\modules-2\files-2.1\com.amazonaws\aws-java-sdk-ecr\1.11.12\9c526a9480c76f3018c4a50c63d83818a9ee8b65\aws-java-sdk-ecr-1.11.12.jar;C:\Users\OSF\.gradle\caches\modules-2\files-2.1\com.amazonaws\aws-java-sdk-cloudhsm\1.11.12\7f5fd34878912c9dc94c26ebe808b13babe0b967\aws-java-sdk-cloudhsm-1.11.12.jar;C:\Users\OSF\.gradle\caches\modules-2\files-2.1\com.amazonaws\aws-java-sdk-ssm\1.11.12\d0be4f539701ea9b0493dfa7a505b1fcd6f4f739\aws-java-sdk-ssm-1.11.12.jar;C:\Users\OSF\.gradle\caches\modules-2\files-2.1\com.amazonaws\aws-java-sdk-workspaces\1.11.12\1461c260e8579923837e5c6dce5ae53370dfffe1\aws-java-sdk-workspaces-1.11.12.jar;C:\Users\OSF\.gradle\caches\modules-2\files-2.1\com.amazonaws\aws-java-sdk-machinelearning\1.11.12\80ce16e7dda9d217d9cba1eb0df3ccc58fb84962\aws-java-sdk-machinelearning-1.11.12.jar;C:\Users\OSF\.gradle\caches\modules-2\files-2.1\com.amazonaws\aws-java-sdk-directory\1.11.12\de4bf52a388e3b65c067cda582e7270110597d38\aws-java-sdk-directory-1.11.12.jar;C:\Users\OSF\.gradle\caches\modules-2\files-2.1\com.amazonaws\aws-java-sdk-efs\1.11.12\16c633d8a4cd9a8aebda92e8b369073a5f674e6c\aws-java-sdk-efs-1.11.12.jar;C:\Users\OSF\.gradle\caches\modules-2\files-2.1\com.amazonaws\aws-java-sdk-codecommit\1.11.12\4ae84f76ce5807b32fead199576778191f593bdb\aws-java-sdk-codecommit-1.11.12.jar;C:\Users\OSF\.gradle\caches\modules-2\files-2.1\com.amazonaws\aws-java-sdk-devicefarm\1.11.12\ffabf62240c0c49675b7e97fb6192bae306e7264\aws-java-sdk-devicefarm-1.11.12.jar;C:\Users\OSF\.gradle\caches\modules-2\files-2.1\com.amazonaws\aws-java-sdk-elasticsearch\1.11.12\d8e6c729f72a80dded88e9604b8cbc1c678b3838\aws-java-sdk-elasticsearch-1.11.12.jar;C:\Users\OSF\.gradle\caches\modules-2\files-2.1\com.amazonaws\aws-java-sdk-waf\1.11.12\d195c80d4072bf79c08ec8f3669cea7b50d034da\aws-java-sdk-waf-1.11.12.jar;C:\Users\OSF\.gradle\caches\modules-2\files-2.1\com.amazonaws\aws-java-sdk-marketplacecommerceanalytics\1.11.12\e530d63fb64fc2cf30bdbd36a93b189053653487\aws-java-sdk-marketplacecommerceanalytics-1.11.12.jar;C:\Users\OSF\.gradle\caches\modules-2\files-2.1\com.amazonaws\aws-java-sdk-inspector\1.11.12\f931bca80914831bc64ce177d05d0a2086ca37aa\aws-java-sdk-inspector-1.11.12.jar;C:\Users\OSF\.gradle\caches\modules-2\files-2.1\com.amazonaws\aws-java-sdk-iot\1.11.12\cc43f63e35beae71cd5c65f7b8b87a0e6ca6d7c5\aws-java-sdk-iot-1.11.12.jar;C:\Users\OSF\.gradle\caches\modules-2\files-2.1\com.amazonaws\aws-java-sdk-api-gateway\1.11.12\a8fd7a8b13857ce14d61c6bbf4b926cfee152561\aws-java-sdk-api-gateway-1.11.12.jar;C:\Users\OSF\.gradle\caches\modules-2\files-2.1\com.amazonaws\aws-java-sdk-acm\1.11.12\f15ccc7cb89cfbc965aa516603cde091fac1f84a\aws-java-sdk-acm-1.11.12.jar;C:\Users\OSF\.gradle\caches\modules-2\files-2.1\com.amazonaws\aws-java-sdk-gamelift\1.11.12\48aa8ad33fb9c5790f14e4022219b40913883a5e\aws-java-sdk-gamelift-1.11.12.jar;C:\Users\OSF\.gradle\caches\modules-2\files-2.1\com.amazonaws\aws-java-sdk-dms\1.11.12\f1c5404045f6e617f3ebdc3fc6185b3d5b6d7d1c\aws-java-sdk-dms-1.11.12.jar;C:\Users\OSF\.gradle\caches\modules-2\files-2.1\com.amazonaws\aws-java-sdk-marketplacemeteringservice\1.11.12\cc1ca5869569c8cf72f0f6c484939e7d67ffdcfa\aws-java-sdk-marketplacemeteringservice-1.11.12.jar;C:\Users\OSF\.gradle\caches\modules-2\files-2.1\com.amazonaws\aws-java-sdk-cognitoidp\1.11.12\670a74e2a0dd1cd114c3f29adae03246646465ab\aws-java-sdk-cognitoidp-1.11.12.jar;C:\Users\OSF\.gradle\caches\modules-2\files-2.1\com.amazonaws\aws-java-sdk-discovery\1.11.12\ac6504efb827cda57f1d6219ca27d280dd939c42\aws-java-sdk-discovery-1.11.12.jar;C:\Users\OSF\.gradle\caches\modules-2\files-2.1\com.amazonaws\aws-java-sdk-applicationautoscaling\1.11.12\11d06b5ec66e44e1e4157429d4bdd9561a03cba0\aws-java-sdk-applicationautoscaling-1.11.12.jar;C:\Users\OSF\.gradle\caches\modules-2\files-2.1\com.amazonaws\aws-java-sdk-core\1.11.12\5d701706b66f6bf0df68a79df8fca15657ba1479\aws-java-sdk-core-1.11.12.jar;C:\Users\OSF\.gradle\caches\modules-2\files-2.1\org.apache.httpcomponents\httpclient\4.5.2\733db77aa8d9b2d68015189df76ab06304406e50\httpclient-4.5.2.jar;C:\Users\OSF\.gradle\caches\modules-2\files-2.1\org.apache.httpcomponents\httpcore\4.4.5\e7501a1b34325abb00d17dde96150604a0658b54\httpcore-4.4.5.jar;C:\Users\OSF\.gradle\caches\modules-2\files-2.1\com.googlecode.json-simple\json-simple\1.1.1\c9ad4a0850ab676c5c64461a05ca524cdfff59f1\json-simple-1.1.1.jar;C:\Users\OSF\.gradle\caches\modules-2\files-2.1\org.codehaus.jackson\jackson-core-asl\1.9.3\e96286e8ebe4c5523d5621278dc2114116108a0e\jackson-core-asl-1.9.3.jar;C:\Users\OSF\.gradle\caches\modules-2\files-2.1\org.codehaus.jackson\jackson-mapper-asl\1.9.3\dd1373fe304f64ae3daa50e67b9b9cf6995ec1a0\jackson-mapper-asl-1.9.3.jar;C:\Users\OSF\.gradle\caches\modules-2\files-2.1\io.jsonwebtoken\jjwt\0.4\61ce246d937a0fd3acf06d3bef5fc9e3933ae812\jjwt-0.4.jar;C:\Users\OSF\.gradle\caches\modules-2\files-2.1\commons-beanutils\commons-beanutils\1.9.2\7a87d845ad3a155297e8f67d9008f4c1e5656b71\commons-beanutils-1.9.2.jar;C:\Users\OSF\.gradle\caches\modules-2\files-2.1\org.hamcrest\hamcrest-core\1.3\42a25dc3219429f0e5d060061f71acb49bf010a0\hamcrest-core-1.3.jar;C:\Users\OSF\.gradle\caches\modules-2\files-2.1\org.mockito\mockito-core\1.10.19\e8546f5bef4e061d8dd73895b4e8f40e3fe6effe\mockito-core-1.10.19.jar;C:\Users\OSF\.gradle\caches\modules-2\files-2.1\org.hamcrest\hamcrest-library\1.3\4785a3c21320980282f9f33d0d1264a69040538f\hamcrest-library-1.3.jar;C:\Users\OSF\.gradle\caches\modules-2\files-2.1\org.springframework\spring-test\4.3.1.RELEASE\a2bd22f6d13e283adf84f970494d0ec0ea156b55\spring-test-4.3.1.RELEASE.jar;C:\Users\OSF\.gradle\caches\modules-2\files-2.1\javax.el\el-api\2.2\42971279cc8ba864462580c7fc2199fd5715ee7f\el-api-2.2.jar;C:\Users\OSF\.gradle\caches\modules-2\files-2.1\org.jboss.spec.javax.interceptor\jboss-interceptors-api_1.1_spec\1.0.0.Beta1\8cb388fd3b4912373da7a18e199bb55aa52aa5c1\jboss-interceptors-api_1.1_spec-1.0.0.Beta1.jar;C:\Users\OSF\.gradle\caches\modules-2\files-2.1\javax.annotation\jsr250-api\1.0\5025422767732a1ab45d93abfea846513d742dcf\jsr250-api-1.0.jar;C:\Users\OSF\.gradle\caches\modules-2\files-2.1\javax.inject\javax.inject\1\6975da39a7040257bd51d21a231b76c915872d38\javax.inject-1.jar;C:\Users\OSF\.gradle\caches\modules-2\files-2.1\org.springframework\spring-aop\4.3.1.RELEASE\9d7222291b640bb238781e79d6b6a62840ecd820\spring-aop-4.3.1.RELEASE.jar;C:\Users\OSF\.gradle\caches\modules-2\files-2.1\org.springframework\spring-web\4.3.1.RELEASE\cd93b7f163d17062765c356203cd291af470018b\spring-web-4.3.1.RELEASE.jar;C:\Users\OSF\.gradle\caches\modules-2\files-2.1\org.springframework\spring-webmvc\4.3.1.RELEASE\3149d61391d72c9594d3ebc06570f561efd80527\spring-webmvc-4.3.1.RELEASE.jar;C:\Users\OSF\.gradle\caches\modules-2\files-2.1\org.springframework.boot\spring-boot\1.3.7.RELEASE\5078bba3b42645dd86417e907368bbed4344203e\spring-boot-1.3.7.RELEASE.jar;C:\Users\OSF\.gradle\caches\modules-2\files-2.1\org.springframework.boot\spring-boot-starter-logging\1.3.7.RELEASE\2d8d0eeaddacf78c68e67d20797dedea9adc1f33\spring-boot-starter-logging-1.3.7.RELEASE.jar;C:\Users\OSF\.gradle\caches\modules-2\files-2.1\org.yaml\snakeyaml\1.16\d64fb662c9e42789149f5078a62a22edda786c6a\snakeyaml-1.16.jar;C:\Users\OSF\.gradle\caches\modules-2\files-2.1\org.aspectj\aspectjweaver\1.8.9\db28774f477f07220eac18d5ec9c4e01f48589d7\aspectjweaver-1.8.9.jar;C:\Users\OSF\.gradle\caches\modules-2\files-2.1\org.apache.tomcat\tomcat-jdbc\8.0.36\51f718c096f0c0c6de00a45b578bad81b014aa5\tomcat-jdbc-8.0.36.jar;C:\Users\OSF\.gradle\caches\modules-2\files-2.1\org.springframework\spring-jdbc\4.3.1.RELEASE\1d4f954c1cf26d260cdb6faf6078d218628ca986\spring-jdbc-4.3.1.RELEASE.jar;C:\Users\OSF\.gradle\caches\modules-2\files-2.1\org.springframework\spring-orm\4.3.1.RELEASE\3e4bbaa214fc1abf55b481c6fb933b65bc4bac07\spring-orm-4.3.1.RELEASE.jar;C:\Users\OSF\.gradle\caches\modules-2\files-2.1\org.springframework\spring-expression\4.3.1.RELEASE\cda94fb45005824bbb9582efe0632265acbbc7fc\spring-expression-4.3.1.RELEASE.jar;C:\Users\OSF\.gradle\caches\modules-2\files-2.1\commons-logging\commons-logging\1.2\4bfc12adfe4842bf07b657f0369c4cb522955686\commons-logging-1.2.jar;C:\Users\OSF\.gradle\caches\modules-2\files-2.1\org.springframework.cloud\spring-cloud-aws-core\1.0.4.RELEASE\65aaa2dc9cb0d0856c4503f0c37f3d539358f57e\spring-cloud-aws-core-1.0.4.RELEASE.jar;C:\Users\OSF\.gradle\caches\modules-2\files-2.1\com.fasterxml.jackson.core\jackson-databind\2.6.7\1857f49ee9dffe1c8d17d4c3980e0d713af2806\jackson-databind-2.6.7.jar;C:\Users\OSF\.gradle\caches\modules-2\files-2.1\com.fasterxml.jackson.dataformat\jackson-dataformat-cbor\2.6.6\34c7b7ff495fc6b049612bdc9db0900a68e112f8\jackson-dataformat-cbor-2.6.6.jar;C:\Users\OSF\.gradle\caches\modules-2\files-2.1\joda-time\joda-time\2.8.2\d27c24204c5e507b16fec01006b3d0f1ec42aed4\joda-time-2.8.2.jar;C:\Users\OSF\.gradle\caches\modules-2\files-2.1\commons-codec\commons-codec\1.9\9ce04e34240f674bc72680f8b843b1457383161a\commons-codec-1.9.jar;C:\Users\OSF\.gradle\caches\modules-2\files-2.1\commons-collections\commons-collections\3.2.2\8ad72fe39fa8c91eaaf12aadb21e0c3661fe26d5\commons-collections-3.2.2.jar;C:\Users\OSF\.gradle\caches\modules-2\files-2.1\org.objenesis\objenesis\2.1\87c0ea803b69252868d09308b4618f766f135a96\objenesis-2.1.jar;C:\Users\OSF\.gradle\caches\modules-2\files-2.1\org.slf4j\jul-to-slf4j\1.7.21\2f22c882ffa479d1e9ff4eb0e8e2c29f2a0871ed\jul-to-slf4j-1.7.21.jar;C:\Users\OSF\.gradle\caches\modules-2\files-2.1\org.slf4j\log4j-over-slf4j\1.7.21\b3700d97464d99bdcd42c0177d6e7951c94d75ff\log4j-over-slf4j-1.7.21.jar;C:\Users\OSF\.gradle\caches\modules-2\files-2.1\org.apache.tomcat\tomcat-juli\8.0.36\2f04a42a84db65bd5666c79eb4865cc07eee5886\tomcat-juli-8.0.36.jar;C:\Users\OSF\.gradle\caches\modules-2\files-2.1\com.fasterxml.jackson.core\jackson-core\2.6.7\81838e08d5e10e33cdee7299f9682d836b78c63e\jackson-core-2.6.7.jar;C:\Users\OSF\.gradle\caches\modules-2\files-2.1\com.amazonaws\aws-java-sdk-elasticache\1.11.12\f64a87ba11aabc8bb5c2496d16397dc1cb89a9b4\aws-java-sdk-elasticache-1.11.12.jar;C:\Users\OSF\.gradle\caches\modules-2\files-2.1\com.amazonaws\aws-java-sdk-ses\1.11.12\c657f1df70f27ecc8438fc7bdd0171b3749968c1\aws-java-sdk-ses-1.11.12.jar;C:\Users\OSF\.gradle\caches\modules-2\files-2.1\org.apache.commons\commons-lang3\3.4\5fe28b9518e58819180a43a850fbc0dd24b7c050\commons-lang3-3.4.jar, java.vm.vendor=Oracle Corporation, sun.arch.data.model=64, user.variant=, java.vendor.url=http://java.oracle.com/, user.timezone=Europe/Athens, os.name=Windows 10, java.vm.specification.version=1.8, javax.persistence.validation.mode=AUTO, user.country=US, sun.java.launcher=SUN_STANDARD, sun.boot.library.path=C:\Program Files\Java\jdk1.8.0_91\jre\bin, sun.java.command=jarjar.org.gradle.process.internal.launcher.GradleWorkerMain 'Gradle Test Executor 1', javax.persistence.sharedCache.mode=UNSPECIFIED, sun.cpu.endian=little, user.home=C:\Users\OSF, user.language=en, java.specification.vendor=Oracle Corporation, java.home=C:\Program Files\Java\jdk1.8.0_91\jre, file.separator=\, line.separator=
, java.vm.specification.vendor=Oracle Corporation, java.specification.name=Java Platform API Specification, hibernate.transaction.coordinator_class=class org.hibernate.resource.transaction.backend.jdbc.internal.JdbcResourceLocalTransactionCoordinatorBuilderImpl, java.awt.graphicsenv=sun.awt.Win32GraphicsEnvironment, sun.boot.class.path=C:\Program Files\Java\jdk1.8.0_91\jre\lib\resources.jar;C:\Program Files\Java\jdk1.8.0_91\jre\lib\rt.jar;C:\Program Files\Java\jdk1.8.0_91\jre\lib\sunrsasign.jar;C:\Program Files\Java\jdk1.8.0_91\jre\lib\jsse.jar;C:\Program Files\Java\jdk1.8.0_91\jre\lib\jce.jar;C:\Program Files\Java\jdk1.8.0_91\jre\lib\charsets.jar;C:\Program Files\Java\jdk1.8.0_91\jre\lib\jfr.jar;C:\Program Files\Java\jdk1.8.0_91\jre\classes, hibernate.hbm2ddl.auto=update, user.script=, sun.management.compiler=HotSpot 64-Bit Tiered Compilers, java.runtime.version=1.8.0_91-b14, user.name=OSF, path.separator=;, os.version=10.0, java.endorsed.dirs=C:\Program Files\Java\jdk1.8.0_91\jre\lib\endorsed, java.runtime.name=Java(TM) SE Runtime Environment, hibernate.ejb.persistenceUnitName=default, file.encoding=UTF-8, java.vm.name=Java HotSpot(TM) 64-Bit Server VM, java.vendor.url.bug=http://bugreport.sun.com/bugreport/, java.io.tmpdir=C:\Users\OSF\AppData\Local\Temp\, java.version=1.8.0_91, user.dir=C:\WORK\Projects\vovinam\vovinam-logic, os.arch=amd64, java.vm.specification.name=Java Virtual Machine Specification, java.awt.printerjob=sun.awt.windows.WPrinterJob, sun.os.patch.level=, hibernate.boot.CfgXmlAccessService.key=org.hibernate.boot.cfgxml.spi.LoadedConfig@653694ea, java.library.path=C:\Program Files\Java\jdk1.8.0_91\bin;C:\WINDOWS\Sun\Java\bin;C:\WINDOWS\system32;C:\WINDOWS;C:\Program Files (x86)\NVIDIA Corporation\PhysX\Common;C:\ProgramData\Oracle\Java\javapath;C:\WINDOWS\system32;C:\WINDOWS;C:\WINDOWS\System32\Wbem;C:\WINDOWS\System32\WindowsPowerShell\v1.0\;C:\Program Files (x86)\Skype\Phone\;C:\Program Files\Git\cmd;C:\WORK\Tools\gradle-2.13\bin;C:\Program Files\nodejs\;C:\Users\OSF\AppData\Roaming\npm;%USERPROFILE%\AppData\Local\Microsoft\WindowsApps;;., java.vm.info=mixed mode, java.vendor=Oracle Corporation, java.vm.version=25.91-b14, hibernate.bytecode.use_reflection_optimizer=false, hibernate.connection.datasource=org.springframework.jdbc.datasource.embedded.EmbeddedDatabaseFactory$EmbeddedDataSourceProxy@74bd0f9c, java.ext.dirs=C:\Program Files\Java\jdk1.8.0_91\jre\lib\ext;C:\WINDOWS\Sun\Java\lib\ext, sun.io.unicode.encoding=UnicodeLittle, java.class.version=52.0}
22:43:21.135 [Test worker] INFO org.hibernate.validator.internal.util.Version - HV000001: Hibernate Validator 5.2.4.Final
22:43:21.157 [Test worker] DEBUG org.hibernate.validator.internal.engine.resolver.DefaultTraversableResolver - Found javax.persistence.Persistence on classpath containing 'getPersistenceUtil'. Assuming JPA 2 environment. Trying to instantiate JPA aware TraversableResolver
22:43:21.158 [Test worker] DEBUG org.hibernate.validator.internal.engine.resolver.DefaultTraversableResolver - Instantiated JPA aware TraversableResolver of type org.hibernate.validator.internal.engine.resolver.JPATraversableResolver.
22:43:21.169 [Test worker] DEBUG org.hibernate.validator.internal.xml.ValidationXmlParser - Trying to load META-INF/validation.xml for XML based Validator configuration.
22:43:21.170 [Test worker] DEBUG org.hibernate.validator.internal.xml.ResourceLoaderHelper - Trying to load META-INF/validation.xml via TCCL
22:43:21.171 [Test worker] DEBUG org.hibernate.validator.internal.xml.ResourceLoaderHelper - Trying to load META-INF/validation.xml via Hibernate Validator's class loader
22:43:21.171 [Test worker] DEBUG org.hibernate.validator.internal.xml.ValidationXmlParser - No META-INF/validation.xml found. Using annotation based configuration only.
22:43:21.209 [Test worker] DEBUG org.hibernate.boot.internal.ClassLoaderAccessImpl - Not known whether passed class name [ro.vovinam.logic.model.user.User] is safe
22:43:21.209 [Test worker] DEBUG org.hibernate.boot.internal.ClassLoaderAccessImpl - No temp ClassLoader provided; using live ClassLoader for loading potentially unsafe class : ro.vovinam.logic.model.user.User
22:43:21.288 [Test worker] DEBUG org.hibernate.secure.spi.JaccIntegrator - Skipping JACC integration as it was not enabled
22:43:21.292 [Test worker] DEBUG org.hibernate.engine.spi.CascadeStyles - External cascade style regsitration [persist : STYLE_PERSIST_SKIPLAZY] overrode base registration [STYLE_PERSIST]
22:43:21.309 [Test worker] DEBUG org.hibernate.internal.SessionFactoryImpl - Instantiated session factory
22:43:21.345 [Test worker] DEBUG org.hibernate.boot.internal.ClassLoaderAccessImpl - Not known whether passed class name [ro.vovinam.logic.model.user.User] is safe
22:43:21.345 [Test worker] DEBUG org.hibernate.boot.internal.ClassLoaderAccessImpl - No temp ClassLoader provided; using live ClassLoader for loading potentially unsafe class : ro.vovinam.logic.model.user.User
22:43:21.357 [Test worker] DEBUG org.hibernate.boot.internal.ClassLoaderAccessImpl - Not known whether passed class name [ro.vovinam.logic.model.user.User] is safe
22:43:21.357 [Test worker] DEBUG org.hibernate.boot.internal.ClassLoaderAccessImpl - No temp ClassLoader provided; using live ClassLoader for loading potentially unsafe class : ro.vovinam.logic.model.user.User
22:43:21.398 [Test worker] DEBUG org.hibernate.persister.entity.AbstractEntityPersister - Static SQL for entity: ro.vovinam.logic.model.user.User
22:43:21.399 [Test worker] DEBUG org.hibernate.persister.entity.AbstractEntityPersister -  Version select: select id from user where id =?
22:43:21.399 [Test worker] DEBUG org.hibernate.persister.entity.AbstractEntityPersister -  Snapshot select: select user_.id, user_.createDate as createDa2_0_, user_.lastUpdateUserName as lastUpda3_0_, user_.updateDate as updateDa4_0_, user_.email as email5_0_, user_.firstName as firstNam6_0_, user_.lastName as lastName7_0_, user_.password as password8_0_, user_.userName as userName9_0_ from user user_ where user_.id=?
22:43:21.399 [Test worker] DEBUG org.hibernate.persister.entity.AbstractEntityPersister -  Insert 0: insert into user (createDate, lastUpdateUserName, updateDate, email, firstName, lastName, password, userName, id) values (?, ?, ?, ?, ?, ?, ?, ?, ?)
22:43:21.399 [Test worker] DEBUG org.hibernate.persister.entity.AbstractEntityPersister -  Update 0: update user set createDate=?, lastUpdateUserName=?, updateDate=?, email=?, firstName=?, lastName=?, password=?, userName=? where id=?
22:43:21.399 [Test worker] DEBUG org.hibernate.persister.entity.AbstractEntityPersister -  Delete 0: delete from user where id=?
22:43:21.420 [Test worker] DEBUG org.hibernate.loader.plan.build.internal.spaces.QuerySpacesImpl - Adding QuerySpace : uid = <gen:0> -> org.hibernate.loader.plan.build.internal.spaces.EntityQuerySpaceImpl@41875997]
22:43:21.421 [Test worker] DEBUG org.hibernate.persister.walking.spi.MetamodelGraphWalker - Visiting attribute path : createDate
22:43:21.421 [Test worker] DEBUG org.hibernate.persister.walking.spi.MetamodelGraphWalker - Visiting attribute path : lastUpdateUserName
22:43:21.421 [Test worker] DEBUG org.hibernate.persister.walking.spi.MetamodelGraphWalker - Visiting attribute path : updateDate
22:43:21.421 [Test worker] DEBUG org.hibernate.persister.walking.spi.MetamodelGraphWalker - Visiting attribute path : email
22:43:21.421 [Test worker] DEBUG org.hibernate.persister.walking.spi.MetamodelGraphWalker - Visiting attribute path : firstName
22:43:21.421 [Test worker] DEBUG org.hibernate.persister.walking.spi.MetamodelGraphWalker - Visiting attribute path : lastName
22:43:21.421 [Test worker] DEBUG org.hibernate.persister.walking.spi.MetamodelGraphWalker - Visiting attribute path : password
22:43:21.421 [Test worker] DEBUG org.hibernate.persister.walking.spi.MetamodelGraphWalker - Visiting attribute path : userName
22:43:21.422 [Test worker] DEBUG org.hibernate.loader.plan.build.internal.FetchStyleLoadPlanBuildingAssociationVisitationStrategy - Building LoadPlan...
22:43:21.436 [Test worker] DEBUG org.hibernate.loader.plan.exec.internal.LoadQueryJoinAndFetchProcessor - processing queryspace <gen:0>
22:43:21.441 [Test worker] DEBUG org.hibernate.loader.plan.build.spi.LoadPlanTreePrinter - LoadPlan(entity=ro.vovinam.logic.model.user.User)
    - Returns
       - EntityReturnImpl(entity=ro.vovinam.logic.model.user.User, querySpaceUid=<gen:0>, path=ro.vovinam.logic.model.user.User)
    - QuerySpaces
       - EntityQuerySpaceImpl(uid=<gen:0>, entity=ro.vovinam.logic.model.user.User)
          - SQL table alias mapping - user0_
          - alias suffix - 0_
          - suffixed key columns - {id1_0_0_}

22:43:21.442 [Test worker] DEBUG org.hibernate.loader.entity.plan.EntityLoader - Static select for entity ro.vovinam.logic.model.user.User [NONE]: select user0_.id as id1_0_0_, user0_.createDate as createDa2_0_0_, user0_.lastUpdateUserName as lastUpda3_0_0_, user0_.updateDate as updateDa4_0_0_, user0_.email as email5_0_0_, user0_.firstName as firstNam6_0_0_, user0_.lastName as lastName7_0_0_, user0_.password as password8_0_0_, user0_.userName as userName9_0_0_ from user user0_ where user0_.id=?
22:43:21.443 [Test worker] DEBUG org.hibernate.loader.plan.build.internal.spaces.QuerySpacesImpl - Adding QuerySpace : uid = <gen:0> -> org.hibernate.loader.plan.build.internal.spaces.EntityQuerySpaceImpl@5cc34170]
22:43:21.443 [Test worker] DEBUG org.hibernate.persister.walking.spi.MetamodelGraphWalker - Visiting attribute path : createDate
22:43:21.443 [Test worker] DEBUG org.hibernate.persister.walking.spi.MetamodelGraphWalker - Visiting attribute path : lastUpdateUserName
22:43:21.443 [Test worker] DEBUG org.hibernate.persister.walking.spi.MetamodelGraphWalker - Visiting attribute path : updateDate
22:43:21.443 [Test worker] DEBUG org.hibernate.persister.walking.spi.MetamodelGraphWalker - Visiting attribute path : email
22:43:21.443 [Test worker] DEBUG org.hibernate.persister.walking.spi.MetamodelGraphWalker - Visiting attribute path : firstName
22:43:21.443 [Test worker] DEBUG org.hibernate.persister.walking.spi.MetamodelGraphWalker - Visiting attribute path : lastName
22:43:21.443 [Test worker] DEBUG org.hibernate.persister.walking.spi.MetamodelGraphWalker - Visiting attribute path : password
22:43:21.443 [Test worker] DEBUG org.hibernate.persister.walking.spi.MetamodelGraphWalker - Visiting attribute path : userName
22:43:21.443 [Test worker] DEBUG org.hibernate.loader.plan.build.internal.FetchStyleLoadPlanBuildingAssociationVisitationStrategy - Building LoadPlan...
22:43:21.443 [Test worker] DEBUG org.hibernate.loader.plan.exec.internal.LoadQueryJoinAndFetchProcessor - processing queryspace <gen:0>
22:43:21.443 [Test worker] DEBUG org.hibernate.loader.plan.build.spi.LoadPlanTreePrinter - LoadPlan(entity=ro.vovinam.logic.model.user.User)
    - Returns
       - EntityReturnImpl(entity=ro.vovinam.logic.model.user.User, querySpaceUid=<gen:0>, path=ro.vovinam.logic.model.user.User)
    - QuerySpaces
       - EntityQuerySpaceImpl(uid=<gen:0>, entity=ro.vovinam.logic.model.user.User)
          - SQL table alias mapping - user0_
          - alias suffix - 0_
          - suffixed key columns - {id1_0_0_}

22:43:21.444 [Test worker] DEBUG org.hibernate.loader.entity.plan.EntityLoader - Static select for entity ro.vovinam.logic.model.user.User [READ]: select user0_.id as id1_0_0_, user0_.createDate as createDa2_0_0_, user0_.lastUpdateUserName as lastUpda3_0_0_, user0_.updateDate as updateDa4_0_0_, user0_.email as email5_0_0_, user0_.firstName as firstNam6_0_0_, user0_.lastName as lastName7_0_0_, user0_.password as password8_0_0_, user0_.userName as userName9_0_0_ from user user0_ where user0_.id=?
22:43:21.444 [Test worker] DEBUG org.hibernate.loader.plan.build.internal.spaces.QuerySpacesImpl - Adding QuerySpace : uid = <gen:0> -> org.hibernate.loader.plan.build.internal.spaces.EntityQuerySpaceImpl@2581a07f]
22:43:21.444 [Test worker] DEBUG org.hibernate.persister.walking.spi.MetamodelGraphWalker - Visiting attribute path : createDate
22:43:21.444 [Test worker] DEBUG org.hibernate.persister.walking.spi.MetamodelGraphWalker - Visiting attribute path : lastUpdateUserName
22:43:21.444 [Test worker] DEBUG org.hibernate.persister.walking.spi.MetamodelGraphWalker - Visiting attribute path : updateDate
22:43:21.444 [Test worker] DEBUG org.hibernate.persister.walking.spi.MetamodelGraphWalker - Visiting attribute path : email
22:43:21.444 [Test worker] DEBUG org.hibernate.persister.walking.spi.MetamodelGraphWalker - Visiting attribute path : firstName
22:43:21.444 [Test worker] DEBUG org.hibernate.persister.walking.spi.MetamodelGraphWalker - Visiting attribute path : lastName
22:43:21.444 [Test worker] DEBUG org.hibernate.persister.walking.spi.MetamodelGraphWalker - Visiting attribute path : password
22:43:21.444 [Test worker] DEBUG org.hibernate.persister.walking.spi.MetamodelGraphWalker - Visiting attribute path : userName
22:43:21.444 [Test worker] DEBUG org.hibernate.loader.plan.build.internal.FetchStyleLoadPlanBuildingAssociationVisitationStrategy - Building LoadPlan...
22:43:21.444 [Test worker] DEBUG org.hibernate.loader.plan.exec.internal.LoadQueryJoinAndFetchProcessor - processing queryspace <gen:0>
22:43:21.444 [Test worker] DEBUG org.hibernate.loader.plan.build.spi.LoadPlanTreePrinter - LoadPlan(entity=ro.vovinam.logic.model.user.User)
    - Returns
       - EntityReturnImpl(entity=ro.vovinam.logic.model.user.User, querySpaceUid=<gen:0>, path=ro.vovinam.logic.model.user.User)
    - QuerySpaces
       - EntityQuerySpaceImpl(uid=<gen:0>, entity=ro.vovinam.logic.model.user.User)
          - SQL table alias mapping - user0_
          - alias suffix - 0_
          - suffixed key columns - {id1_0_0_}

22:43:21.444 [Test worker] DEBUG org.hibernate.loader.entity.plan.EntityLoader - Static select for entity ro.vovinam.logic.model.user.User [UPGRADE]: select user0_.id as id1_0_0_, user0_.createDate as createDa2_0_0_, user0_.lastUpdateUserName as lastUpda3_0_0_, user0_.updateDate as updateDa4_0_0_, user0_.email as email5_0_0_, user0_.firstName as firstNam6_0_0_, user0_.lastName as lastName7_0_0_, user0_.password as password8_0_0_, user0_.userName as userName9_0_0_ from user user0_ where user0_.id=? for update
22:43:21.445 [Test worker] DEBUG org.hibernate.loader.plan.build.internal.spaces.QuerySpacesImpl - Adding QuerySpace : uid = <gen:0> -> org.hibernate.loader.plan.build.internal.spaces.EntityQuerySpaceImpl@2ce5ff14]
22:43:21.445 [Test worker] DEBUG org.hibernate.persister.walking.spi.MetamodelGraphWalker - Visiting attribute path : createDate
22:43:21.445 [Test worker] DEBUG org.hibernate.persister.walking.spi.MetamodelGraphWalker - Visiting attribute path : lastUpdateUserName
22:43:21.445 [Test worker] DEBUG org.hibernate.persister.walking.spi.MetamodelGraphWalker - Visiting attribute path : updateDate
22:43:21.445 [Test worker] DEBUG org.hibernate.persister.walking.spi.MetamodelGraphWalker - Visiting attribute path : email
22:43:21.445 [Test worker] DEBUG org.hibernate.persister.walking.spi.MetamodelGraphWalker - Visiting attribute path : firstName
22:43:21.445 [Test worker] DEBUG org.hibernate.persister.walking.spi.MetamodelGraphWalker - Visiting attribute path : lastName
22:43:21.445 [Test worker] DEBUG org.hibernate.persister.walking.spi.MetamodelGraphWalker - Visiting attribute path : password
22:43:21.445 [Test worker] DEBUG org.hibernate.persister.walking.spi.MetamodelGraphWalker - Visiting attribute path : userName
22:43:21.445 [Test worker] DEBUG org.hibernate.loader.plan.build.internal.FetchStyleLoadPlanBuildingAssociationVisitationStrategy - Building LoadPlan...
22:43:21.445 [Test worker] DEBUG org.hibernate.loader.plan.exec.internal.LoadQueryJoinAndFetchProcessor - processing queryspace <gen:0>
22:43:21.445 [Test worker] DEBUG org.hibernate.loader.plan.build.spi.LoadPlanTreePrinter - LoadPlan(entity=ro.vovinam.logic.model.user.User)
    - Returns
       - EntityReturnImpl(entity=ro.vovinam.logic.model.user.User, querySpaceUid=<gen:0>, path=ro.vovinam.logic.model.user.User)
    - QuerySpaces
       - EntityQuerySpaceImpl(uid=<gen:0>, entity=ro.vovinam.logic.model.user.User)
          - SQL table alias mapping - user0_
          - alias suffix - 0_
          - suffixed key columns - {id1_0_0_}

22:43:21.445 [Test worker] DEBUG org.hibernate.loader.entity.plan.EntityLoader - Static select for entity ro.vovinam.logic.model.user.User [UPGRADE_NOWAIT]: select user0_.id as id1_0_0_, user0_.createDate as createDa2_0_0_, user0_.lastUpdateUserName as lastUpda3_0_0_, user0_.updateDate as updateDa4_0_0_, user0_.email as email5_0_0_, user0_.firstName as firstNam6_0_0_, user0_.lastName as lastName7_0_0_, user0_.password as password8_0_0_, user0_.userName as userName9_0_0_ from user user0_ where user0_.id=? for update
22:43:21.445 [Test worker] DEBUG org.hibernate.loader.plan.build.internal.spaces.QuerySpacesImpl - Adding QuerySpace : uid = <gen:0> -> org.hibernate.loader.plan.build.internal.spaces.EntityQuerySpaceImpl@341c5ce6]
22:43:21.446 [Test worker] DEBUG org.hibernate.persister.walking.spi.MetamodelGraphWalker - Visiting attribute path : createDate
22:43:21.446 [Test worker] DEBUG org.hibernate.persister.walking.spi.MetamodelGraphWalker - Visiting attribute path : lastUpdateUserName
22:43:21.446 [Test worker] DEBUG org.hibernate.persister.walking.spi.MetamodelGraphWalker - Visiting attribute path : updateDate
22:43:21.446 [Test worker] DEBUG org.hibernate.persister.walking.spi.MetamodelGraphWalker - Visiting attribute path : email
22:43:21.446 [Test worker] DEBUG org.hibernate.persister.walking.spi.MetamodelGraphWalker - Visiting attribute path : firstName
22:43:21.446 [Test worker] DEBUG org.hibernate.persister.walking.spi.MetamodelGraphWalker - Visiting attribute path : lastName
22:43:21.446 [Test worker] DEBUG org.hibernate.persister.walking.spi.MetamodelGraphWalker - Visiting attribute path : password
22:43:21.446 [Test worker] DEBUG org.hibernate.persister.walking.spi.MetamodelGraphWalker - Visiting attribute path : userName
22:43:21.446 [Test worker] DEBUG org.hibernate.loader.plan.build.internal.FetchStyleLoadPlanBuildingAssociationVisitationStrategy - Building LoadPlan...
22:43:21.446 [Test worker] DEBUG org.hibernate.loader.plan.exec.internal.LoadQueryJoinAndFetchProcessor - processing queryspace <gen:0>
22:43:21.446 [Test worker] DEBUG org.hibernate.loader.plan.build.spi.LoadPlanTreePrinter - LoadPlan(entity=ro.vovinam.logic.model.user.User)
    - Returns
       - EntityReturnImpl(entity=ro.vovinam.logic.model.user.User, querySpaceUid=<gen:0>, path=ro.vovinam.logic.model.user.User)
    - QuerySpaces
       - EntityQuerySpaceImpl(uid=<gen:0>, entity=ro.vovinam.logic.model.user.User)
          - SQL table alias mapping - user0_
          - alias suffix - 0_
          - suffixed key columns - {id1_0_0_}

22:43:21.447 [Test worker] DEBUG org.hibernate.loader.entity.plan.EntityLoader - Static select for entity ro.vovinam.logic.model.user.User [UPGRADE_SKIPLOCKED]: select user0_.id as id1_0_0_, user0_.createDate as createDa2_0_0_, user0_.lastUpdateUserName as lastUpda3_0_0_, user0_.updateDate as updateDa4_0_0_, user0_.email as email5_0_0_, user0_.firstName as firstNam6_0_0_, user0_.lastName as lastName7_0_0_, user0_.password as password8_0_0_, user0_.userName as userName9_0_0_ from user user0_ where user0_.id=? for update
22:43:21.447 [Test worker] DEBUG org.hibernate.loader.plan.build.internal.spaces.QuerySpacesImpl - Adding QuerySpace : uid = <gen:0> -> org.hibernate.loader.plan.build.internal.spaces.EntityQuerySpaceImpl@28317ce]
22:43:21.447 [Test worker] DEBUG org.hibernate.persister.walking.spi.MetamodelGraphWalker - Visiting attribute path : createDate
22:43:21.447 [Test worker] DEBUG org.hibernate.persister.walking.spi.MetamodelGraphWalker - Visiting attribute path : lastUpdateUserName
22:43:21.447 [Test worker] DEBUG org.hibernate.persister.walking.spi.MetamodelGraphWalker - Visiting attribute path : updateDate
22:43:21.447 [Test worker] DEBUG org.hibernate.persister.walking.spi.MetamodelGraphWalker - Visiting attribute path : email
22:43:21.447 [Test worker] DEBUG org.hibernate.persister.walking.spi.MetamodelGraphWalker - Visiting attribute path : firstName
22:43:21.447 [Test worker] DEBUG org.hibernate.persister.walking.spi.MetamodelGraphWalker - Visiting attribute path : lastName
22:43:21.447 [Test worker] DEBUG org.hibernate.persister.walking.spi.MetamodelGraphWalker - Visiting attribute path : password
22:43:21.447 [Test worker] DEBUG org.hibernate.persister.walking.spi.MetamodelGraphWalker - Visiting attribute path : userName
22:43:21.447 [Test worker] DEBUG org.hibernate.loader.plan.build.internal.FetchStyleLoadPlanBuildingAssociationVisitationStrategy - Building LoadPlan...
22:43:21.448 [Test worker] DEBUG org.hibernate.loader.plan.exec.internal.LoadQueryJoinAndFetchProcessor - processing queryspace <gen:0>
22:43:21.448 [Test worker] DEBUG org.hibernate.loader.plan.build.spi.LoadPlanTreePrinter - LoadPlan(entity=ro.vovinam.logic.model.user.User)
    - Returns
       - EntityReturnImpl(entity=ro.vovinam.logic.model.user.User, querySpaceUid=<gen:0>, path=ro.vovinam.logic.model.user.User)
    - QuerySpaces
       - EntityQuerySpaceImpl(uid=<gen:0>, entity=ro.vovinam.logic.model.user.User)
          - SQL table alias mapping - user0_
          - alias suffix - 0_
          - suffixed key columns - {id1_0_0_}

22:43:21.448 [Test worker] DEBUG org.hibernate.loader.entity.plan.EntityLoader - Static select for entity ro.vovinam.logic.model.user.User [FORCE]: select user0_.id as id1_0_0_, user0_.createDate as createDa2_0_0_, user0_.lastUpdateUserName as lastUpda3_0_0_, user0_.updateDate as updateDa4_0_0_, user0_.email as email5_0_0_, user0_.firstName as firstNam6_0_0_, user0_.lastName as lastName7_0_0_, user0_.password as password8_0_0_, user0_.userName as userName9_0_0_ from user user0_ where user0_.id=? for update
22:43:21.448 [Test worker] DEBUG org.hibernate.loader.plan.build.internal.spaces.QuerySpacesImpl - Adding QuerySpace : uid = <gen:0> -> org.hibernate.loader.plan.build.internal.spaces.EntityQuerySpaceImpl@7c9a3428]
22:43:21.448 [Test worker] DEBUG org.hibernate.persister.walking.spi.MetamodelGraphWalker - Visiting attribute path : createDate
22:43:21.449 [Test worker] DEBUG org.hibernate.persister.walking.spi.MetamodelGraphWalker - Visiting attribute path : lastUpdateUserName
22:43:21.449 [Test worker] DEBUG org.hibernate.persister.walking.spi.MetamodelGraphWalker - Visiting attribute path : updateDate
22:43:21.449 [Test worker] DEBUG org.hibernate.persister.walking.spi.MetamodelGraphWalker - Visiting attribute path : email
22:43:21.449 [Test worker] DEBUG org.hibernate.persister.walking.spi.MetamodelGraphWalker - Visiting attribute path : firstName
22:43:21.449 [Test worker] DEBUG org.hibernate.persister.walking.spi.MetamodelGraphWalker - Visiting attribute path : lastName
22:43:21.449 [Test worker] DEBUG org.hibernate.persister.walking.spi.MetamodelGraphWalker - Visiting attribute path : password
22:43:21.449 [Test worker] DEBUG org.hibernate.persister.walking.spi.MetamodelGraphWalker - Visiting attribute path : userName
22:43:21.449 [Test worker] DEBUG org.hibernate.loader.plan.build.internal.FetchStyleLoadPlanBuildingAssociationVisitationStrategy - Building LoadPlan...
22:43:21.449 [Test worker] DEBUG org.hibernate.loader.plan.exec.internal.LoadQueryJoinAndFetchProcessor - processing queryspace <gen:0>
22:43:21.449 [Test worker] DEBUG org.hibernate.loader.plan.build.spi.LoadPlanTreePrinter - LoadPlan(entity=ro.vovinam.logic.model.user.User)
    - Returns
       - EntityReturnImpl(entity=ro.vovinam.logic.model.user.User, querySpaceUid=<gen:0>, path=ro.vovinam.logic.model.user.User)
    - QuerySpaces
       - EntityQuerySpaceImpl(uid=<gen:0>, entity=ro.vovinam.logic.model.user.User)
          - SQL table alias mapping - user0_
          - alias suffix - 0_
          - suffixed key columns - {id1_0_0_}

22:43:21.450 [Test worker] DEBUG org.hibernate.loader.entity.plan.EntityLoader - Static select for entity ro.vovinam.logic.model.user.User [PESSIMISTIC_READ]: select user0_.id as id1_0_0_, user0_.createDate as createDa2_0_0_, user0_.lastUpdateUserName as lastUpda3_0_0_, user0_.updateDate as updateDa4_0_0_, user0_.email as email5_0_0_, user0_.firstName as firstNam6_0_0_, user0_.lastName as lastName7_0_0_, user0_.password as password8_0_0_, user0_.userName as userName9_0_0_ from user user0_ where user0_.id=? for update
22:43:21.450 [Test worker] DEBUG org.hibernate.loader.plan.build.internal.spaces.QuerySpacesImpl - Adding QuerySpace : uid = <gen:0> -> org.hibernate.loader.plan.build.internal.spaces.EntityQuerySpaceImpl@d66a629]
22:43:21.450 [Test worker] DEBUG org.hibernate.persister.walking.spi.MetamodelGraphWalker - Visiting attribute path : createDate
22:43:21.450 [Test worker] DEBUG org.hibernate.persister.walking.spi.MetamodelGraphWalker - Visiting attribute path : lastUpdateUserName
22:43:21.450 [Test worker] DEBUG org.hibernate.persister.walking.spi.MetamodelGraphWalker - Visiting attribute path : updateDate
22:43:21.450 [Test worker] DEBUG org.hibernate.persister.walking.spi.MetamodelGraphWalker - Visiting attribute path : email
22:43:21.450 [Test worker] DEBUG org.hibernate.persister.walking.spi.MetamodelGraphWalker - Visiting attribute path : firstName
22:43:21.450 [Test worker] DEBUG org.hibernate.persister.walking.spi.MetamodelGraphWalker - Visiting attribute path : lastName
22:43:21.450 [Test worker] DEBUG org.hibernate.persister.walking.spi.MetamodelGraphWalker - Visiting attribute path : password
22:43:21.450 [Test worker] DEBUG org.hibernate.persister.walking.spi.MetamodelGraphWalker - Visiting attribute path : userName
22:43:21.450 [Test worker] DEBUG org.hibernate.loader.plan.build.internal.FetchStyleLoadPlanBuildingAssociationVisitationStrategy - Building LoadPlan...
22:43:21.450 [Test worker] DEBUG org.hibernate.loader.plan.exec.internal.LoadQueryJoinAndFetchProcessor - processing queryspace <gen:0>
22:43:21.451 [Test worker] DEBUG org.hibernate.loader.plan.build.spi.LoadPlanTreePrinter - LoadPlan(entity=ro.vovinam.logic.model.user.User)
    - Returns
       - EntityReturnImpl(entity=ro.vovinam.logic.model.user.User, querySpaceUid=<gen:0>, path=ro.vovinam.logic.model.user.User)
    - QuerySpaces
       - EntityQuerySpaceImpl(uid=<gen:0>, entity=ro.vovinam.logic.model.user.User)
          - SQL table alias mapping - user0_
          - alias suffix - 0_
          - suffixed key columns - {id1_0_0_}

22:43:21.451 [Test worker] DEBUG org.hibernate.loader.entity.plan.EntityLoader - Static select for entity ro.vovinam.logic.model.user.User [PESSIMISTIC_WRITE]: select user0_.id as id1_0_0_, user0_.createDate as createDa2_0_0_, user0_.lastUpdateUserName as lastUpda3_0_0_, user0_.updateDate as updateDa4_0_0_, user0_.email as email5_0_0_, user0_.firstName as firstNam6_0_0_, user0_.lastName as lastName7_0_0_, user0_.password as password8_0_0_, user0_.userName as userName9_0_0_ from user user0_ where user0_.id=? for update
22:43:21.451 [Test worker] DEBUG org.hibernate.loader.plan.build.internal.spaces.QuerySpacesImpl - Adding QuerySpace : uid = <gen:0> -> org.hibernate.loader.plan.build.internal.spaces.EntityQuerySpaceImpl@37677d65]
22:43:21.451 [Test worker] DEBUG org.hibernate.persister.walking.spi.MetamodelGraphWalker - Visiting attribute path : createDate
22:43:21.451 [Test worker] DEBUG org.hibernate.persister.walking.spi.MetamodelGraphWalker - Visiting attribute path : lastUpdateUserName
22:43:21.451 [Test worker] DEBUG org.hibernate.persister.walking.spi.MetamodelGraphWalker - Visiting attribute path : updateDate
22:43:21.451 [Test worker] DEBUG org.hibernate.persister.walking.spi.MetamodelGraphWalker - Visiting attribute path : email
22:43:21.451 [Test worker] DEBUG org.hibernate.persister.walking.spi.MetamodelGraphWalker - Visiting attribute path : firstName
22:43:21.451 [Test worker] DEBUG org.hibernate.persister.walking.spi.MetamodelGraphWalker - Visiting attribute path : lastName
22:43:21.451 [Test worker] DEBUG org.hibernate.persister.walking.spi.MetamodelGraphWalker - Visiting attribute path : password
22:43:21.451 [Test worker] DEBUG org.hibernate.persister.walking.spi.MetamodelGraphWalker - Visiting attribute path : userName
22:43:21.451 [Test worker] DEBUG org.hibernate.loader.plan.build.internal.FetchStyleLoadPlanBuildingAssociationVisitationStrategy - Building LoadPlan...
22:43:21.452 [Test worker] DEBUG org.hibernate.loader.plan.exec.internal.LoadQueryJoinAndFetchProcessor - processing queryspace <gen:0>
22:43:21.452 [Test worker] DEBUG org.hibernate.loader.plan.build.spi.LoadPlanTreePrinter - LoadPlan(entity=ro.vovinam.logic.model.user.User)
    - Returns
       - EntityReturnImpl(entity=ro.vovinam.logic.model.user.User, querySpaceUid=<gen:0>, path=ro.vovinam.logic.model.user.User)
    - QuerySpaces
       - EntityQuerySpaceImpl(uid=<gen:0>, entity=ro.vovinam.logic.model.user.User)
          - SQL table alias mapping - user0_
          - alias suffix - 0_
          - suffixed key columns - {id1_0_0_}

22:43:21.452 [Test worker] DEBUG org.hibernate.loader.entity.plan.EntityLoader - Static select for entity ro.vovinam.logic.model.user.User [PESSIMISTIC_FORCE_INCREMENT]: select user0_.id as id1_0_0_, user0_.createDate as createDa2_0_0_, user0_.lastUpdateUserName as lastUpda3_0_0_, user0_.updateDate as updateDa4_0_0_, user0_.email as email5_0_0_, user0_.firstName as firstNam6_0_0_, user0_.lastName as lastName7_0_0_, user0_.password as password8_0_0_, user0_.userName as userName9_0_0_ from user user0_ where user0_.id=? for update
22:43:21.452 [Test worker] DEBUG org.hibernate.loader.plan.build.internal.spaces.QuerySpacesImpl - Adding QuerySpace : uid = <gen:0> -> org.hibernate.loader.plan.build.internal.spaces.EntityQuerySpaceImpl@17a2cbe1]
22:43:21.452 [Test worker] DEBUG org.hibernate.persister.walking.spi.MetamodelGraphWalker - Visiting attribute path : createDate
22:43:21.452 [Test worker] DEBUG org.hibernate.persister.walking.spi.MetamodelGraphWalker - Visiting attribute path : lastUpdateUserName
22:43:21.452 [Test worker] DEBUG org.hibernate.persister.walking.spi.MetamodelGraphWalker - Visiting attribute path : updateDate
22:43:21.452 [Test worker] DEBUG org.hibernate.persister.walking.spi.MetamodelGraphWalker - Visiting attribute path : email
22:43:21.452 [Test worker] DEBUG org.hibernate.persister.walking.spi.MetamodelGraphWalker - Visiting attribute path : firstName
22:43:21.453 [Test worker] DEBUG org.hibernate.persister.walking.spi.MetamodelGraphWalker - Visiting attribute path : lastName
22:43:21.453 [Test worker] DEBUG org.hibernate.persister.walking.spi.MetamodelGraphWalker - Visiting attribute path : password
22:43:21.453 [Test worker] DEBUG org.hibernate.persister.walking.spi.MetamodelGraphWalker - Visiting attribute path : userName
22:43:21.453 [Test worker] DEBUG org.hibernate.loader.plan.build.internal.FetchStyleLoadPlanBuildingAssociationVisitationStrategy - Building LoadPlan...
22:43:21.453 [Test worker] DEBUG org.hibernate.loader.plan.exec.internal.LoadQueryJoinAndFetchProcessor - processing queryspace <gen:0>
22:43:21.453 [Test worker] DEBUG org.hibernate.loader.plan.build.spi.LoadPlanTreePrinter - LoadPlan(entity=ro.vovinam.logic.model.user.User)
    - Returns
       - EntityReturnImpl(entity=ro.vovinam.logic.model.user.User, querySpaceUid=<gen:0>, path=ro.vovinam.logic.model.user.User)
    - QuerySpaces
       - EntityQuerySpaceImpl(uid=<gen:0>, entity=ro.vovinam.logic.model.user.User)
          - SQL table alias mapping - user0_
          - alias suffix - 0_
          - suffixed key columns - {id1_0_0_}

22:43:21.453 [Test worker] DEBUG org.hibernate.loader.entity.plan.EntityLoader - Static select for entity ro.vovinam.logic.model.user.User [OPTIMISTIC]: select user0_.id as id1_0_0_, user0_.createDate as createDa2_0_0_, user0_.lastUpdateUserName as lastUpda3_0_0_, user0_.updateDate as updateDa4_0_0_, user0_.email as email5_0_0_, user0_.firstName as firstNam6_0_0_, user0_.lastName as lastName7_0_0_, user0_.password as password8_0_0_, user0_.userName as userName9_0_0_ from user user0_ where user0_.id=?
22:43:21.453 [Test worker] DEBUG org.hibernate.loader.plan.build.internal.spaces.QuerySpacesImpl - Adding QuerySpace : uid = <gen:0> -> org.hibernate.loader.plan.build.internal.spaces.EntityQuerySpaceImpl@84b7342]
22:43:21.454 [Test worker] DEBUG org.hibernate.persister.walking.spi.MetamodelGraphWalker - Visiting attribute path : createDate
22:43:21.454 [Test worker] DEBUG org.hibernate.persister.walking.spi.MetamodelGraphWalker - Visiting attribute path : lastUpdateUserName
22:43:21.454 [Test worker] DEBUG org.hibernate.persister.walking.spi.MetamodelGraphWalker - Visiting attribute path : updateDate
22:43:21.454 [Test worker] DEBUG org.hibernate.persister.walking.spi.MetamodelGraphWalker - Visiting attribute path : email
22:43:21.454 [Test worker] DEBUG org.hibernate.persister.walking.spi.MetamodelGraphWalker - Visiting attribute path : firstName
22:43:21.454 [Test worker] DEBUG org.hibernate.persister.walking.spi.MetamodelGraphWalker - Visiting attribute path : lastName
22:43:21.454 [Test worker] DEBUG org.hibernate.persister.walking.spi.MetamodelGraphWalker - Visiting attribute path : password
22:43:21.454 [Test worker] DEBUG org.hibernate.persister.walking.spi.MetamodelGraphWalker - Visiting attribute path : userName
22:43:21.454 [Test worker] DEBUG org.hibernate.loader.plan.build.internal.FetchStyleLoadPlanBuildingAssociationVisitationStrategy - Building LoadPlan...
22:43:21.454 [Test worker] DEBUG org.hibernate.loader.plan.exec.internal.LoadQueryJoinAndFetchProcessor - processing queryspace <gen:0>
22:43:21.454 [Test worker] DEBUG org.hibernate.loader.plan.build.spi.LoadPlanTreePrinter - LoadPlan(entity=ro.vovinam.logic.model.user.User)
    - Returns
       - EntityReturnImpl(entity=ro.vovinam.logic.model.user.User, querySpaceUid=<gen:0>, path=ro.vovinam.logic.model.user.User)
    - QuerySpaces
       - EntityQuerySpaceImpl(uid=<gen:0>, entity=ro.vovinam.logic.model.user.User)
          - SQL table alias mapping - user0_
          - alias suffix - 0_
          - suffixed key columns - {id1_0_0_}

22:43:21.454 [Test worker] DEBUG org.hibernate.loader.entity.plan.EntityLoader - Static select for entity ro.vovinam.logic.model.user.User [OPTIMISTIC_FORCE_INCREMENT]: select user0_.id as id1_0_0_, user0_.createDate as createDa2_0_0_, user0_.lastUpdateUserName as lastUpda3_0_0_, user0_.updateDate as updateDa4_0_0_, user0_.email as email5_0_0_, user0_.firstName as firstNam6_0_0_, user0_.lastName as lastName7_0_0_, user0_.password as password8_0_0_, user0_.userName as userName9_0_0_ from user user0_ where user0_.id=?
22:43:21.471 [Test worker] DEBUG org.hibernate.loader.Loader - Static select for action ACTION_MERGE on entity ro.vovinam.logic.model.user.User: select user0_.id as id1_0_0_, user0_.createDate as createDa2_0_0_, user0_.lastUpdateUserName as lastUpda3_0_0_, user0_.updateDate as updateDa4_0_0_, user0_.email as email5_0_0_, user0_.firstName as firstNam6_0_0_, user0_.lastName as lastName7_0_0_, user0_.password as password8_0_0_, user0_.userName as userName9_0_0_ from user user0_ where user0_.id=?
22:43:21.472 [Test worker] DEBUG org.hibernate.loader.Loader - Static select for action ACTION_REFRESH on entity ro.vovinam.logic.model.user.User: select user0_.id as id1_0_0_, user0_.createDate as createDa2_0_0_, user0_.lastUpdateUserName as lastUpda3_0_0_, user0_.updateDate as updateDa4_0_0_, user0_.email as email5_0_0_, user0_.firstName as firstNam6_0_0_, user0_.lastName as lastName7_0_0_, user0_.password as password8_0_0_, user0_.userName as userName9_0_0_ from user user0_ where user0_.id=?
22:43:21.512 [Test worker] DEBUG org.springframework.jdbc.datasource.SimpleDriverDataSource - Creating new JDBC Driver Connection to [jdbc:hsqldb:mem:testdb]
22:43:21.553 [Test worker] DEBUG org.hibernate.SQL - create table user (id bigint not null, createDate timestamp, lastUpdateUserName varchar(255), updateDate timestamp, email varchar(255), firstName varchar(255), lastName varchar(255), password varchar(255), userName varchar(255), primary key (id))
22:43:21.554 [Test worker] DEBUG org.hibernate.SQL - create sequence hibernate_sequence start with 1 increment by 1
22:43:21.555 [Test worker] DEBUG org.hibernate.engine.transaction.jta.platform.internal.JtaPlatformInitiator - No JtaPlatform was specified, checking resolver
22:43:21.555 [Test worker] DEBUG org.hibernate.engine.transaction.jta.platform.internal.JtaPlatformResolverInitiator - No JtaPlatformResolver was specified, using default [org.hibernate.engine.transaction.jta.platform.internal.StandardJtaPlatformResolver]
22:43:21.559 [Test worker] DEBUG org.hibernate.engine.transaction.jta.platform.internal.StandardJtaPlatformResolver - Could not resolve JtaPlatform, using default [org.hibernate.engine.transaction.jta.platform.internal.NoJtaPlatform]
22:43:21.560 [Test worker] DEBUG org.hibernate.query.spi.NamedQueryRepository - Checking 0 named HQL queries
22:43:21.560 [Test worker] DEBUG org.hibernate.query.spi.NamedQueryRepository - Checking 0 named SQL queries
22:43:21.562 [Test worker] DEBUG org.hibernate.internal.SessionFactoryRegistry - Initializing SessionFactoryRegistry : org.hibernate.internal.SessionFactoryRegistry@240e48d0
22:43:21.562 [Test worker] DEBUG org.hibernate.internal.SessionFactoryRegistry - Registering SessionFactory: aab58efb-a32b-4912-bd9a-609bf5f8bf1a (<unnamed>)
22:43:21.562 [Test worker] DEBUG org.hibernate.internal.SessionFactoryRegistry - Not binding SessionFactory to JNDI, no JNDI name configured
22:43:21.562 [Test worker] INFO org.springframework.orm.jpa.LocalContainerEntityManagerFactoryBean - Initialized JPA EntityManagerFactory for persistence unit 'default'
22:43:21.567 [Test worker] DEBUG org.springframework.beans.factory.support.DefaultListableBeanFactory - Eagerly caching bean 'entityManagerFactory' to allow for resolving potential circular references
22:43:21.575 [Test worker] DEBUG org.springframework.beans.factory.support.DefaultListableBeanFactory - Returning cached instance of singleton bean 'org.springframework.transaction.config.internalTransactionAdvisor'
22:43:21.576 [Test worker] DEBUG org.springframework.beans.factory.support.DefaultListableBeanFactory - Finished creating instance of bean 'entityManagerFactory'
22:43:21.593 [Test worker] DEBUG org.springframework.beans.factory.support.DefaultListableBeanFactory - Returning cached instance of singleton bean 'org.springframework.transaction.config.internalTransactionAdvisor'
22:43:21.594 [Test worker] DEBUG org.springframework.beans.factory.support.DefaultListableBeanFactory - Finished creating instance of bean '(inner bean)#bcd3470'
22:43:21.594 [Test worker] DEBUG org.springframework.beans.factory.support.DefaultListableBeanFactory - Creating shared instance of singleton bean 'jpaMappingContext'
22:43:21.594 [Test worker] DEBUG org.springframework.beans.factory.support.DefaultListableBeanFactory - Creating instance of bean 'jpaMappingContext'
22:43:21.594 [Test worker] DEBUG org.springframework.beans.factory.support.DefaultListableBeanFactory - Eagerly caching bean 'jpaMappingContext' to allow for resolving potential circular references
22:43:21.603 [Test worker] DEBUG org.springframework.beans.factory.support.DefaultListableBeanFactory - Invoking afterPropertiesSet() on bean with name 'jpaMappingContext'
22:43:21.603 [Test worker] DEBUG org.springframework.beans.factory.support.DefaultListableBeanFactory - Returning cached instance of singleton bean 'org.springframework.transaction.config.internalTransactionAdvisor'
22:43:21.604 [Test worker] DEBUG org.springframework.beans.factory.support.DefaultListableBeanFactory - Returning eagerly cached instance of singleton bean 'jpaMappingContext' that is not fully initialized yet - a consequence of a circular reference
22:43:21.604 [Test worker] DEBUG org.springframework.beans.factory.support.DefaultListableBeanFactory - Returning cached instance of singleton bean 'entityManagerFactory'
22:43:21.645 [Test worker] DEBUG org.springframework.beans.factory.support.DefaultListableBeanFactory - Finished creating instance of bean 'jpaMappingContext'
22:43:21.645 [Test worker] DEBUG org.springframework.beans.factory.support.DefaultListableBeanFactory - Returning cached instance of singleton bean 'org.springframework.transaction.config.internalTransactionAdvisor'
22:43:21.648 [Test worker] DEBUG org.springframework.beans.factory.support.DefaultListableBeanFactory - Invoking afterPropertiesSet() on bean with name 'userRepository'
22:43:21.652 [Test worker] DEBUG org.springframework.orm.jpa.SharedEntityManagerCreator$SharedEntityManagerInvocationHandler - Creating new EntityManager for shared EntityManager invocation
22:43:21.713 [Test worker] DEBUG org.hibernate.stat.internal.StatisticsInitiator - Statistics initialized [enabled=false]
22:43:21.720 [Test worker] DEBUG org.springframework.orm.jpa.EntityManagerFactoryUtils - Closing JPA EntityManager
22:43:21.722 [Test worker] DEBUG org.springframework.orm.jpa.SharedEntityManagerCreator$SharedEntityManagerInvocationHandler - Creating new EntityManager for shared EntityManager invocation
22:43:21.722 [Test worker] DEBUG org.springframework.orm.jpa.EntityManagerFactoryUtils - Closing JPA EntityManager
22:43:21.738 [Test worker] DEBUG org.springframework.orm.jpa.SharedEntityManagerCreator$SharedEntityManagerInvocationHandler - Creating new EntityManager for shared EntityManager invocation
22:43:21.738 [Test worker] DEBUG org.springframework.orm.jpa.EntityManagerFactoryUtils - Closing JPA EntityManager
22:43:21.743 [Test worker] DEBUG org.springframework.aop.framework.JdkDynamicAopProxy - Creating JDK dynamic proxy: target source is org.springframework.data.jpa.repository.support.CrudMethodMetadataPostProcessor$ThreadBoundTargetSource@3288e5c3
22:43:21.764 [Test worker] DEBUG org.springframework.orm.jpa.SharedEntityManagerCreator$SharedEntityManagerInvocationHandler - Creating new EntityManager for shared EntityManager invocation
22:43:21.764 [Test worker] DEBUG org.springframework.orm.jpa.EntityManagerFactoryUtils - Closing JPA EntityManager
22:43:21.766 [Test worker] DEBUG org.springframework.aop.framework.JdkDynamicAopProxy - Creating JDK dynamic proxy: target source is SingletonTargetSource for target object [org.springframework.data.jpa.repository.support.SimpleJpaRepository@71efdb26]
22:43:21.770 [Test worker] DEBUG org.springframework.beans.factory.support.DefaultListableBeanFactory - Returning cached instance of singleton bean 'org.springframework.transaction.config.internalTransactionAdvisor'
22:43:21.770 [Test worker] DEBUG org.springframework.beans.factory.support.DefaultListableBeanFactory - Finished creating instance of bean 'userRepository'
22:43:21.770 [Test worker] DEBUG org.springframework.beans.factory.support.DefaultListableBeanFactory - Returning cached instance of singleton bean 'org.springframework.transaction.config.internalTransactionAdvisor'
22:43:21.771 [Test worker] DEBUG org.springframework.beans.factory.annotation.AutowiredAnnotationBeanPostProcessor - Autowiring by type from bean name 'userServiceImpl' to bean named 'userRepository'
22:43:21.771 [Test worker] DEBUG org.springframework.beans.factory.support.DefaultListableBeanFactory - Returning cached instance of singleton bean 'org.springframework.transaction.config.internalTransactionAdvisor'
22:43:21.772 [Test worker] DEBUG org.springframework.beans.factory.support.DefaultListableBeanFactory - Finished creating instance of bean 'userServiceImpl'
22:43:21.772 [Test worker] DEBUG org.springframework.beans.factory.support.DefaultListableBeanFactory - Returning cached instance of singleton bean 'org.springframework.transaction.annotation.ProxyTransactionManagementConfiguration'
22:43:21.772 [Test worker] DEBUG org.springframework.beans.factory.support.DefaultListableBeanFactory - Returning cached instance of singleton bean 'org.springframework.transaction.config.internalTransactionAdvisor'
22:43:21.772 [Test worker] DEBUG org.springframework.beans.factory.support.DefaultListableBeanFactory - Returning cached instance of singleton bean 'transactionAttributeSource'
22:43:21.772 [Test worker] DEBUG org.springframework.beans.factory.support.DefaultListableBeanFactory - Returning cached instance of singleton bean 'transactionInterceptor'
22:43:21.772 [Test worker] DEBUG org.springframework.beans.factory.support.DefaultListableBeanFactory - Creating shared instance of singleton bean 'org.springframework.transaction.config.internalTransactionalEventListenerFactory'
22:43:21.772 [Test worker] DEBUG org.springframework.beans.factory.support.DefaultListableBeanFactory - Creating instance of bean 'org.springframework.transaction.config.internalTransactionalEventListenerFactory'
22:43:21.772 [Test worker] DEBUG org.springframework.beans.factory.support.DefaultListableBeanFactory - Returning cached instance of singleton bean 'org.springframework.transaction.annotation.ProxyTransactionManagementConfiguration'
22:43:21.774 [Test worker] DEBUG org.springframework.beans.factory.support.DefaultListableBeanFactory - Eagerly caching bean 'org.springframework.transaction.config.internalTransactionalEventListenerFactory' to allow for resolving potential circular references
22:43:21.778 [Test worker] DEBUG org.springframework.beans.factory.support.DefaultListableBeanFactory - Returning cached instance of singleton bean 'org.springframework.transaction.config.internalTransactionAdvisor'
22:43:21.778 [Test worker] DEBUG org.springframework.beans.factory.support.DefaultListableBeanFactory - Finished creating instance of bean 'org.springframework.transaction.config.internalTransactionalEventListenerFactory'
22:43:21.778 [Test worker] DEBUG org.springframework.beans.factory.support.DefaultListableBeanFactory - Returning cached instance of singleton bean 'entityManagerFactory'
22:43:21.779 [Test worker] DEBUG org.springframework.beans.factory.support.DefaultListableBeanFactory - Returning cached instance of singleton bean 'dataSource'
22:43:21.779 [Test worker] DEBUG org.springframework.beans.factory.support.DefaultListableBeanFactory - Creating shared instance of singleton bean 'jpaTransMan'
22:43:21.779 [Test worker] DEBUG org.springframework.beans.factory.support.DefaultListableBeanFactory - Creating instance of bean 'jpaTransMan'
22:43:21.779 [Test worker] DEBUG org.springframework.beans.factory.support.DefaultListableBeanFactory - Returning cached instance of singleton bean 'storageConfig'
22:43:21.782 [Test worker] DEBUG org.springframework.beans.factory.support.DefaultListableBeanFactory - Returning cached instance of singleton bean 'entityManagerFactory'
22:43:21.786 [Test worker] DEBUG org.springframework.beans.factory.support.DefaultListableBeanFactory - Eagerly caching bean 'jpaTransMan' to allow for resolving potential circular references
22:43:21.797 [Test worker] DEBUG org.springframework.beans.factory.support.DefaultListableBeanFactory - Invoking afterPropertiesSet() on bean with name 'jpaTransMan'
22:43:21.797 [Test worker] DEBUG org.springframework.beans.factory.support.DefaultListableBeanFactory - Returning cached instance of singleton bean 'org.springframework.transaction.config.internalTransactionAdvisor'
22:43:21.797 [Test worker] DEBUG org.springframework.beans.factory.support.DefaultListableBeanFactory - Finished creating instance of bean 'jpaTransMan'
22:43:21.798 [Test worker] DEBUG org.springframework.beans.factory.support.DefaultListableBeanFactory - Returning cached instance of singleton bean 'org.springframework.data.repository.core.support.RepositoryInterfaceAwareBeanPostProcessor'
22:43:21.798 [Test worker] DEBUG org.springframework.beans.factory.support.DefaultListableBeanFactory - Returning cached instance of singleton bean 'emBeanDefinitionRegistrarPostProcessor'
22:43:21.798 [Test worker] DEBUG org.springframework.beans.factory.support.DefaultListableBeanFactory - Returning cached instance of singleton bean 'jpaMappingContext'
22:43:21.798 [Test worker] DEBUG org.springframework.beans.factory.support.DefaultListableBeanFactory - Creating shared instance of singleton bean 'jpaContext'
22:43:21.798 [Test worker] DEBUG org.springframework.beans.factory.support.DefaultListableBeanFactory - Creating instance of bean 'jpaContext'
22:43:21.799 [Test worker] DEBUG org.springframework.beans.factory.support.DefaultListableBeanFactory - Creating shared instance of singleton bean 'org.springframework.orm.jpa.SharedEntityManagerCreator#0'
22:43:21.800 [Test worker] DEBUG org.springframework.beans.factory.support.DefaultListableBeanFactory - Creating instance of bean 'org.springframework.orm.jpa.SharedEntityManagerCreator#0'
22:43:21.800 [Test worker] DEBUG org.springframework.beans.factory.support.DefaultListableBeanFactory - Returning cached instance of singleton bean 'entityManagerFactory'
22:43:21.800 [Test worker] DEBUG org.springframework.beans.factory.support.DefaultListableBeanFactory - Eagerly caching bean 'org.springframework.orm.jpa.SharedEntityManagerCreator#0' to allow for resolving potential circular references
22:43:21.801 [Test worker] DEBUG org.springframework.beans.factory.support.DefaultListableBeanFactory - Returning cached instance of singleton bean 'org.springframework.transaction.config.internalTransactionAdvisor'
22:43:21.801 [Test worker] DEBUG org.springframework.beans.factory.support.DefaultListableBeanFactory - Finished creating instance of bean 'org.springframework.orm.jpa.SharedEntityManagerCreator#0'
22:43:21.808 [Test worker] DEBUG org.springframework.beans.factory.support.DefaultListableBeanFactory - Autowiring by type from bean name 'jpaContext' via constructor to bean named 'org.springframework.orm.jpa.SharedEntityManagerCreator#0'
22:43:21.808 [Test worker] DEBUG org.springframework.beans.factory.support.DefaultListableBeanFactory - Eagerly caching bean 'jpaContext' to allow for resolving potential circular references
22:43:21.810 [Test worker] DEBUG org.springframework.beans.factory.support.DefaultListableBeanFactory - Returning cached instance of singleton bean 'org.springframework.transaction.config.internalTransactionAdvisor'
22:43:21.811 [Test worker] DEBUG org.springframework.beans.factory.support.DefaultListableBeanFactory - Finished creating instance of bean 'jpaContext'
22:43:21.811 [Test worker] DEBUG org.springframework.beans.factory.support.DefaultListableBeanFactory - Returning cached instance of singleton bean 'userRepository'
22:43:21.811 [Test worker] DEBUG org.springframework.beans.factory.support.DefaultListableBeanFactory - Returning cached instance of singleton bean 'org.springframework.aop.config.internalAutoProxyCreator'
22:43:21.811 [Test worker] DEBUG org.springframework.beans.factory.support.DefaultListableBeanFactory - Returning cached instance of singleton bean 'org.springframework.orm.jpa.SharedEntityManagerCreator#0'
22:43:21.811 [Test worker] DEBUG org.springframework.beans.factory.support.DefaultListableBeanFactory - Returning cached instance of singleton bean 'org.springframework.context.event.internalEventListenerFactory'
22:43:21.811 [Test worker] DEBUG org.springframework.beans.factory.support.DefaultListableBeanFactory - Returning cached instance of singleton bean 'org.springframework.transaction.config.internalTransactionalEventListenerFactory'
22:43:21.835 [Test worker] DEBUG org.springframework.context.support.GenericApplicationContext - Unable to locate LifecycleProcessor with name 'lifecycleProcessor': using default [org.springframework.context.support.DefaultLifecycleProcessor@2a30ef05]
22:43:21.836 [Test worker] DEBUG org.springframework.beans.factory.support.DefaultListableBeanFactory - Returning cached instance of singleton bean 'lifecycleProcessor'
22:43:21.838 [Test worker] DEBUG org.springframework.core.env.PropertySourcesPropertyResolver - Could not find key 'spring.liveBeansView.mbeanDomain' in any property source
22:43:21.840 [Test worker] DEBUG org.springframework.test.context.cache.DefaultCacheAwareContextLoaderDelegate - Storing ApplicationContext in cache under key [[MergedContextConfiguration@44d47a4 testClass = UserRepositoryTest, locations = '{}', classes = '{class ro.vovinam.logic.StorageConfig}', contextInitializerClasses = '[]', activeProfiles = '{}', propertySourceLocations = '{classpath:test.properties}', propertySourceProperties = '{}', contextCustomizers = set[[empty]], contextLoader = 'org.springframework.test.context.support.DelegatingSmartContextLoader', parent = [null]]]
22:43:21.840 [Test worker] DEBUG org.springframework.test.context.cache - Spring test ApplicationContext cache statistics: [DefaultContextCache@7aec1d7e size = 1, maxSize = 32, parentContextCount = 0, hitCount = 0, missCount = 1]
22:43:21.842 [Test worker] DEBUG org.springframework.beans.factory.annotation.InjectionMetadata - Processing injected element of bean 'ro.vovinam.logic.repository.UserRepositoryTest': AutowiredFieldElement for private ro.vovinam.logic.service.UserService ro.vovinam.logic.repository.UserRepositoryTest.userService
22:43:21.843 [Test worker] DEBUG org.springframework.beans.factory.support.DefaultListableBeanFactory - Returning cached instance of singleton bean 'userServiceImpl'
22:43:21.843 [Test worker] DEBUG org.springframework.beans.factory.annotation.AutowiredAnnotationBeanPostProcessor - Autowiring by type from bean name 'ro.vovinam.logic.repository.UserRepositoryTest' to bean named 'userServiceImpl'
22:43:21.843 [Test worker] DEBUG org.springframework.beans.factory.support.DefaultListableBeanFactory - Returning cached instance of singleton bean 'org.springframework.transaction.config.internalTransactionAdvisor'
22:43:21.847 [Test worker] DEBUG org.springframework.test.context.support.AbstractDirtiesContextTestExecutionListener - Before test method: context [DefaultTestContext@65e33557 testClass = UserRepositoryTest, testInstance = ro.vovinam.logic.repository.UserRepositoryTest@282d498e, testMethod = testSave@UserRepositoryTest, testException = [null], mergedContextConfiguration = [MergedContextConfiguration@44d47a4 testClass = UserRepositoryTest, locations = '{}', classes = '{class ro.vovinam.logic.StorageConfig}', contextInitializerClasses = '[]', activeProfiles = '{}', propertySourceLocations = '{classpath:test.properties}', propertySourceProperties = '{}', contextCustomizers = set[[empty]], contextLoader = 'org.springframework.test.context.support.DelegatingSmartContextLoader', parent = [null]]], class annotated with @DirtiesContext [false] with mode [null], method annotated with @DirtiesContext [false] with mode [null].
22:43:21.860 [Test worker] DEBUG org.springframework.data.repository.core.support.TransactionalRepositoryProxyPostProcessor$CustomAnnotationTransactionAttributeSource - Adding transactional method 'save' with attribute: PROPAGATION_REQUIRED,ISOLATION_DEFAULT; ''
22:43:21.861 [Test worker] DEBUG org.springframework.beans.factory.support.DefaultListableBeanFactory - Returning cached instance of singleton bean 'jpaTransMan'
22:43:21.863 [Test worker] DEBUG org.springframework.orm.jpa.JpaTransactionManager - Creating new transaction with name [org.springframework.data.jpa.repository.support.SimpleJpaRepository.save]: PROPAGATION_REQUIRED,ISOLATION_DEFAULT; ''
22:43:21.863 [Test worker] DEBUG org.springframework.orm.jpa.JpaTransactionManager - Opened new EntityManager [SessionImpl(PersistenceContext[entityKeys=[],collectionKeys=[]];ActionQueue[insertions=ExecutableList{size=0} updates=ExecutableList{size=0} deletions=ExecutableList{size=0} orphanRemovals=ExecutableList{size=0} collectionCreations=ExecutableList{size=0} collectionRemovals=ExecutableList{size=0} collectionUpdates=ExecutableList{size=0} collectionQueuedOps=ExecutableList{size=0} unresolvedInsertDependencies=null])] for JPA transaction
22:43:21.875 [Test worker] DEBUG org.hibernate.engine.transaction.internal.TransactionImpl - begin
22:43:21.875 [Test worker] DEBUG org.springframework.jdbc.datasource.SimpleDriverDataSource - Creating new JDBC Driver Connection to [jdbc:hsqldb:mem:testdb]
22:43:21.876 [Test worker] DEBUG org.springframework.orm.jpa.JpaTransactionManager - Exposing JPA transaction as JDBC transaction [org.springframework.orm.jpa.vendor.HibernateJpaDialect$HibernateConnectionHandle@17f22583]
22:43:21.882 [Test worker] DEBUG org.hibernate.SQL - call next value for hibernate_sequence
22:43:21.889 [Test worker] DEBUG org.hibernate.id.enhanced.SequenceStructure - Sequence value obtained: 1
22:43:21.889 [Test worker] DEBUG org.hibernate.resource.jdbc.internal.ResourceRegistryStandardImpl - HHH000387: ResultSet's statement was not registered
22:43:21.889 [Test worker] DEBUG org.hibernate.event.internal.AbstractSaveEventListener - Generated identifier: 1, using strategy: org.hibernate.id.enhanced.SequenceStyleGenerator
22:43:21.903 [Test worker] DEBUG org.springframework.orm.jpa.JpaTransactionManager - Initiating transaction commit
22:43:21.904 [Test worker] DEBUG org.springframework.orm.jpa.JpaTransactionManager - Committing JPA transaction on EntityManager [SessionImpl(PersistenceContext[entityKeys=[EntityKey[ro.vovinam.logic.model.user.User#1]],collectionKeys=[]];ActionQueue[insertions=ExecutableList{size=1} updates=ExecutableList{size=0} deletions=ExecutableList{size=0} orphanRemovals=ExecutableList{size=0} collectionCreations=ExecutableList{size=0} collectionRemovals=ExecutableList{size=0} collectionUpdates=ExecutableList{size=0} collectionQueuedOps=ExecutableList{size=0} unresolvedInsertDependencies=null])]
22:43:21.904 [Test worker] DEBUG org.hibernate.engine.transaction.internal.TransactionImpl - committing
22:43:21.905 [Test worker] DEBUG org.hibernate.event.internal.AbstractFlushingEventListener - Processing flush-time cascades
22:43:21.905 [Test worker] DEBUG org.hibernate.event.internal.AbstractFlushingEventListener - Dirty checking collections
22:43:21.907 [Test worker] DEBUG org.hibernate.event.internal.AbstractFlushingEventListener - Flushed: 1 insertions, 0 updates, 0 deletions to 1 objects
22:43:21.907 [Test worker] DEBUG org.hibernate.event.internal.AbstractFlushingEventListener - Flushed: 0 (re)creations, 0 updates, 0 removals to 0 collections
22:43:21.908 [Test worker] DEBUG org.hibernate.internal.util.EntityPrinter - Listing entities:
22:43:21.908 [Test worker] DEBUG org.hibernate.internal.util.EntityPrinter - ro.vovinam.logic.model.user.User{firstName=null, lastName=null, updateDate=null, password=null, id=1, userName=test, email=test, createDate=null, lastUpdateUserName=null}
22:43:21.917 [Test worker] DEBUG org.hibernate.SQL - insert into user (createDate, lastUpdateUserName, updateDate, email, firstName, lastName, password, userName, id) values (?, ?, ?, ?, ?, ?, ?, ?, ?)
22:43:21.921 [Test worker] DEBUG org.springframework.orm.jpa.JpaTransactionManager - Closing JPA EntityManager [SessionImpl(PersistenceContext[entityKeys=[EntityKey[ro.vovinam.logic.model.user.User#1]],collectionKeys=[]];ActionQueue[insertions=ExecutableList{size=0} updates=ExecutableList{size=0} deletions=ExecutableList{size=0} orphanRemovals=ExecutableList{size=0} collectionCreations=ExecutableList{size=0} collectionRemovals=ExecutableList{size=0} collectionUpdates=ExecutableList{size=0} collectionQueuedOps=ExecutableList{size=0} unresolvedInsertDependencies=null])] after transaction
22:43:21.921 [Test worker] DEBUG org.springframework.orm.jpa.EntityManagerFactoryUtils - Closing JPA EntityManager
22:43:21.921 [Test worker] DEBUG org.hibernate.engine.jdbc.internal.JdbcCoordinatorImpl - HHH000420: Closing un-released batch
22:43:21.921 [Test worker] DEBUG org.springframework.test.context.support.AbstractDirtiesContextTestExecutionListener - After test method: context [DefaultTestContext@65e33557 testClass = UserRepositoryTest, testInstance = ro.vovinam.logic.repository.UserRepositoryTest@282d498e, testMethod = testSave@UserRepositoryTest, testException = [null], mergedContextConfiguration = [MergedContextConfiguration@44d47a4 testClass = UserRepositoryTest, locations = '{}', classes = '{class ro.vovinam.logic.StorageConfig}', contextInitializerClasses = '[]', activeProfiles = '{}', propertySourceLocations = '{classpath:test.properties}', propertySourceProperties = '{}', contextCustomizers = set[[empty]], contextLoader = 'org.springframework.test.context.support.DelegatingSmartContextLoader', parent = [null]]], class annotated with @DirtiesContext [false] with mode [null], method annotated with @DirtiesContext [false] with mode [null].
22:43:21.922 [Test worker] DEBUG org.springframework.test.context.support.AbstractDirtiesContextTestExecutionListener - After test class: context [DefaultTestContext@65e33557 testClass = UserRepositoryTest, testInstance = [null], testMethod = [null], testException = [null], mergedContextConfiguration = [MergedContextConfiguration@44d47a4 testClass = UserRepositoryTest, locations = '{}', classes = '{class ro.vovinam.logic.StorageConfig}', contextInitializerClasses = '[]', activeProfiles = '{}', propertySourceLocations = '{classpath:test.properties}', propertySourceProperties = '{}', contextCustomizers = set[[empty]], contextLoader = 'org.springframework.test.context.support.DelegatingSmartContextLoader', parent = [null]]], class annotated with @DirtiesContext [false] with mode [null].
]]></system-out>
  <system-err><![CDATA[]]></system-err>
</testsuite>
